#
# A fatal error has been detected by the Java Runtime Environment:
#
#  SIGSEGV (0xb) at pc=0x00007fff2fa5e924, pid=2356, tid=775
#
# JRE version: Java(TM) SE Runtime Environment (14.0.2+12) (build 14.0.2+12-46)
# Java VM: Java HotSpot(TM) 64-Bit Server VM (14.0.2+12-46, mixed mode, sharing, tiered, compressed oops, g1 gc, bsd-amd64)
# Problematic frame:
# C  [HIToolbox+0x27924]  _ZNK22THIThemeTextInfoFinder10GetOptionsEv+0x8
#
# No core dump will be written. Core dumps have been disabled. To enable core dumping, try "ulimit -c unlimited" before starting Java again
#
# If you would like to submit a bug report, please visit:
#   https://bugreport.java.com/bugreport/crash.jsp
#

---------------  S U M M A R Y ------------

Command Line: -Dfile.encoding=UTF-8 -Duser.country=CZ -Duser.language=en -Duser.variant cz.educanet.Main

Host: MacBookPro9,2 x86_64 2500 MHz, 4 cores, 8G, Darwin 19.6.0
Time: Fri Jun  4 09:44:04 2021 CEST elapsed time: 11 seconds (0d 0h 0m 11s)

---------------  T H R E A D  ---------------

Current thread is native thread

Stack: [0x00007ffeec19f000,0x00007ffeec99f000],  sp=0x00007ffeec99b550,  free space=8177k
Native frames: (J=compiled Java code, A=aot compiled Java code, j=interpreted, Vv=VM code, C=native code)
C  [HIToolbox+0x27924]  _ZNK22THIThemeTextInfoFinder10GetOptionsEv+0x8
C  [HIToolbox+0x2784e]  _ZN15TCoreTextEngine12VerifyLayoutEP16THIThemeTextInfoff12LayoutIntent+0x34
C  [HIToolbox+0x2775b]  _ZN15TCoreTextEngine22GetThemeTextDimensionsEdP16THIThemeTextInfoPdS2_S2_+0x2b
C  [HIToolbox+0x26247]  _ZN10DataEngine17GetTextDimensionsEPKvdP15HIThemeTextInfoPdS4_S4_+0x10f
C  [HIToolbox+0x26106]  HIThemeGetTextDimensions+0xbc
C  [HIToolbox+0x25a51]  _ZN13HIMenuBarView16MeasureMenuTitleEP8MenuDatahPfi+0x1ab
C  [HIToolbox+0x257de]  _ZN13HIMenuBarView15MeasureAppMenusEv+0xe6
C  [HIToolbox+0x25367]  _ZN13HIMenuBarView15EnsureBarLayoutEv+0x1a3
C  [HIToolbox+0x24c77]  _ZN13HIMenuBarView8DrawOnceE6CGRectS0_bbP9CGContext+0x243
C  [HIToolbox+0x2494e]  _ZN13HIMenuBarView8DrawSelfEsPK9__HIShapeP9CGContext+0x23a
C  [HIToolbox+0x243b6]  _ZN13HIMenuBarView24DrawWithoutCustomizationEsPK9__HIShapeP9CGContext+0x52
C  [HIToolbox+0x2434e]  _ZN13HIMenuBarView22DrawingDelegateHandlerEP25OpaqueEventHandlerCallRefP14OpaqueEventRefPv+0x102
C  [HIToolbox+0x88ff]  _ZL23DispatchEventToHandlersP14EventTargetRecP14OpaqueEventRefP14HandlerCallRec+0x4e6
C  [HIToolbox+0x7d8d]  _ZL30SendEventToEventTargetInternalP14OpaqueEventRefP20OpaqueEventTargetRefP14HandlerCallRec+0x149
C  [HIToolbox+0x7c3d]  SendEventToEventTargetWithOptions+0x2d
C  [HIToolbox+0x23ecd]  _ZN6HIView8SendDrawEsP13OpaqueGrafPtrPK9__HIShapeP9CGContext+0x145
C  [HIToolbox+0x23967]  _ZN6HIView23RecursiveDrawCompositedEPK9__HIShapeS2_jPS_P9CGContexthd+0x23f
C  [HIToolbox+0x23b61]  _ZN6HIView23RecursiveDrawCompositedEPK9__HIShapeS2_jPS_P9CGContexthd+0x439
C  [HIToolbox+0x23399]  _ZN6HIView14DrawCompositedEsP13OpaqueGrafPtrPK9__HIShapejPS_P9CGContext+0x32f
C  [HIToolbox+0x2305b]  _ZN6HIView6RenderEjP9CGContext+0x33
C  [HIToolbox+0x3af2b]  _ZL17FlushWindowObjectP10WindowDataPPvh+0x2ed
C  [HIToolbox+0x3a96b]  _ZL15FlushAllBuffersP19__CFRunLoopObservermPv+0x132
C  [CoreFoundation+0x8383c]  __CFRUNLOOP_IS_CALLING_OUT_TO_AN_OBSERVER_CALLBACK_FUNCTION__+0x17
C  [CoreFoundation+0x8376c]  __CFRunLoopDoObservers+0x1c9
C  [CoreFoundation+0x82e2b]  __CFRunLoopRun+0x49b
C  [CoreFoundation+0x82333]  CFRunLoopRunSpecific+0x1d2
C  [libjli.dylib+0x65c1]  CreateExecutionEnvironment+0x18f
C  [libjli.dylib+0x2752]  JLI_Launch+0x54a
C  [java+0xca5]  main+0x16f
C  [libdyld.dylib+0x1acc9]  start+0x1


siginfo: si_signo: 11 (SIGSEGV), si_code: 1 (SEGV_MAPERR), si_addr: 0x0000000000000012

Register to memory mapping:

RAX=0x0 is NULL
RBX=
[error occurred during error reporting (printing register info), id 0xb, SIGSEGV (0xb) at pc=0x0000000104af57ea]

Registers:
RAX=0x0000000000000000, RBX=0x00007fc56164d530, RCX=0x00007ffeec99b678, RDX=0x0000000000000000
RSP=0x00007ffeec99b550, RBP=0x00007ffeec99b550, RSI=0x00007fc5615568b0, RDI=0x00007fc5615568b0
R8 =0x00007ffeec99b680, R9 =0x0000000000000000, R10=0x00007fc561600000, R11=0x00007fc56164d670
R12=0x0000000000000000, R13=0x00007ffeec99b678, R14=0x00007fc5615568b0, R15=0x00007ffeec99b670
RIP=0x00007fff2fa5e924, EFLAGS=0x0000000000010202, ERR=0x0000000000000004
  TRAPNO=0x000000000000000e

Top of Stack: (sp=0x00007ffeec99b550)
0x00007ffeec99b550:   00007ffeec99b590 00007fff2fa5e84e
0x00007ffeec99b560:   7f7fffff00000000 00007fc5615568b0
0x00007ffeec99b570:   00007ffeec99b680 00007ffeec99b678
0x00007ffeec99b580:   00007fc56164d530 00007ffeec99b670
0x00007ffeec99b590:   00007ffeec99b5d0 00007fff2fa5e75b
0x00007ffeec99b5a0:   00007fff883519b0 00007fc56164d530
0x00007ffeec99b5b0:   00007ffeec99b5e8 00007fc56164cdb0
0x00007ffeec99b5c0:   00007fc5615568b0 0000000000000064
0x00007ffeec99b5d0:   00007ffeec99b660 00007fff2fa5d247
0x00007ffeec99b5e0:   0000000000000006 0000000000000000
0x00007ffeec99b5f0:   00007ffe00000001 00007fff30ea7d32
0x00007ffeec99b600:   0000000000000006 0000000000000000
0x00007ffeec99b610:   00007fc561514870 47efffffe0000000
0x00007ffeec99b620:   00007ffeec99b680 00007ffeec99b678
0x00007ffeec99b630:   00007ffeec99b670 0000000000000000
0x00007ffeec99b640:   00007fc5614709c0 0000000103add798
0x00007ffeec99b650:   0000000000000000 00007ffeec99b700
0x00007ffeec99b660:   00007ffeec99b6a0 00007fff2fa5d106
0x00007ffeec99b670:   00007fc561514870 00007fc56147c680
0x00007ffeec99b680:   00007fc5614709c0 00007fc56164cdb0
0x00007ffeec99b690:   00007ffeec99b6b8 0000000000000002
0x00007ffeec99b6a0:   00007ffeec99b730 00007fff2fa5ca51
0x00007ffeec99b6b0:   0002000000000002 0000000100000000
0x00007ffeec99b6c0:   0000000000000064 0002010200000000
0x00007ffeec99b6d0:   0000000000010000 0000000000000000
0x00007ffeec99b6e0:   0000000000000000 00007fc56156fd30
0x00007ffeec99b6f0:   0000000103add798 0000000100000000
0x00007ffeec99b700:   0000000000000000 0000000000000002
0x00007ffeec99b710:   00007fc56147c680 0000000000000000
0x00007ffeec99b720:   0000000000000000 00007fc56156fd30
0x00007ffeec99b730:   00007ffeec99b770 00007fff2fa5c7de
0x00007ffeec99b740:   0000000000000003 42b6000042380000 

Instructions: (pc=0x00007fff2fa5e924)
0x00007fff2fa5e824:   41 54 53 50 41 89 d4 f3 0f 11 4d d0 49 89 f6 48
0x00007fff2fa5e834:   89 fb 0f 57 c9 0f 2e c1 75 02 7b 28 f3 0f 11 45
0x00007fff2fa5e844:   d4 49 8b 06 4c 89 f7 ff 50 48 0f ba e0 13 73 0f
0x00007fff2fa5e854:   f3 0f 10 45 d4 f3 0f 58 05 73 1a 28 00 eb 05 f3
0x00007fff2fa5e864:   0f 10 45 d4 f3 0f 11 45 d4 0f b6 53 30 48 89 df
0x00007fff2fa5e874:   4c 89 f6 e8 b0 00 00 00 41 89 c7 4c 8d 6b 50 4c
0x00007fff2fa5e884:   89 ef e8 69 f1 ff ff 84 c0 74 20 48 89 df 44 89
0x00007fff2fa5e894:   fe 4c 89 f2 f3 0f 10 45 d4 f3 0f 10 4d d0 44 89
0x00007fff2fa5e8a4:   e1 e8 6e 42 00 00 83 f8 01 75 5b 4c 89 ef e8 3d
0x00007fff2fa5e8b4:   f1 ff ff 84 c0 74 13 48 8d 7b 38 e8 62 44 05 00
0x00007fff2fa5e8c4:   4c 89 ef 31 f6 e8 7e 04 00 00 0f 57 c9 f3 0f 10
0x00007fff2fa5e8d4:   45 d4 0f 2e c1 75 0e 7a 0c 8a 43 30 84 c0 74 05
0x00007fff2fa5e8e4:   e8 1b 52 27 00 48 89 df 4c 89 f6 f3 0f 10 4d d0
0x00007fff2fa5e8f4:   44 89 fa 48 83 c4 08 5b 41 5c 41 5d 41 5e 41 5f
0x00007fff2fa5e904:   5d e9 a8 00 00 00 31 c0 48 83 c4 08 5b 41 5c 41
0x00007fff2fa5e914:   5d 41 5e 41 5f 5d c3 90 55 48 89 e5 48 8b 47 08
0x00007fff2fa5e924:   8b 40 12 5d c3 90 90 90 55 48 89 e5 41 56 53 41
0x00007fff2fa5e934:   89 d6 0f 57 c9 0f 2e c1 75 02 7b 3a 48 89 f3 48
0x00007fff2fa5e944:   8b 06 48 89 f7 ff 50 48 a8 01 75 2a 48 8b 03 48
0x00007fff2fa5e954:   89 df ff 50 50 85 c0 74 28 48 8b 03 48 89 df ff
0x00007fff2fa5e964:   50 58 31 c9 83 f8 01 0f 95 c1 85 c0 b8 02 00 00
0x00007fff2fa5e974:   00 0f 45 c1 eb 06 41 0f b6 c6 01 c0 5b 41 5e 5d
0x00007fff2fa5e984:   c3 b8 02 00 00 00 eb f4 55 48 89 e5 48 8b 47 08
0x00007fff2fa5e994:   8b 40 16 5d c3 90 55 48 89 e5 48 8b 47 08 8b 40
0x00007fff2fa5e9a4:   1a 5d c3 90 90 90 90 90 90 90 90 90 90 90 55 48
0x00007fff2fa5e9b4:   89 e5 41 57 41 56 41 54 53 48 83 ec 10 49 89 f6
0x00007fff2fa5e9c4:   49 89 fc 83 fa 02 f3 0f 11 45 dc 74 1e 83 fa 01
0x00007fff2fa5e9d4:   74 26 45 31 ff 85 d2 75 2d 4c 89 e7 4c 89 f6 f3
0x00007fff2fa5e9e4:   0f 10 45 dc e8 57 00 00 00 eb 18 4c 89 e7 4c 89
0x00007fff2fa5e9f4:   f6 e8 78 4f 0a 00 eb 0b 4c 89 e7 4c 89 f6 e8 db
0x00007fff2fa5ea04:   4c 0a 00 41 89 c7 49 8d 5c 24 50 48 89 df be 01
0x00007fff2fa5ea14:   00 00 00 e8 0a 03 00 00 48 89 df 4c 89 f6 e8 25 


Stack slot to memory mapping:
stack at sp + 0 slots: 
[error occurred during error reporting (inspecting top of stack), id 0xb, SIGSEGV (0xb) at pc=0x0000000104af57ea]


---------------  P R O C E S S  ---------------

VM state:not at safepoint (normal execution)

VM Mutex/Monitor currently owned by a thread: None

Heap address: 0x0000000780000000, size: 2048 MB, Compressed Oops mode: Zero based, Oop shift amount: 3
Narrow klass base: 0x0000000800000000, Narrow klass shift: 3
Compressed class space size: 1073741824 Address: 0x0000000800b05000

Heap:
 garbage-first heap   total 133120K, used 5936K [0x0000000780000000, 0x0000000800000000)
  region size 1024K, 6 young (6144K), 0 survivors (0K)
 Metaspace       used 2258K, capacity 5508K, committed 5632K, reserved 1056768K
  class space    used 178K, capacity 479K, committed 512K, reserved 1048576K
Heap Regions: E=young(eden), S=young(survivor), O=old, HS=humongous(starts), HC=humongous(continues), CS=collection set, F=free, OA=open archive, CA=closed archive, TAMS=top-at-mark-start (previous, next)
|   0|0x0000000780000000, 0x0000000780000000, 0x0000000780100000|  0%| F|  |TAMS 0x0000000780000000, 0x0000000780000000| Untracked 
|   1|0x0000000780100000, 0x0000000780100000, 0x0000000780200000|  0%| F|  |TAMS 0x0000000780100000, 0x0000000780100000| Untracked 
|   2|0x0000000780200000, 0x0000000780200000, 0x0000000780300000|  0%| F|  |TAMS 0x0000000780200000, 0x0000000780200000| Untracked 
|   3|0x0000000780300000, 0x0000000780300000, 0x0000000780400000|  0%| F|  |TAMS 0x0000000780300000, 0x0000000780300000| Untracked 
|   4|0x0000000780400000, 0x0000000780400000, 0x0000000780500000|  0%| F|  |TAMS 0x0000000780400000, 0x0000000780400000| Untracked 
|   5|0x0000000780500000, 0x0000000780500000, 0x0000000780600000|  0%| F|  |TAMS 0x0000000780500000, 0x0000000780500000| Untracked 
|   6|0x0000000780600000, 0x0000000780600000, 0x0000000780700000|  0%| F|  |TAMS 0x0000000780600000, 0x0000000780600000| Untracked 
|   7|0x0000000780700000, 0x0000000780700000, 0x0000000780800000|  0%| F|  |TAMS 0x0000000780700000, 0x0000000780700000| Untracked 
|   8|0x0000000780800000, 0x0000000780800000, 0x0000000780900000|  0%| F|  |TAMS 0x0000000780800000, 0x0000000780800000| Untracked 
|   9|0x0000000780900000, 0x0000000780900000, 0x0000000780a00000|  0%| F|  |TAMS 0x0000000780900000, 0x0000000780900000| Untracked 
|  10|0x0000000780a00000, 0x0000000780a00000, 0x0000000780b00000|  0%| F|  |TAMS 0x0000000780a00000, 0x0000000780a00000| Untracked 
|  11|0x0000000780b00000, 0x0000000780b00000, 0x0000000780c00000|  0%| F|  |TAMS 0x0000000780b00000, 0x0000000780b00000| Untracked 
|  12|0x0000000780c00000, 0x0000000780c00000, 0x0000000780d00000|  0%| F|  |TAMS 0x0000000780c00000, 0x0000000780c00000| Untracked 
|  13|0x0000000780d00000, 0x0000000780d00000, 0x0000000780e00000|  0%| F|  |TAMS 0x0000000780d00000, 0x0000000780d00000| Untracked 
|  14|0x0000000780e00000, 0x0000000780e00000, 0x0000000780f00000|  0%| F|  |TAMS 0x0000000780e00000, 0x0000000780e00000| Untracked 
|  15|0x0000000780f00000, 0x0000000780f00000, 0x0000000781000000|  0%| F|  |TAMS 0x0000000780f00000, 0x0000000780f00000| Untracked 
|  16|0x0000000781000000, 0x0000000781000000, 0x0000000781100000|  0%| F|  |TAMS 0x0000000781000000, 0x0000000781000000| Untracked 
|  17|0x0000000781100000, 0x0000000781100000, 0x0000000781200000|  0%| F|  |TAMS 0x0000000781100000, 0x0000000781100000| Untracked 
|  18|0x0000000781200000, 0x0000000781200000, 0x0000000781300000|  0%| F|  |TAMS 0x0000000781200000, 0x0000000781200000| Untracked 
|  19|0x0000000781300000, 0x0000000781300000, 0x0000000781400000|  0%| F|  |TAMS 0x0000000781300000, 0x0000000781300000| Untracked 
|  20|0x0000000781400000, 0x0000000781400000, 0x0000000781500000|  0%| F|  |TAMS 0x0000000781400000, 0x0000000781400000| Untracked 
|  21|0x0000000781500000, 0x0000000781500000, 0x0000000781600000|  0%| F|  |TAMS 0x0000000781500000, 0x0000000781500000| Untracked 
|  22|0x0000000781600000, 0x0000000781600000, 0x0000000781700000|  0%| F|  |TAMS 0x0000000781600000, 0x0000000781600000| Untracked 
|  23|0x0000000781700000, 0x0000000781700000, 0x0000000781800000|  0%| F|  |TAMS 0x0000000781700000, 0x0000000781700000| Untracked 
|  24|0x0000000781800000, 0x0000000781800000, 0x0000000781900000|  0%| F|  |TAMS 0x0000000781800000, 0x0000000781800000| Untracked 
|  25|0x0000000781900000, 0x0000000781900000, 0x0000000781a00000|  0%| F|  |TAMS 0x0000000781900000, 0x0000000781900000| Untracked 
|  26|0x0000000781a00000, 0x0000000781a00000, 0x0000000781b00000|  0%| F|  |TAMS 0x0000000781a00000, 0x0000000781a00000| Untracked 
|  27|0x0000000781b00000, 0x0000000781b00000, 0x0000000781c00000|  0%| F|  |TAMS 0x0000000781b00000, 0x0000000781b00000| Untracked 
|  28|0x0000000781c00000, 0x0000000781c00000, 0x0000000781d00000|  0%| F|  |TAMS 0x0000000781c00000, 0x0000000781c00000| Untracked 
|  29|0x0000000781d00000, 0x0000000781d00000, 0x0000000781e00000|  0%| F|  |TAMS 0x0000000781d00000, 0x0000000781d00000| Untracked 
|  30|0x0000000781e00000, 0x0000000781e00000, 0x0000000781f00000|  0%| F|  |TAMS 0x0000000781e00000, 0x0000000781e00000| Untracked 
|  31|0x0000000781f00000, 0x0000000781f00000, 0x0000000782000000|  0%| F|  |TAMS 0x0000000781f00000, 0x0000000781f00000| Untracked 
|  32|0x0000000782000000, 0x0000000782000000, 0x0000000782100000|  0%| F|  |TAMS 0x0000000782000000, 0x0000000782000000| Untracked 
|  33|0x0000000782100000, 0x0000000782100000, 0x0000000782200000|  0%| F|  |TAMS 0x0000000782100000, 0x0000000782100000| Untracked 
|  34|0x0000000782200000, 0x0000000782200000, 0x0000000782300000|  0%| F|  |TAMS 0x0000000782200000, 0x0000000782200000| Untracked 
|  35|0x0000000782300000, 0x0000000782300000, 0x0000000782400000|  0%| F|  |TAMS 0x0000000782300000, 0x0000000782300000| Untracked 
|  36|0x0000000782400000, 0x0000000782400000, 0x0000000782500000|  0%| F|  |TAMS 0x0000000782400000, 0x0000000782400000| Untracked 
|  37|0x0000000782500000, 0x0000000782500000, 0x0000000782600000|  0%| F|  |TAMS 0x0000000782500000, 0x0000000782500000| Untracked 
|  38|0x0000000782600000, 0x0000000782600000, 0x0000000782700000|  0%| F|  |TAMS 0x0000000782600000, 0x0000000782600000| Untracked 
|  39|0x0000000782700000, 0x0000000782700000, 0x0000000782800000|  0%| F|  |TAMS 0x0000000782700000, 0x0000000782700000| Untracked 
|  40|0x0000000782800000, 0x0000000782800000, 0x0000000782900000|  0%| F|  |TAMS 0x0000000782800000, 0x0000000782800000| Untracked 
|  41|0x0000000782900000, 0x0000000782900000, 0x0000000782a00000|  0%| F|  |TAMS 0x0000000782900000, 0x0000000782900000| Untracked 
|  42|0x0000000782a00000, 0x0000000782a00000, 0x0000000782b00000|  0%| F|  |TAMS 0x0000000782a00000, 0x0000000782a00000| Untracked 
|  43|0x0000000782b00000, 0x0000000782b00000, 0x0000000782c00000|  0%| F|  |TAMS 0x0000000782b00000, 0x0000000782b00000| Untracked 
|  44|0x0000000782c00000, 0x0000000782c00000, 0x0000000782d00000|  0%| F|  |TAMS 0x0000000782c00000, 0x0000000782c00000| Untracked 
|  45|0x0000000782d00000, 0x0000000782d00000, 0x0000000782e00000|  0%| F|  |TAMS 0x0000000782d00000, 0x0000000782d00000| Untracked 
|  46|0x0000000782e00000, 0x0000000782e00000, 0x0000000782f00000|  0%| F|  |TAMS 0x0000000782e00000, 0x0000000782e00000| Untracked 
|  47|0x0000000782f00000, 0x0000000782f00000, 0x0000000783000000|  0%| F|  |TAMS 0x0000000782f00000, 0x0000000782f00000| Untracked 
|  48|0x0000000783000000, 0x0000000783000000, 0x0000000783100000|  0%| F|  |TAMS 0x0000000783000000, 0x0000000783000000| Untracked 
|  49|0x0000000783100000, 0x0000000783100000, 0x0000000783200000|  0%| F|  |TAMS 0x0000000783100000, 0x0000000783100000| Untracked 
|  50|0x0000000783200000, 0x0000000783200000, 0x0000000783300000|  0%| F|  |TAMS 0x0000000783200000, 0x0000000783200000| Untracked 
|  51|0x0000000783300000, 0x0000000783300000, 0x0000000783400000|  0%| F|  |TAMS 0x0000000783300000, 0x0000000783300000| Untracked 
|  52|0x0000000783400000, 0x0000000783400000, 0x0000000783500000|  0%| F|  |TAMS 0x0000000783400000, 0x0000000783400000| Untracked 
|  53|0x0000000783500000, 0x0000000783500000, 0x0000000783600000|  0%| F|  |TAMS 0x0000000783500000, 0x0000000783500000| Untracked 
|  54|0x0000000783600000, 0x0000000783600000, 0x0000000783700000|  0%| F|  |TAMS 0x0000000783600000, 0x0000000783600000| Untracked 
|  55|0x0000000783700000, 0x0000000783700000, 0x0000000783800000|  0%| F|  |TAMS 0x0000000783700000, 0x0000000783700000| Untracked 
|  56|0x0000000783800000, 0x0000000783800000, 0x0000000783900000|  0%| F|  |TAMS 0x0000000783800000, 0x0000000783800000| Untracked 
|  57|0x0000000783900000, 0x0000000783900000, 0x0000000783a00000|  0%| F|  |TAMS 0x0000000783900000, 0x0000000783900000| Untracked 
|  58|0x0000000783a00000, 0x0000000783a00000, 0x0000000783b00000|  0%| F|  |TAMS 0x0000000783a00000, 0x0000000783a00000| Untracked 
|  59|0x0000000783b00000, 0x0000000783b00000, 0x0000000783c00000|  0%| F|  |TAMS 0x0000000783b00000, 0x0000000783b00000| Untracked 
|  60|0x0000000783c00000, 0x0000000783c00000, 0x0000000783d00000|  0%| F|  |TAMS 0x0000000783c00000, 0x0000000783c00000| Untracked 
|  61|0x0000000783d00000, 0x0000000783d00000, 0x0000000783e00000|  0%| F|  |TAMS 0x0000000783d00000, 0x0000000783d00000| Untracked 
|  62|0x0000000783e00000, 0x0000000783e00000, 0x0000000783f00000|  0%| F|  |TAMS 0x0000000783e00000, 0x0000000783e00000| Untracked 
|  63|0x0000000783f00000, 0x0000000783f00000, 0x0000000784000000|  0%| F|  |TAMS 0x0000000783f00000, 0x0000000783f00000| Untracked 
|  64|0x0000000784000000, 0x0000000784000000, 0x0000000784100000|  0%| F|  |TAMS 0x0000000784000000, 0x0000000784000000| Untracked 
|  65|0x0000000784100000, 0x0000000784100000, 0x0000000784200000|  0%| F|  |TAMS 0x0000000784100000, 0x0000000784100000| Untracked 
|  66|0x0000000784200000, 0x0000000784200000, 0x0000000784300000|  0%| F|  |TAMS 0x0000000784200000, 0x0000000784200000| Untracked 
|  67|0x0000000784300000, 0x0000000784300000, 0x0000000784400000|  0%| F|  |TAMS 0x0000000784300000, 0x0000000784300000| Untracked 
|  68|0x0000000784400000, 0x0000000784400000, 0x0000000784500000|  0%| F|  |TAMS 0x0000000784400000, 0x0000000784400000| Untracked 
|  69|0x0000000784500000, 0x0000000784500000, 0x0000000784600000|  0%| F|  |TAMS 0x0000000784500000, 0x0000000784500000| Untracked 
|  70|0x0000000784600000, 0x0000000784600000, 0x0000000784700000|  0%| F|  |TAMS 0x0000000784600000, 0x0000000784600000| Untracked 
|  71|0x0000000784700000, 0x0000000784700000, 0x0000000784800000|  0%| F|  |TAMS 0x0000000784700000, 0x0000000784700000| Untracked 
|  72|0x0000000784800000, 0x0000000784800000, 0x0000000784900000|  0%| F|  |TAMS 0x0000000784800000, 0x0000000784800000| Untracked 
|  73|0x0000000784900000, 0x0000000784900000, 0x0000000784a00000|  0%| F|  |TAMS 0x0000000784900000, 0x0000000784900000| Untracked 
|  74|0x0000000784a00000, 0x0000000784a00000, 0x0000000784b00000|  0%| F|  |TAMS 0x0000000784a00000, 0x0000000784a00000| Untracked 
|  75|0x0000000784b00000, 0x0000000784b00000, 0x0000000784c00000|  0%| F|  |TAMS 0x0000000784b00000, 0x0000000784b00000| Untracked 
|  76|0x0000000784c00000, 0x0000000784c00000, 0x0000000784d00000|  0%| F|  |TAMS 0x0000000784c00000, 0x0000000784c00000| Untracked 
|  77|0x0000000784d00000, 0x0000000784d00000, 0x0000000784e00000|  0%| F|  |TAMS 0x0000000784d00000, 0x0000000784d00000| Untracked 
|  78|0x0000000784e00000, 0x0000000784e00000, 0x0000000784f00000|  0%| F|  |TAMS 0x0000000784e00000, 0x0000000784e00000| Untracked 
|  79|0x0000000784f00000, 0x0000000784f00000, 0x0000000785000000|  0%| F|  |TAMS 0x0000000784f00000, 0x0000000784f00000| Untracked 
|  80|0x0000000785000000, 0x0000000785000000, 0x0000000785100000|  0%| F|  |TAMS 0x0000000785000000, 0x0000000785000000| Untracked 
|  81|0x0000000785100000, 0x0000000785100000, 0x0000000785200000|  0%| F|  |TAMS 0x0000000785100000, 0x0000000785100000| Untracked 
|  82|0x0000000785200000, 0x0000000785200000, 0x0000000785300000|  0%| F|  |TAMS 0x0000000785200000, 0x0000000785200000| Untracked 
|  83|0x0000000785300000, 0x0000000785300000, 0x0000000785400000|  0%| F|  |TAMS 0x0000000785300000, 0x0000000785300000| Untracked 
|  84|0x0000000785400000, 0x0000000785400000, 0x0000000785500000|  0%| F|  |TAMS 0x0000000785400000, 0x0000000785400000| Untracked 
|  85|0x0000000785500000, 0x0000000785500000, 0x0000000785600000|  0%| F|  |TAMS 0x0000000785500000, 0x0000000785500000| Untracked 
|  86|0x0000000785600000, 0x0000000785600000, 0x0000000785700000|  0%| F|  |TAMS 0x0000000785600000, 0x0000000785600000| Untracked 
|  87|0x0000000785700000, 0x0000000785700000, 0x0000000785800000|  0%| F|  |TAMS 0x0000000785700000, 0x0000000785700000| Untracked 
|  88|0x0000000785800000, 0x0000000785800000, 0x0000000785900000|  0%| F|  |TAMS 0x0000000785800000, 0x0000000785800000| Untracked 
|  89|0x0000000785900000, 0x0000000785900000, 0x0000000785a00000|  0%| F|  |TAMS 0x0000000785900000, 0x0000000785900000| Untracked 
|  90|0x0000000785a00000, 0x0000000785a00000, 0x0000000785b00000|  0%| F|  |TAMS 0x0000000785a00000, 0x0000000785a00000| Untracked 
|  91|0x0000000785b00000, 0x0000000785b00000, 0x0000000785c00000|  0%| F|  |TAMS 0x0000000785b00000, 0x0000000785b00000| Untracked 
|  92|0x0000000785c00000, 0x0000000785c00000, 0x0000000785d00000|  0%| F|  |TAMS 0x0000000785c00000, 0x0000000785c00000| Untracked 
|  93|0x0000000785d00000, 0x0000000785d00000, 0x0000000785e00000|  0%| F|  |TAMS 0x0000000785d00000, 0x0000000785d00000| Untracked 
|  94|0x0000000785e00000, 0x0000000785e00000, 0x0000000785f00000|  0%| F|  |TAMS 0x0000000785e00000, 0x0000000785e00000| Untracked 
|  95|0x0000000785f00000, 0x0000000785f00000, 0x0000000786000000|  0%| F|  |TAMS 0x0000000785f00000, 0x0000000785f00000| Untracked 
|  96|0x0000000786000000, 0x0000000786000000, 0x0000000786100000|  0%| F|  |TAMS 0x0000000786000000, 0x0000000786000000| Untracked 
|  97|0x0000000786100000, 0x0000000786100000, 0x0000000786200000|  0%| F|  |TAMS 0x0000000786100000, 0x0000000786100000| Untracked 
|  98|0x0000000786200000, 0x0000000786200000, 0x0000000786300000|  0%| F|  |TAMS 0x0000000786200000, 0x0000000786200000| Untracked 
|  99|0x0000000786300000, 0x0000000786300000, 0x0000000786400000|  0%| F|  |TAMS 0x0000000786300000, 0x0000000786300000| Untracked 
| 100|0x0000000786400000, 0x0000000786400000, 0x0000000786500000|  0%| F|  |TAMS 0x0000000786400000, 0x0000000786400000| Untracked 
| 101|0x0000000786500000, 0x0000000786500000, 0x0000000786600000|  0%| F|  |TAMS 0x0000000786500000, 0x0000000786500000| Untracked 
| 102|0x0000000786600000, 0x0000000786600000, 0x0000000786700000|  0%| F|  |TAMS 0x0000000786600000, 0x0000000786600000| Untracked 
| 103|0x0000000786700000, 0x0000000786700000, 0x0000000786800000|  0%| F|  |TAMS 0x0000000786700000, 0x0000000786700000| Untracked 
| 104|0x0000000786800000, 0x0000000786800000, 0x0000000786900000|  0%| F|  |TAMS 0x0000000786800000, 0x0000000786800000| Untracked 
| 105|0x0000000786900000, 0x0000000786900000, 0x0000000786a00000|  0%| F|  |TAMS 0x0000000786900000, 0x0000000786900000| Untracked 
| 106|0x0000000786a00000, 0x0000000786a00000, 0x0000000786b00000|  0%| F|  |TAMS 0x0000000786a00000, 0x0000000786a00000| Untracked 
| 107|0x0000000786b00000, 0x0000000786b00000, 0x0000000786c00000|  0%| F|  |TAMS 0x0000000786b00000, 0x0000000786b00000| Untracked 
| 108|0x0000000786c00000, 0x0000000786c00000, 0x0000000786d00000|  0%| F|  |TAMS 0x0000000786c00000, 0x0000000786c00000| Untracked 
| 109|0x0000000786d00000, 0x0000000786d00000, 0x0000000786e00000|  0%| F|  |TAMS 0x0000000786d00000, 0x0000000786d00000| Untracked 
| 110|0x0000000786e00000, 0x0000000786e00000, 0x0000000786f00000|  0%| F|  |TAMS 0x0000000786e00000, 0x0000000786e00000| Untracked 
| 111|0x0000000786f00000, 0x0000000786f00000, 0x0000000787000000|  0%| F|  |TAMS 0x0000000786f00000, 0x0000000786f00000| Untracked 
| 112|0x0000000787000000, 0x0000000787000000, 0x0000000787100000|  0%| F|  |TAMS 0x0000000787000000, 0x0000000787000000| Untracked 
| 113|0x0000000787100000, 0x0000000787100000, 0x0000000787200000|  0%| F|  |TAMS 0x0000000787100000, 0x0000000787100000| Untracked 
| 114|0x0000000787200000, 0x0000000787200000, 0x0000000787300000|  0%| F|  |TAMS 0x0000000787200000, 0x0000000787200000| Untracked 
| 115|0x0000000787300000, 0x0000000787300000, 0x0000000787400000|  0%| F|  |TAMS 0x0000000787300000, 0x0000000787300000| Untracked 
| 116|0x0000000787400000, 0x0000000787400000, 0x0000000787500000|  0%| F|  |TAMS 0x0000000787400000, 0x0000000787400000| Untracked 
| 117|0x0000000787500000, 0x0000000787500000, 0x0000000787600000|  0%| F|  |TAMS 0x0000000787500000, 0x0000000787500000| Untracked 
| 118|0x0000000787600000, 0x0000000787600000, 0x0000000787700000|  0%| F|  |TAMS 0x0000000787600000, 0x0000000787600000| Untracked 
| 119|0x0000000787700000, 0x0000000787700000, 0x0000000787800000|  0%| F|  |TAMS 0x0000000787700000, 0x0000000787700000| Untracked 
| 120|0x0000000787800000, 0x0000000787800000, 0x0000000787900000|  0%| F|  |TAMS 0x0000000787800000, 0x0000000787800000| Untracked 
| 121|0x0000000787900000, 0x0000000787900000, 0x0000000787a00000|  0%| F|  |TAMS 0x0000000787900000, 0x0000000787900000| Untracked 
| 122|0x0000000787a00000, 0x0000000787aa1e78, 0x0000000787b00000| 63%| E|  |TAMS 0x0000000787a00000, 0x0000000787a00000| Complete 
| 123|0x0000000787b00000, 0x0000000787c00000, 0x0000000787c00000|100%| E|CS|TAMS 0x0000000787b00000, 0x0000000787b00000| Complete 
| 124|0x0000000787c00000, 0x0000000787d00000, 0x0000000787d00000|100%| E|CS|TAMS 0x0000000787c00000, 0x0000000787c00000| Complete 
| 125|0x0000000787d00000, 0x0000000787e00000, 0x0000000787e00000|100%| E|CS|TAMS 0x0000000787d00000, 0x0000000787d00000| Complete 
| 126|0x0000000787e00000, 0x0000000787f00000, 0x0000000787f00000|100%| E|CS|TAMS 0x0000000787e00000, 0x0000000787e00000| Complete 
| 127|0x0000000787f00000, 0x0000000788000000, 0x0000000788000000|100%| E|CS|TAMS 0x0000000787f00000, 0x0000000787f00000| Complete 
|1022|0x00000007bfe00000, 0x00000007bfe51000, 0x00000007bff00000| 31%|OA|  |TAMS 0x00000007bfe00000, 0x00000007bfe00000| Untracked 
|1023|0x00000007bff00000, 0x00000007bff7b000, 0x00000007c0000000| 48%|CA|  |TAMS 0x00000007bff00000, 0x00000007bff00000| Untracked 

Card table byte_map: [0x000000011c92d000,0x000000011cd2d000] _byte_map_base: 0x0000000118d2d000

Marking Bits (Prev, Next): (CMBitMap*) 0x00007fc562013c18, (CMBitMap*) 0x00007fc562013c58
 Prev Bits: [0x000000011d12d000, 0x000000011f12d000)
 Next Bits: [0x000000011f12d000, 0x000000012112d000)

Polling page: 0x0000000103299000

Metaspace:

Usage:
  Non-class:      4.91 MB capacity,     2.03 MB ( 41%) used,     2.87 MB ( 59%) free+waste,     6.44 KB ( <1%) overhead. 
      Class:    479.00 KB capacity,   178.67 KB ( 37%) used,   296.58 KB ( 62%) free+waste,     3.75 KB ( <1%) overhead. 
       Both:      5.38 MB capacity,     2.21 MB ( 41%) used,     3.16 MB ( 59%) free+waste,    10.19 KB ( <1%) overhead. 

Virtual space:
  Non-class space:        8.00 MB reserved,       5.00 MB ( 62%) committed 
      Class space:        1.00 GB reserved,     512.00 KB ( <1%) committed 
             Both:        1.01 GB reserved,       5.50 MB ( <1%) committed 

Chunk freelists:
   Non-Class:  39.00 KB
       Class:  0 bytes
        Both:  39.00 KB

MaxMetaspaceSize: unlimited
CompressedClassSpaceSize: 1.00 GB

CodeHeap 'non-profiled nmethods': size=120032Kb used=135Kb max_used=135Kb free=119897Kb
 bounds [0x00000001153f5000, 0x0000000115665000, 0x000000011c92d000]
CodeHeap 'profiled nmethods': size=120028Kb used=563Kb max_used=563Kb free=119464Kb
 bounds [0x000000010debe000, 0x000000010e12e000, 0x00000001153f5000]
CodeHeap 'non-nmethods': size=5700Kb used=1493Kb max_used=1510Kb free=4206Kb
 bounds [0x000000010d92d000, 0x000000010db9d000, 0x000000010debe000]
 total_blobs=1270 nmethods=414 adapters=770
 compilation: enabled
              stopped_count=0, restarted_count=0
 full_count=0

Compilation events (20 events):
Event: 11.191 Thread 0x00007fc56281d800 nmethod 404 0x000000010df48610 code [0x000000010df487e0, 0x000000010df48d40]
Event: 11.192 Thread 0x00007fc56281d800  405   !   3       jdk.internal.jimage.BasicImageReader::slice (32 bytes)
Event: 11.192 Thread 0x00007fc56281d800 nmethod 405 0x000000010df48f10 code [0x000000010df490e0, 0x000000010df495e0]
Event: 11.192 Thread 0x00007fc56281d800  406       3       java.nio.DirectByteBufferR::<init> (21 bytes)
Event: 11.193 Thread 0x00007fc56281d800 nmethod 406 0x000000010df49790 code [0x000000010df49920, 0x000000010df49a80]
Event: 11.193 Thread 0x00007fc56281d800  407       3       java.nio.DirectByteBufferR::slice (66 bytes)
Event: 11.193 Thread 0x00007fc56281d800 nmethod 407 0x000000010df49b90 code [0x000000010df49d40, 0x000000010df4a040]
Event: 11.193 Thread 0x00007fc56281d800  408       3       java.lang.String::<init> (74 bytes)
Event: 11.194 Thread 0x00007fc56281d800 nmethod 408 0x000000010df4a190 code [0x000000010df4a380, 0x000000010df4aa30]
Event: 11.194 Thread 0x00007fc56281d800  410       3       java.lang.String::toString (2 bytes)
Event: 11.194 Thread 0x00007fc56281d800 nmethod 410 0x000000010df4ac90 code [0x000000010df4ae20, 0x000000010df4af30]
Event: 11.194 Thread 0x00007fc56281d800  409       1       java.util.Formatter$Flags::valueOf (5 bytes)
Event: 11.194 Thread 0x00007fc56281d800 nmethod 409 0x0000000115414110 code [0x00000001154142a0, 0x0000000115414370]
Event: 11.207 Thread 0x00007fc56281d800  411       1       org.lwjgl.system.Pointer$Default::address (5 bytes)
Event: 11.207 Thread 0x00007fc56281d800 nmethod 411 0x0000000115414410 code [0x00000001154145a0, 0x0000000115414670]
Event: 11.217 Thread 0x00007fc56204d000 nmethod 401 0x0000000115414b10 code [0x0000000115414de0, 0x00000001154159e8]
Event: 11.217 Thread 0x00007fc56204d000  402       4       java.util.Arrays::copyOf (19 bytes)
Event: 11.220 Thread 0x00007fc56204d000 nmethod 402 0x0000000115416410 code [0x00000001154165a0, 0x00000001154167d8]
Event: 11.220 Thread 0x00007fc56204d000  412       4       java.nio.DirectByteBuffer::ix (10 bytes)
Event: 11.220 Thread 0x00007fc56204d000 nmethod 412 0x0000000115416910 code [0x0000000115416a80, 0x0000000115416af8]

GC Heap History (0 events):
No events

Deoptimization events (12 events):
Event: 0.191 Thread 0x00007fc562016000 Uncommon trap: trap_request=0xffffff45 fr.pc=0x00000001153fe668 relative=0x0000000000000068
Event: 0.191 Thread 0x00007fc562016000 Uncommon trap: reason=unstable_if action=reinterpret pc=0x00000001153fe668 method=java.lang.String.isLatin1()Z @ 10 c2
Event: 0.191 Thread 0x00007fc562016000 DEOPT PACKING pc=0x00000001153fe668 sp=0x000070000260b3d0
Event: 0.191 Thread 0x00007fc562016000 DEOPT UNPACKING pc=0x000000010d975e25 sp=0x000070000260b380 mode 2
Event: 10.099 Thread 0x00007fc562016000 DEOPT PACKING pc=0x000000010df08510 sp=0x0000700002607460
Event: 10.099 Thread 0x00007fc562016000 DEOPT UNPACKING pc=0x000000010d97633a sp=0x00007000026068d8 mode 0
Event: 10.113 Thread 0x00007fc562016000 DEOPT PACKING pc=0x000000010df04922 sp=0x0000700002609fd0
Event: 10.113 Thread 0x00007fc562016000 DEOPT UNPACKING pc=0x000000010d97633a sp=0x0000700002609458 mode 0
Event: 10.145 Thread 0x00007fc562016000 DEOPT PACKING pc=0x000000010def99af sp=0x0000700002606d90
Event: 10.145 Thread 0x00007fc562016000 DEOPT UNPACKING pc=0x000000010d97633a sp=0x0000700002606238 mode 0
Event: 10.150 Thread 0x00007fc562016000 DEOPT PACKING pc=0x000000010def99af sp=0x0000700002609c20
Event: 10.150 Thread 0x00007fc562016000 DEOPT UNPACKING pc=0x000000010d97633a sp=0x00007000026090c8 mode 0

Classes unloaded (0 events):
No events

Classes redefined (0 events):
No events

Internal exceptions (12 events):
Event: 0.142 Thread 0x00007fc562016000 Exception <a 'java/lang/NoSuchMethodError'{0x0000000787fa7418}: 'int java.lang.invoke.DirectMethodHandle$Holder.invokeSpecialIFC(java.lang.Object, java.lang.Object, int)'> (0x0000000787fa7418) 
thrown [./open/src/hotspot/share/interpreter/linkResolver.cpp, line 766]
Event: 10.130 Thread 0x00007fc562016000 Exception <a 'java/lang/NoSuchMethodError'{0x0000000787df60c8}: 'void java.lang.invoke.DelegatingMethodHandle$Holder.delegate(java.lang.Object, java.lang.Object, int, java.lang.Object)'> (0x0000000787df60c8) 
thrown [./open/src/hotspot/share/interpreter/linkResolver.cpp, line 766]
Event: 10.135 Thread 0x00007fc562016000 Exception <a 'java/lang/NoSuchMethodError'{0x0000000787dfcd78}: 'java.lang.Object java.lang.invoke.DirectMethodHandle$Holder.invokeStaticInit(java.lang.Object, java.lang.Object, java.lang.Object)'> (0x0000000787dfcd78) 
thrown [./open/src/hotspot/share/interpreter/linkResolver.cpp, line 766]
Event: 10.189 Thread 0x00007fc562016000 Exception <a 'sun/nio/fs/UnixException'{0x0000000787caa428}> (0x0000000787caa428) 
thrown [./open/src/hotspot/share/prims/jni.cpp, line 599]
Event: 10.190 Thread 0x00007fc562016000 Exception <a 'sun/nio/fs/UnixException'{0x0000000787caab98}> (0x0000000787caab98) 
thrown [./open/src/hotspot/share/prims/jni.cpp, line 599]
Event: 10.228 Thread 0x00007fc562016000 Exception <a 'sun/nio/fs/UnixException'{0x0000000787cae7d8}> (0x0000000787cae7d8) 
thrown [./open/src/hotspot/share/prims/jni.cpp, line 599]
Event: 10.235 Thread 0x00007fc562016000 Exception <a 'sun/nio/fs/UnixException'{0x0000000787cb5808}> (0x0000000787cb5808) 
thrown [./open/src/hotspot/share/prims/jni.cpp, line 599]
Event: 10.252 Thread 0x00007fc562016000 Exception <a 'sun/nio/fs/UnixException'{0x0000000787cba598}> (0x0000000787cba598) 
thrown [./open/src/hotspot/share/prims/jni.cpp, line 599]
Event: 10.711 Thread 0x00007fc562016000 Exception <a 'sun/nio/fs/UnixException'{0x0000000787cd3918}> (0x0000000787cd3918) 
thrown [./open/src/hotspot/share/prims/jni.cpp, line 599]
Event: 10.712 Thread 0x00007fc562016000 Exception <a 'sun/nio/fs/UnixException'{0x0000000787cda588}> (0x0000000787cda588) 
thrown [./open/src/hotspot/share/prims/jni.cpp, line 599]
Event: 10.730 Thread 0x00007fc562016000 Exception <a 'sun/nio/fs/UnixException'{0x0000000787cdd430}> (0x0000000787cdd430) 
thrown [./open/src/hotspot/share/prims/jni.cpp, line 599]
Event: 11.193 Thread 0x00007fc562016000 Exception <a 'sun/nio/fs/UnixException'{0x0000000787a5c6d8}> (0x0000000787a5c6d8) 
thrown [./open/src/hotspot/share/prims/jni.cpp, line 599]

Events (20 events):
Event: 10.752 loading class java/nio/DirectDoubleBufferU
Event: 10.753 loading class java/nio/DirectDoubleBufferU done
Event: 10.754 loading class sun/misc/Unsafe
Event: 10.755 loading class sun/misc/Unsafe done
Event: 10.758 loading class jdk/internal/reflect/UnsafeFieldAccessorFactory
Event: 10.758 loading class jdk/internal/reflect/UnsafeFieldAccessorFactory done
Event: 10.758 loading class jdk/internal/reflect/UnsafeQualifiedStaticObjectFieldAccessorImpl
Event: 10.758 loading class jdk/internal/reflect/UnsafeQualifiedStaticFieldAccessorImpl
Event: 10.758 loading class jdk/internal/reflect/UnsafeQualifiedStaticFieldAccessorImpl done
Event: 10.758 loading class jdk/internal/reflect/UnsafeQualifiedStaticObjectFieldAccessorImpl done
Event: 10.771 loading class java/math/MutableBigInteger
Event: 10.772 loading class java/math/MutableBigInteger done
Event: 10.773 loading class java/nio/BufferOverflowException
Event: 10.773 loading class java/nio/BufferOverflowException done
Event: 10.773 loading class java/nio/InvalidMarkException
Event: 10.773 loading class java/nio/InvalidMarkException done
Event: 10.773 loading class java/nio/BufferUnderflowException
Event: 10.773 loading class java/nio/BufferUnderflowException done
Event: 10.777 loading class java/lang/IndexOutOfBoundsException
Event: 10.777 loading class java/lang/IndexOutOfBoundsException done


Dynamic libraries:
0x00007fff6a4e0000 	/usr/lib/libz.1.dylib
0x000000010326e000 	/Library/Java/JavaVirtualMachines/jdk-14.0.2.jdk/Contents/Home/lib/libjli.dylib
0x00007fff2ff16000 	/System/Library/Frameworks/Cocoa.framework/Versions/A/Cocoa
0x00007fff3d764000 	/System/Library/Frameworks/Security.framework/Versions/A/Security
0x00007fff2ee7c000 	/System/Library/Frameworks/ApplicationServices.framework/Versions/A/ApplicationServices
0x00007fff67f16000 	/usr/lib/libSystem.B.dylib
0x00007fff6ada1000 	/usr/lib/system/libcache.dylib
0x00007fff6ada7000 	/usr/lib/system/libcommonCrypto.dylib
0x00007fff6adb3000 	/usr/lib/system/libcompiler_rt.dylib
0x00007fff6adbb000 	/usr/lib/system/libcopyfile.dylib
0x00007fff6adc5000 	/usr/lib/system/libcorecrypto.dylib
0x00007fff6af64000 	/usr/lib/system/libdispatch.dylib
0x00007fff6afa5000 	/usr/lib/system/libdyld.dylib
0x00007fff6afdc000 	/usr/lib/system/libkeymgr.dylib
0x00007fff6afea000 	/usr/lib/system/liblaunch.dylib
0x00007fff6afeb000 	/usr/lib/system/libmacho.dylib
0x00007fff6aff1000 	/usr/lib/system/libquarantine.dylib
0x00007fff6aff4000 	/usr/lib/system/libremovefile.dylib
0x00007fff6aff6000 	/usr/lib/system/libsystem_asl.dylib
0x00007fff6b00e000 	/usr/lib/system/libsystem_blocks.dylib
0x00007fff6b00f000 	/usr/lib/system/libsystem_c.dylib
0x00007fff6b097000 	/usr/lib/system/libsystem_configuration.dylib
0x00007fff6b09b000 	/usr/lib/system/libsystem_coreservices.dylib
0x00007fff6b09f000 	/usr/lib/system/libsystem_darwin.dylib
0x00007fff6b0a8000 	/usr/lib/system/libsystem_dnssd.dylib
0x00007fff6b0b0000 	/usr/lib/system/libsystem_featureflags.dylib
0x00007fff6b0b2000 	/usr/lib/system/libsystem_info.dylib
0x00007fff6b12d000 	/usr/lib/system/libsystem_m.dylib
0x00007fff6b179000 	/usr/lib/system/libsystem_malloc.dylib
0x00007fff6b1a1000 	/usr/lib/system/libsystem_networkextension.dylib
0x00007fff6b1af000 	/usr/lib/system/libsystem_notify.dylib
0x00007fff6b1cd000 	/usr/lib/system/libsystem_sandbox.dylib
0x00007fff6b1d2000 	/usr/lib/system/libsystem_secinit.dylib
0x00007fff6b100000 	/usr/lib/system/libsystem_kernel.dylib
0x00007fff6b1b9000 	/usr/lib/system/libsystem_platform.dylib
0x00007fff6b1c2000 	/usr/lib/system/libsystem_pthread.dylib
0x00007fff6b1d5000 	/usr/lib/system/libsystem_symptoms.dylib
0x00007fff6b1dd000 	/usr/lib/system/libsystem_trace.dylib
0x00007fff6b1f5000 	/usr/lib/system/libunwind.dylib
0x00007fff6b1fb000 	/usr/lib/system/libxpc.dylib
0x00007fff69e0d000 	/usr/lib/libobjc.A.dylib
0x00007fff682e5000 	/usr/lib/libc++abi.dylib
0x00007fff68292000 	/usr/lib/libc++.1.dylib
0x00007fff30dc9000 	/System/Library/Frameworks/CoreFoundation.framework/Versions/A/CoreFoundation
0x00007fff334aa000 	/System/Library/Frameworks/Foundation.framework/Versions/C/Foundation
0x00007fff2e06c000 	/System/Library/Frameworks/AppKit.framework/Versions/C/AppKit
0x00007fff3089a000 	/System/Library/Frameworks/CoreData.framework/Versions/A/CoreData
0x00007fff61f05000 	/System/Library/PrivateFrameworks/UIFoundation.framework/Versions/A/UIFoundation
0x00007fff5cf99000 	/System/Library/PrivateFrameworks/RemoteViewServices.framework/Versions/A/RemoteViewServices
0x00007fff64a86000 	/System/Library/PrivateFrameworks/XCTTargetBootstrap.framework/Versions/A/XCTTargetBootstrap
0x00007fff30c96000 	/System/Library/Frameworks/CoreDisplay.framework/Versions/A/CoreDisplay
0x00007fff36369000 	/System/Library/Frameworks/Metal.framework/Versions/A/Metal
0x00007fff4af80000 	/System/Library/PrivateFrameworks/DesktopServicesPriv.framework/Versions/A/DesktopServicesPriv
0x00007fff690e8000 	/usr/lib/liblangid.dylib
0x00007fff4a215000 	/System/Library/PrivateFrameworks/CoreSVG.framework/Versions/A/CoreSVG
0x00007fff600f5000 	/System/Library/PrivateFrameworks/SkyLight.framework/Versions/A/SkyLight
0x00007fff3124b000 	/System/Library/Frameworks/CoreGraphics.framework/Versions/A/CoreGraphics
0x00007fff2c9db000 	/System/Library/Frameworks/Accelerate.framework/Versions/A/Accelerate
0x00007fff6a3d1000 	/usr/lib/libxml2.2.dylib
0x00007fff55f22000 	/System/Library/PrivateFrameworks/IconServices.framework/Versions/A/IconServices
0x00007fff33c89000 	/System/Library/Frameworks/IOSurface.framework/Versions/A/IOSurface
0x00007fff67a40000 	/usr/lib/libDiagnosticMessagesClient.dylib
0x00007fff4adda000 	/System/Library/PrivateFrameworks/DFRFoundation.framework/Versions/A/DFRFoundation
0x00007fff68e77000 	/usr/lib/libicucore.A.dylib
0x00007fff2f1ae000 	/System/Library/Frameworks/AudioToolbox.framework/Versions/A/AudioToolbox
0x00007fff2f291000 	/System/Library/Frameworks/AudioUnit.framework/Versions/A/AudioUnit
0x00007fff681ae000 	/usr/lib/libauto.dylib
0x00007fff4ae7c000 	/System/Library/PrivateFrameworks/DataDetectorsCore.framework/Versions/A/DataDetectorsCore
0x00007fff2fa37000 	/System/Library/Frameworks/Carbon.framework/Versions/A/Frameworks/HIToolbox.framework/Versions/A/HIToolbox
0x00007fff3c95e000 	/System/Library/Frameworks/QuartzCore.framework/Versions/A/QuartzCore
0x00007fff2fd76000 	/System/Library/Frameworks/Carbon.framework/Versions/A/Frameworks/SpeechRecognition.framework/Versions/A/SpeechRecognition
0x00007fff4a8ee000 	/System/Library/PrivateFrameworks/CoreUI.framework/Versions/A/CoreUI
0x00007fff30305000 	/System/Library/Frameworks/CoreAudio.framework/Versions/A/CoreAudio
0x00007fff33169000 	/System/Library/Frameworks/DiskArbitration.framework/Versions/A/DiskArbitration
0x00007fff57f72000 	/System/Library/PrivateFrameworks/MultitouchSupport.framework/Versions/A/MultitouchSupport
0x00007fff68d3e000 	/usr/lib/libenergytrace.dylib
0x00007fff33be3000 	/System/Library/Frameworks/IOKit.framework/Versions/A/IOKit
0x00007fff321d5000 	/System/Library/Frameworks/CoreServices.framework/Versions/A/CoreServices
0x00007fff5a12c000 	/System/Library/PrivateFrameworks/PerformanceAnalysis.framework/Versions/A/PerformanceAnalysis
0x00007fff3b991000 	/System/Library/Frameworks/OpenGL.framework/Versions/A/OpenGL
0x00007fff2ff24000 	/System/Library/Frameworks/ColorSync.framework/Versions/A/ColorSync
0x00007fff318f1000 	/System/Library/Frameworks/CoreImage.framework/Versions/A/CoreImage
0x00007fff32c48000 	/System/Library/Frameworks/CoreText.framework/Versions/A/CoreText
0x00007fff33d19000 	/System/Library/Frameworks/ImageIO.framework/Versions/A/ImageIO
0x00007fff6830e000 	/usr/lib/libcompression.dylib
0x00007fff67d84000 	/usr/lib/libMobileGestalt.dylib
0x00007fff61c6f000 	/System/Library/PrivateFrameworks/TextureIO.framework/Versions/A/TextureIO
0x00007fff6807b000 	/usr/lib/libate.dylib
0x00007fff5612b000 	/System/Library/PrivateFrameworks/InternationalSupport.framework/Versions/A/InternationalSupport
0x00007fff690ea000 	/usr/lib/liblzma.5.dylib
0x00007fff68d65000 	/usr/lib/libfakelink.dylib
0x00007fff68008000 	/usr/lib/libarchive.2.dylib
0x00007fff3e817000 	/System/Library/Frameworks/SystemConfiguration.framework/Versions/A/SystemConfiguration
0x00007fff67973000 	/usr/lib/libCRFSuite.dylib
0x00007fff2f628000 	/System/Library/Frameworks/CFNetwork.framework/Versions/A/CFNetwork
0x00007fff68274000 	/usr/lib/libbsm.0.dylib
0x00007fff6afdd000 	/usr/lib/system/libkxld.dylib
0x00007fff44754000 	/System/Library/PrivateFrameworks/AppleFSCompression.framework/Versions/A/AppleFSCompression
0x00007fff68600000 	/usr/lib/libcoretls.dylib
0x00007fff68617000 	/usr/lib/libcoretls_cfhelpers.dylib
0x00007fff69e52000 	/usr/lib/libpam.2.dylib
0x00007fff69f87000 	/usr/lib/libsqlite3.dylib
0x00007fff6a3be000 	/usr/lib/libxar.1.dylib
0x00007fff68285000 	/usr/lib/libbz2.1.0.dylib
0x00007fff68d86000 	/usr/lib/libiconv.2.dylib
0x00007fff682fb000 	/usr/lib/libcharset.1.dylib
0x00007fff698f0000 	/usr/lib/libnetwork.dylib
0x00007fff69e59000 	/usr/lib/libpcap.A.dylib
0x00007fff67fbd000 	/usr/lib/libapple_nghttp2.dylib
0x00007fff3258c000 	/System/Library/Frameworks/CoreServices.framework/Versions/A/Frameworks/FSEvents.framework/Versions/A/FSEvents
0x00007fff3225c000 	/System/Library/Frameworks/CoreServices.framework/Versions/A/Frameworks/CarbonCore.framework/Versions/A/CarbonCore
0x00007fff327d0000 	/System/Library/Frameworks/CoreServices.framework/Versions/A/Frameworks/Metadata.framework/Versions/A/Metadata
0x00007fff32869000 	/System/Library/Frameworks/CoreServices.framework/Versions/A/Frameworks/OSServices.framework/Versions/A/OSServices
0x00007fff32897000 	/System/Library/Frameworks/CoreServices.framework/Versions/A/Frameworks/SearchKit.framework/Versions/A/SearchKit
0x00007fff321d6000 	/System/Library/Frameworks/CoreServices.framework/Versions/A/Frameworks/AE.framework/Versions/A/AE
0x00007fff32595000 	/System/Library/Frameworks/CoreServices.framework/Versions/A/Frameworks/LaunchServices.framework/Versions/A/LaunchServices
0x00007fff3253e000 	/System/Library/Frameworks/CoreServices.framework/Versions/A/Frameworks/DictionaryServices.framework/Versions/A/DictionaryServices
0x00007fff328ff000 	/System/Library/Frameworks/CoreServices.framework/Versions/A/Frameworks/SharedFileList.framework/Versions/A/SharedFileList
0x00007fff377b0000 	/System/Library/Frameworks/NetFS.framework/Versions/A/NetFS
0x00007fff584a2000 	/System/Library/PrivateFrameworks/NetAuth.framework/Versions/A/NetAuth
0x00007fff64e53000 	/System/Library/PrivateFrameworks/login.framework/Versions/A/Frameworks/loginsupport.framework/Versions/A/loginsupport
0x00007fff6173a000 	/System/Library/PrivateFrameworks/TCC.framework/Versions/A/TCC
0x00007fff49388000 	/System/Library/PrivateFrameworks/CoreNLP.framework/Versions/A/CoreNLP
0x00007fff5799f000 	/System/Library/PrivateFrameworks/MetadataUtilities.framework/Versions/A/MetadataUtilities
0x00007fff691c2000 	/usr/lib/libmecabra.dylib
0x00007fff6911a000 	/usr/lib/libmecab.dylib
0x00007fff68d76000 	/usr/lib/libgermantok.dylib
0x00007fff67fa4000 	/usr/lib/libThaiTokenizer.dylib
0x00007fff679aa000 	/usr/lib/libChineseTokenizer.dylib
0x00007fff2c9f4000 	/System/Library/Frameworks/Accelerate.framework/Versions/A/Frameworks/vImage.framework/Versions/A/vImage
0x00007fff2dec2000 	/System/Library/Frameworks/Accelerate.framework/Versions/A/Frameworks/vecLib.framework/Versions/A/vecLib
0x00007fff2dd43000 	/System/Library/Frameworks/Accelerate.framework/Versions/A/Frameworks/vecLib.framework/Versions/A/libvMisc.dylib
0x00007fff2dbb0000 	/System/Library/Frameworks/Accelerate.framework/Versions/A/Frameworks/vecLib.framework/Versions/A/libvDSP.dylib
0x00007fff2d290000 	/System/Library/Frameworks/Accelerate.framework/Versions/A/Frameworks/vecLib.framework/Versions/A/libBLAS.dylib
0x00007fff2d768000 	/System/Library/Frameworks/Accelerate.framework/Versions/A/Frameworks/vecLib.framework/Versions/A/libLAPACK.dylib
0x00007fff2db10000 	/System/Library/Frameworks/Accelerate.framework/Versions/A/Frameworks/vecLib.framework/Versions/A/libLinearAlgebra.dylib
0x00007fff2db9d000 	/System/Library/Frameworks/Accelerate.framework/Versions/A/Frameworks/vecLib.framework/Versions/A/libSparseBLAS.dylib
0x00007fff2db26000 	/System/Library/Frameworks/Accelerate.framework/Versions/A/Frameworks/vecLib.framework/Versions/A/libQuadrature.dylib
0x00007fff2d426000 	/System/Library/Frameworks/Accelerate.framework/Versions/A/Frameworks/vecLib.framework/Versions/A/libBNNS.dylib
0x00007fff2db2c000 	/System/Library/Frameworks/Accelerate.framework/Versions/A/Frameworks/vecLib.framework/Versions/A/libSparse.dylib
0x00007fff56513000 	/System/Library/PrivateFrameworks/LanguageModeling.framework/Versions/A/LanguageModeling
0x00007fff48d37000 	/System/Library/PrivateFrameworks/CoreEmoji.framework/Versions/A/CoreEmoji
0x00007fff56631000 	/System/Library/PrivateFrameworks/LinguisticData.framework/Versions/A/LinguisticData
0x00007fff565e2000 	/System/Library/PrivateFrameworks/Lexicon.framework/Versions/A/Lexicon
0x00007fff682fc000 	/usr/lib/libcmph.dylib
0x00007fff3a39f000 	/System/Library/Frameworks/OpenDirectory.framework/Versions/A/Frameworks/CFOpenDirectory.framework/Versions/A/CFOpenDirectory
0x00007fff3a3bc000 	/System/Library/Frameworks/OpenDirectory.framework/Versions/A/OpenDirectory
0x00007fff42801000 	/System/Library/PrivateFrameworks/APFS.framework/Versions/A/APFS
0x00007fff3dab0000 	/System/Library/Frameworks/SecurityFoundation.framework/Versions/A/SecurityFoundation
0x00007fff6a3ba000 	/usr/lib/libutil.dylib
0x00007fff4a26d000 	/System/Library/PrivateFrameworks/CoreServicesStore.framework/Versions/A/CoreServicesStore
0x00007fff3db67000 	/System/Library/Frameworks/ServiceManagement.framework/Versions/A/ServiceManagement
0x00007fff45f25000 	/System/Library/PrivateFrameworks/BackgroundTaskManagement.framework/Versions/A/BackgroundTaskManagement
0x00007fff6a4b7000 	/usr/lib/libxslt.1.dylib
0x00007fff44dc7000 	/System/Library/PrivateFrameworks/AppleSystemInfo.framework/Versions/A/AppleSystemInfo
0x00007fff33f38000 	/System/Library/Frameworks/ImageIO.framework/Versions/A/Resources/libJPEG.dylib
0x00007fff341f7000 	/System/Library/Frameworks/ImageIO.framework/Versions/A/Resources/libTIFF.dylib
0x00007fff341da000 	/System/Library/Frameworks/ImageIO.framework/Versions/A/Resources/libPng.dylib
0x00007fff33e7a000 	/System/Library/Frameworks/ImageIO.framework/Versions/A/Resources/libGIF.dylib
0x00007fff33e7e000 	/System/Library/Frameworks/ImageIO.framework/Versions/A/Resources/libJP2.dylib
0x00007fff341f5000 	/System/Library/Frameworks/ImageIO.framework/Versions/A/Resources/libRadiance.dylib
0x00007fff68d3f000 	/usr/lib/libexpat.1.dylib
0x00007fff448af000 	/System/Library/PrivateFrameworks/AppleJPEG.framework/Versions/A/AppleJPEG
0x00007fff4d583000 	/System/Library/PrivateFrameworks/FontServices.framework/libFontParser.dylib
0x00007fff63e55000 	/System/Library/PrivateFrameworks/WatchdogClient.framework/Versions/A/WatchdogClient
0x00007fff55b6e000 	/System/Library/PrivateFrameworks/IOAccelerator.framework/Versions/A/IOAccelerator
0x00007fff36704000 	/System/Library/Frameworks/MetalPerformanceShaders.framework/Versions/A/MetalPerformanceShaders
0x00007fff522fe000 	/System/Library/PrivateFrameworks/GPUWrangler.framework/Versions/A/GPUWrangler
0x00007fff55b83000 	/System/Library/PrivateFrameworks/IOPresentment.framework/Versions/A/IOPresentment
0x00007fff4aded000 	/System/Library/PrivateFrameworks/DSExternalDisplay.framework/Versions/A/DSExternalDisplay
0x00007fff3ad30000 	/System/Library/Frameworks/OpenGL.framework/Versions/A/Libraries/libCoreFSCache.dylib
0x00007fff36450000 	/System/Library/Frameworks/MetalPerformanceShaders.framework/Frameworks/MPSCore.framework/Versions/A/MPSCore
0x00007fff3648e000 	/System/Library/Frameworks/MetalPerformanceShaders.framework/Frameworks/MPSImage.framework/Versions/A/MPSImage
0x00007fff36555000 	/System/Library/Frameworks/MetalPerformanceShaders.framework/Frameworks/MPSNeuralNetwork.framework/Versions/A/MPSNeuralNetwork
0x00007fff36519000 	/System/Library/Frameworks/MetalPerformanceShaders.framework/Frameworks/MPSMatrix.framework/Versions/A/MPSMatrix
0x00007fff366b4000 	/System/Library/Frameworks/MetalPerformanceShaders.framework/Frameworks/MPSRayIntersector.framework/Versions/A/MPSRayIntersector
0x00007fff3653f000 	/System/Library/Frameworks/MetalPerformanceShaders.framework/Frameworks/MPSNDArray.framework/Versions/A/MPSNDArray
0x00007fff579ec000 	/System/Library/PrivateFrameworks/MetalTools.framework/Versions/A/MetalTools
0x00007fff439db000 	/System/Library/PrivateFrameworks/AggregateDictionary.framework/Versions/A/AggregateDictionary
0x00007fff4877f000 	/System/Library/PrivateFrameworks/CoreAnalytics.framework/Versions/A/CoreAnalytics
0x00007fff44ce6000 	/System/Library/PrivateFrameworks/AppleSauce.framework/Versions/A/AppleSauce
0x00007fff67c66000 	/usr/lib/libIOReport.dylib
0x00007fff32e00000 	/System/Library/Frameworks/CoreVideo.framework/Versions/A/CoreVideo
0x00007fff53777000 	/System/Library/PrivateFrameworks/GraphVisualizer.framework/Versions/A/GraphVisualizer
0x00007fff4cac9000 	/System/Library/PrivateFrameworks/FaceCore.framework/Versions/A/FaceCore
0x00007fff3a346000 	/System/Library/Frameworks/OpenCL.framework/Versions/A/OpenCL
0x00007fff67a88000 	/usr/lib/libFosl_dynamic.dylib
0x00007fff58ec3000 	/System/Library/PrivateFrameworks/OTSVG.framework/Versions/A/OTSVG
0x00007fff2ef81000 	/System/Library/Frameworks/ApplicationServices.framework/Versions/A/Frameworks/ATS.framework/Versions/A/Resources/libFontRegistry.dylib
0x00007fff4d752000 	/System/Library/PrivateFrameworks/FontServices.framework/libhvf.dylib
0x00007fff3ad3b000 	/System/Library/Frameworks/OpenGL.framework/Versions/A/Libraries/libGFXShared.dylib
0x00007fff3af19000 	/System/Library/Frameworks/OpenGL.framework/Versions/A/Libraries/libGLU.dylib
0x00007fff3ad44000 	/System/Library/Frameworks/OpenGL.framework/Versions/A/Libraries/libGL.dylib
0x00007fff3ad4f000 	/System/Library/Frameworks/OpenGL.framework/Versions/A/Libraries/libGLImage.dylib
0x00007fff3ad2d000 	/System/Library/Frameworks/OpenGL.framework/Versions/A/Libraries/libCVMSPluginSupport.dylib
0x00007fff3ad36000 	/System/Library/Frameworks/OpenGL.framework/Versions/A/Libraries/libCoreVMClient.dylib
0x00007fff69791000 	/usr/lib/libncurses.5.4.dylib
0x00007fff2ee7d000 	/System/Library/Frameworks/ApplicationServices.framework/Versions/A/Frameworks/ATS.framework/Versions/A/ATS
0x00007fff2f04a000 	/System/Library/Frameworks/ApplicationServices.framework/Versions/A/Frameworks/ColorSyncLegacy.framework/Versions/A/ColorSyncLegacy
0x00007fff2f0e8000 	/System/Library/Frameworks/ApplicationServices.framework/Versions/A/Frameworks/HIServices.framework/Versions/A/HIServices
0x00007fff2f140000 	/System/Library/Frameworks/ApplicationServices.framework/Versions/A/Frameworks/LangAnalysis.framework/Versions/A/LangAnalysis
0x00007fff2f14f000 	/System/Library/Frameworks/ApplicationServices.framework/Versions/A/Frameworks/PrintCore.framework/Versions/A/PrintCore
0x00007fff2f195000 	/System/Library/Frameworks/ApplicationServices.framework/Versions/A/Frameworks/QD.framework/Versions/A/QD
0x00007fff2f1a0000 	/System/Library/Frameworks/ApplicationServices.framework/Versions/A/Frameworks/SpeechSynthesis.framework/Versions/A/SpeechSynthesis
0x00007fff2f01a000 	/System/Library/Frameworks/ApplicationServices.framework/Versions/A/Frameworks/ATSUI.framework/Versions/A/ATSUI
0x00007fff68bd5000 	/usr/lib/libcups.2.dylib
0x00007fff3579f000 	/System/Library/Frameworks/Kerberos.framework/Versions/A/Kerberos
0x00007fff338dc000 	/System/Library/Frameworks/GSS.framework/Versions/A/GSS
0x00007fff69f13000 	/usr/lib/libresolv.9.dylib
0x00007fff53924000 	/System/Library/PrivateFrameworks/Heimdal.framework/Versions/A/Heimdal
0x00007fff357b2000 	/System/Library/Frameworks/Kerberos.framework/Versions/A/Libraries/libHeimdalProxy.dylib
0x00007fff68d7c000 	/usr/lib/libheimdal-asn1.dylib
0x00007fff47c17000 	/System/Library/PrivateFrameworks/CommonAuth.framework/Versions/A/CommonAuth
0x00007fff44e64000 	/System/Library/PrivateFrameworks/AssertionServices.framework/Versions/A/AssertionServices
0x00007fff45a07000 	/System/Library/PrivateFrameworks/AudioToolboxCore.framework/Versions/A/AudioToolboxCore
0x00007fff64b03000 	/System/Library/PrivateFrameworks/caulk.framework/Versions/A/caulk
0x00007fff45fd1000 	/System/Library/PrivateFrameworks/BaseBoard.framework/Versions/A/BaseBoard
0x00007fff5d127000 	/System/Library/PrivateFrameworks/RunningBoardServices.framework/Versions/A/RunningBoardServices
0x00007fff5a138000 	/System/Library/PrivateFrameworks/PersistentConnection.framework/Versions/A/PersistentConnection
0x00007fff5cb20000 	/System/Library/PrivateFrameworks/ProtocolBuffer.framework/Versions/A/ProtocolBuffer
0x00007fff47c3b000 	/System/Library/PrivateFrameworks/CommonUtilities.framework/Versions/A/CommonUtilities
0x00007fff4615f000 	/System/Library/PrivateFrameworks/Bom.framework/Versions/A/Bom
0x00007fff67939000 	/usr/lib/libAudioToolboxUtility.dylib
0x00007fff45f2f000 	/System/Library/PrivateFrameworks/Backup.framework/Versions/A/Backup
0x00007fff4ad0e000 	/System/Library/PrivateFrameworks/CrashReporterSupport.framework/Versions/A/CrashReporterSupport
0x00007fff5ebb9000 	/System/Library/PrivateFrameworks/Sharing.framework/Versions/A/Sharing
0x00007fff44472000 	/System/Library/PrivateFrameworks/Apple80211.framework/Versions/A/Apple80211
0x00007fff45c4c000 	/System/Library/PrivateFrameworks/AuthKit.framework/Versions/A/AuthKit
0x00007fff4aa1b000 	/System/Library/PrivateFrameworks/CoreUtils.framework/Versions/A/CoreUtils
0x00007fff32e45000 	/System/Library/Frameworks/CoreWLAN.framework/Versions/A/CoreWLAN
0x00007fff33a69000 	/System/Library/Frameworks/IOBluetooth.framework/Versions/A/IOBluetooth
0x00007fff57cf1000 	/System/Library/PrivateFrameworks/MobileKeyBag.framework/Versions/A/MobileKeyBag
0x00007fff49820000 	/System/Library/PrivateFrameworks/CorePhoneNumbers.framework/Versions/A/CorePhoneNumbers
0x00007fff44862000 	/System/Library/PrivateFrameworks/AppleIDAuthSupport.framework/Versions/A/AppleIDAuthSupport
0x00007fff377bd000 	/System/Library/Frameworks/Network.framework/Versions/A/Network
0x00007fff563bf000 	/System/Library/PrivateFrameworks/KeychainCircle.framework/Versions/A/KeychainCircle
0x00007fff30861000 	/System/Library/Frameworks/CoreBluetooth.framework/Versions/A/CoreBluetooth
0x00007fff60c38000 	/System/Library/PrivateFrameworks/SpeechRecognitionCore.framework/Versions/A/SpeechRecognitionCore
0x0000000104400000 	/Library/Java/JavaVirtualMachines/jdk-14.0.2.jdk/Contents/Home/lib/server/libjvm.dylib
0x000000010328e000 	/Library/Java/JavaVirtualMachines/jdk-14.0.2.jdk/Contents/Home/lib/libjimage.dylib
0x00000001032e3000 	/Library/Java/JavaVirtualMachines/jdk-14.0.2.jdk/Contents/Home/lib/libjava.dylib
0x000000010330b000 	/Library/Java/JavaVirtualMachines/jdk-14.0.2.jdk/Contents/Home/lib/libzip.dylib
0x000000010394d000 	/Library/Java/JavaVirtualMachines/jdk-14.0.2.jdk/Contents/Home/lib/libnio.dylib
0x0000000103960000 	/Library/Java/JavaVirtualMachines/jdk-14.0.2.jdk/Contents/Home/lib/libnet.dylib
0x0000000103a7f000 	/private/var/folders/lp/kb7w61qx3zl0b5hr1z25xzb00000gn/T/lwjgluser/3.2.3-build-13/liblwjgl.dylib
0x0000000103aa7000 	/private/var/folders/lp/kb7w61qx3zl0b5hr1z25xzb00000gn/T/lwjgluser/3.2.3-build-13/libglfw.dylib
0x00007fff4a239000 	/System/Library/PrivateFrameworks/CoreServicesInternal.framework/Versions/A/CoreServicesInternal
0x00007fff33364000 	/System/Library/Frameworks/FileProvider.framework/Versions/A/FileProvider
0x00007fff2dec3000 	/System/Library/Frameworks/Accounts.framework/Versions/A/Accounts
0x00007fff52623000 	/System/Library/PrivateFrameworks/GenerationalStorage.framework/Versions/A/GenerationalStorage
0x00007fff4a7c0000 	/System/Library/PrivateFrameworks/CoreSymbolication.framework/Versions/A/CoreSymbolication
0x00007fff6147a000 	/System/Library/PrivateFrameworks/SymptomDiagnosticReporter.framework/Versions/A/SymptomDiagnosticReporter
0x00007fff43f76000 	/System/Library/PrivateFrameworks/AppContainer.framework/Versions/A/AppContainer
0x00007fff69f2d000 	/usr/lib/libsandbox.1.dylib
0x00007fff62df8000 	/System/Library/PrivateFrameworks/UserManagement.framework/Versions/A/UserManagement
0x00007fff46d1b000 	/System/Library/PrivateFrameworks/ChunkingLibrary.framework/Versions/A/ChunkingLibrary
0x00007fff4af42000 	/System/Library/PrivateFrameworks/DebugSymbols.framework/Versions/A/DebugSymbols
0x00007fff43fe8000 	/System/Library/PrivateFrameworks/AppSandbox.framework/Versions/A/AppSandbox
0x00007fff5ea43000 	/System/Library/PrivateFrameworks/SecCodeWrapper.framework/Versions/A/SecCodeWrapper
0x00007fff67d4e000 	/usr/lib/libMatch.1.dylib
0x00007fff2c9dc000 	/System/Library/Frameworks/Accelerate.framework/Versions/A/Frameworks/vImage.framework/Versions/A/Libraries/libCGInterfaces.dylib
0x00007fff4d6ba000 	/System/Library/PrivateFrameworks/FontServices.framework/libTrueTypeScaler.dylib


VM Arguments:
jvm_args: -Dfile.encoding=UTF-8 -Duser.country=CZ -Duser.language=en -Duser.variant 
java_command: cz.educanet.Main
java_class_path (initial): /Users/user/Documents/GitHub/Sprite/build/classes/java/main:/Users/user/Documents/GitHub/Sprite/build/resources/main:/Users/user/.gradle/caches/modules-2/files-2.1/org.lwjgl/lwjgl-assimp/3.2.3/f62aa07a20afbdd3097efc296c4841e0d29700eb/lwjgl-assimp-3.2.3.jar:/Users/user/.gradle/caches/modules-2/files-2.1/org.lwjgl/lwjgl-assimp/3.2.3/6efe40673c59667d5eb759c5a77e53e0f5abdb31/lwjgl-assimp-3.2.3-natives-macos.jar:/Users/user/.gradle/caches/modules-2/files-2.1/org.lwjgl/lwjgl-glfw/3.2.3/5e520d5c290c8b012545a8d34fa5db5ab051ea53/lwjgl-glfw-3.2.3.jar:/Users/user/.gradle/caches/modules-2/files-2.1/org.lwjgl/lwjgl-glfw/3.2.3/58661272eacb9116336c88b4aadccf1f17c09b/lwjgl-glfw-3.2.3-natives-macos.jar:/Users/user/.gradle/caches/modules-2/files-2.1/org.lwjgl/lwjgl-openal/3.2.3/106742e805803ab9eab8e343f0fb31a3d263903c/lwjgl-openal-3.2.3.jar:/Users/user/.gradle/caches/modules-2/files-2.1/org.lwjgl/lwjgl-openal/3.2.3/67ddd2a090589dfe6c4659d7f8b125b43f7b822b/lwjgl-openal-3.2.3-natives-macos.jar:/Users/user/.gradle/caches/modules-2/files-2.1/org.lwjgl/lwjgl-opengl/3.2.3/bdd534a323d0c8f54969b95e424b6ac8984f7d6e/lwjgl-opengl-3.2.3.jar:/Users/user/.gradle/caches/modules-2/files-2.1/org.lwjgl/lwjgl-opengl/3.2.3/efa3326c11336d3e74c9c8aeceb2420328d28e6b/lwjgl-opengl-3.2.3-natives-macos.jar:/Users/user/.gradle/caches/modules-2/files-2.1/org.lwjgl/lwjgl-stb/3.2.3/40eccaa4fa86fc815f2e17946a392fb5fdcc286a/lwjgl-stb-3.2.3.jar:/Users/user/.gradle/caches/modules-2/files-2.1/org.lwjgl/lwjgl-stb/3.2.3/7eed8caff57c3f795af2e2d0049c43a6e4d56474/lwjgl-stb-3.2.3-natives-macos.jar:/Users/user/.gradle/caches/modules-2/files-2.1/org.lwjgl/lwjgl/3.2.3/17a59ba0fe8d474ec9dbe0d5db40d2cfe59c4c08/lwjgl-3.2.3.jar:/Users/user/.gradle/caches/modules-2/files-2.1/org.lwjgl/lwjgl/3.2.3/35f506c5d368017a3cc5590da3d6d3a0760fb606/lwjgl-3.2.3-natives-macos.jar:/Users/user/.gradle/caches/modules-2/files-2.1/org.joml/joml/1.10.0/a29b8bf72dc1478e9ceea256db214188da94f313/joml-1.10.0.jar
Launcher Type: SUN_STANDARD

[Global flags]
     intx CICompilerCount                          = 3                                         {product} {ergonomic}
     uint ConcGCThreads                            = 1                                         {product} {ergonomic}
     uint G1ConcRefinementThreads                  = 4                                         {product} {ergonomic}
   size_t G1HeapRegionSize                         = 1048576                                   {product} {ergonomic}
    uintx GCDrainStackTargetSize                   = 64                                        {product} {ergonomic}
   size_t InitialHeapSize                          = 134217728                                 {product} {ergonomic}
   size_t MarkStackSize                            = 4194304                                   {product} {ergonomic}
   size_t MaxHeapSize                              = 2147483648                                {product} {ergonomic}
   size_t MaxNewSize                               = 1287651328                                {product} {ergonomic}
   size_t MinHeapDeltaBytes                        = 1048576                                   {product} {ergonomic}
   size_t MinHeapSize                              = 8388608                                   {product} {ergonomic}
    uintx NonNMethodCodeHeapSize                   = 5832780                                {pd product} {ergonomic}
    uintx NonProfiledCodeHeapSize                  = 122912730                              {pd product} {ergonomic}
    uintx ProfiledCodeHeapSize                     = 122912730                              {pd product} {ergonomic}
    uintx ReservedCodeCacheSize                    = 251658240                              {pd product} {ergonomic}
     bool SegmentedCodeCache                       = true                                      {product} {ergonomic}
   size_t SoftMaxHeapSize                          = 2147483648                             {manageable} {ergonomic}
     bool UseCompressedClassPointers               = true                                 {lp64_product} {ergonomic}
     bool UseCompressedOops                        = true                                 {lp64_product} {ergonomic}
     bool UseG1GC                                  = true                                      {product} {ergonomic}

Logging:
Log output configuration:
 #0: stdout all=warning uptime,level,tags
 #1: stderr all=off uptime,level,tags

Environment Variables:
PATH=/usr/local/bin:/usr/bin:/bin:/usr/sbin:/sbin:/usr/local/share/dotnet:~/.dotnet/tools:/Library/Apple/usr/bin:/Library/Frameworks/Mono.framework/Versions/Current/Commands
SHELL=/bin/zsh

Signal Handlers:
SIGSEGV: [libjvm.dylib+0x7415b8], sa_mask[0]=11111111011111110111111111111111, sa_flags=SA_ONSTACK|SA_RESTART|SA_SIGINFO
SIGBUS: [libjvm.dylib+0x7415b8], sa_mask[0]=11111111011111110111111111111111, sa_flags=SA_RESTART|SA_SIGINFO
SIGFPE: [libjvm.dylib+0x7415b8], sa_mask[0]=11111111011111110111111111111111, sa_flags=SA_RESTART|SA_SIGINFO
SIGPIPE: [libjvm.dylib+0x5eb4b1], sa_mask[0]=11111111011111110111111111111111, sa_flags=SA_RESTART|SA_SIGINFO
SIGXFSZ: [libjvm.dylib+0x5eb4b1], sa_mask[0]=11111111011111110111111111111111, sa_flags=SA_RESTART|SA_SIGINFO
SIGILL: [libjvm.dylib+0x7415b8], sa_mask[0]=11111111011111110111111111111111, sa_flags=SA_RESTART|SA_SIGINFO
SIGUSR2: [libjvm.dylib+0x5eba83], sa_mask[0]=00100000000000000000000000000000, sa_flags=SA_RESTART|SA_SIGINFO
SIGHUP: [libjvm.dylib+0x5eaae5], sa_mask[0]=11111111011111110111111111111111, sa_flags=SA_RESTART|SA_SIGINFO
SIGINT: [libjvm.dylib+0x5eaae5], sa_mask[0]=11111111011111110111111111111111, sa_flags=SA_RESTART|SA_SIGINFO
SIGTERM: [libjvm.dylib+0x5eaae5], sa_mask[0]=11111111011111110111111111111111, sa_flags=SA_RESTART|SA_SIGINFO
SIGQUIT: [libjvm.dylib+0x5eaae5], sa_mask[0]=11111111011111110111111111111111, sa_flags=SA_RESTART|SA_SIGINFO


---------------  S Y S T E M  ---------------

OS:uname:Darwin 19.6.0 Darwin Kernel Version 19.6.0: Thu May  6 00:48:39 PDT 2021; root:xnu-6153.141.33~1/RELEASE_X86_64 x86_64
OS uptime: 2 days 0:26 hours
rlimit: STACK 8192k, CORE 0k, NPROC 1392, NOFILE 10240, AS infinity, DATA infinity, FSIZE infinity
load average:6.81 6.24 5.73

CPU:total 4 (initial active 4) (2 cores per cpu, 2 threads per core) family 6 model 58 stepping 9, cmov, cx8, fxsr, mmx, sse, sse2, sse3, ssse3, sse4.1, sse4.2, popcnt, avx, aes, clmul, erms, ht, tsc, tscinvbit, tscinv

Memory: 4k page, physical 8388608k(33192k free), swap 2097152k(715520k free)

vm_info: Java HotSpot(TM) 64-Bit Server VM (14.0.2+12-46) for bsd-amd64 JRE (14.0.2+12-46), built on Jul  8 2020 23:32:31 by "mach5one" with clang 4.2.1 Compatible Apple LLVM 10.0.0 (clang-1000.11.45.5)

END.
