#
# A fatal error has been detected by the Java Runtime Environment:
#
#  SIGSEGV (0xb) at pc=0x00007fff2dcc9994, pid=72745, tid=6147
#
# JRE version: Java(TM) SE Runtime Environment (15.0.2+7) (build 15.0.2+7-27)
# Java VM: Java HotSpot(TM) 64-Bit Server VM (15.0.2+7-27, mixed mode, sharing, tiered, compressed oops, g1 gc, bsd-amd64)
# Problematic frame:
# C  [HIToolbox+0x27994]  _ZNK22THIThemeTextInfoFinder13GetTruncationEv+0x8
#
# No core dump will be written. Core dumps have been disabled. To enable core dumping, try "ulimit -c unlimited" before starting Java again
#
# If you would like to submit a bug report, please visit:
#   https://bugreport.java.com/bugreport/crash.jsp
# The crash happened outside the Java Virtual Machine in native code.
# See problematic frame for where to report the bug.
#

---------------  S U M M A R Y ------------

Command Line: -Dfile.encoding=UTF-8 -Duser.country=CZ -Duser.language=en -Duser.variant cz.educanet.Main

Host: MacBookPro9,2 x86_64 2500 MHz, 4 cores, 8G, Darwin 19.6.0
Time: Thu Jun 17 12:00:48 2021 CEST elapsed time: 34.015962 seconds (0d 0h 0m 34s)

---------------  T H R E A D  ---------------

Current thread (0x00007fa123008200):  JavaThread "main" [_thread_in_native, id=6147, stack(0x000070000254a000,0x000070000264a000)]

Stack: [0x000070000254a000,0x000070000264a000],  sp=0x0000700002647420,  free space=1013k
Native frames: (J=compiled Java code, A=aot compiled Java code, j=interpreted, Vv=VM code, C=native code)
C  [HIToolbox+0x27994]  _ZNK22THIThemeTextInfoFinder13GetTruncationEv+0x8
C  [HIToolbox+0x2ba52]  _ZN15TCoreTextEngine16DrawThemeTextBoxEP16THIThemeTextInfoRK6CGRectjP9CGContext+0xc0c
C  [HIToolbox+0x79060]  ___ZN10DataEngine11DrawTextBoxEPKvPK6CGRectP15HIThemeTextInfoP9CGContext_block_invoke+0x105
C  [HIToolbox+0x2aafc]  _ZN10DataEngine11DrawTextBoxEPKvPK6CGRectP15HIThemeTextInfoP9CGContext+0x4e6
C  [HIToolbox+0x2a5eb]  HIThemeDrawTextBox+0x1bb
C  [HIToolbox+0x29baf]  _ZN13HIMenuBarView13DrawTextTitleEP8MenuDataPK6CGRectPK10__CFStringtP9CGContextbb+0x17b
C  [HIToolbox+0x25075]  _ZN13HIMenuBarView8DrawOnceE6CGRectS0_bbP9CGContext+0x641
C  [HIToolbox+0x2494e]  _ZN13HIMenuBarView8DrawSelfEsPK9__HIShapeP9CGContext+0x23a
C  [HIToolbox+0x243b6]  _ZN13HIMenuBarView24DrawWithoutCustomizationEsPK9__HIShapeP9CGContext+0x52
C  [HIToolbox+0x2434e]  _ZN13HIMenuBarView22DrawingDelegateHandlerEP25OpaqueEventHandlerCallRefP14OpaqueEventRefPv+0x102
C  [HIToolbox+0x88ff]  _ZL23DispatchEventToHandlersP14EventTargetRecP14OpaqueEventRefP14HandlerCallRec+0x4e6
C  [HIToolbox+0x7d8d]  _ZL30SendEventToEventTargetInternalP14OpaqueEventRefP20OpaqueEventTargetRefP14HandlerCallRec+0x149
C  [HIToolbox+0x7c3d]  SendEventToEventTargetWithOptions+0x2d
C  [HIToolbox+0x23ecd]  _ZN6HIView8SendDrawEsP13OpaqueGrafPtrPK9__HIShapeP9CGContext+0x145
C  [HIToolbox+0x23967]  _ZN6HIView23RecursiveDrawCompositedEPK9__HIShapeS2_jPS_P9CGContexthd+0x23f
C  [HIToolbox+0x23b61]  _ZN6HIView23RecursiveDrawCompositedEPK9__HIShapeS2_jPS_P9CGContexthd+0x439
C  [HIToolbox+0x23399]  _ZN6HIView14DrawCompositedEsP13OpaqueGrafPtrPK9__HIShapejPS_P9CGContext+0x32f
C  [HIToolbox+0x2305b]  _ZN6HIView6RenderEjP9CGContext+0x33
C  [HIToolbox+0x22783]  _ZN10WindowData20PrepareForVisibilityEv+0x99
C  [HIToolbox+0x789c8]  _ShowHideWindows+0x11e
C  [HIToolbox+0x221b4]  ShowHide+0x23
C  [HIToolbox+0x12217]  _ZN9MBWindows18GetWindowOnDisplayEjh+0x127
C  [HIToolbox+0x11ff7]  _ZN15MenuBarInstance15ForEachWindowDoEhU13block_pointerFbP15OpaqueWindowPtrjE+0xb7
C  [HIToolbox+0x11efb]  _ZN15MenuBarInstance28SetBoundsAndUpdateResolutionEv+0x67
C  [HIToolbox+0x11a72]  _ZN15MenuBarInstance4ShowE21MenuBarAnimationStylehhhh+0x118
C  [HIToolbox+0x114aa]  _ZN15MenuBarInstance21UpdateAggregateUIModeE21MenuBarAnimationStylehhh+0x324
C  [HIToolbox+0x110aa]  _ZN15MenuBarInstance16ForEachMenuBarDoEU13block_pointerFvPS_E+0x2e
C  [HIToolbox+0x11042]  _ZL25UpdateAllAggregateUIModes21MenuBarAnimationStyleh+0x7e
C  [HIToolbox+0x10fae]  SetSystemUIMode+0xa5
C  [AppKit+0x319fb]  -[NSApplication finishLaunching]+0x2dc
C  [AppKit+0x313f0]  -[NSApplication run]+0xf4
C  [libglfw.dylib+0x10a85]
C  [libglfw.dylib+0xa416]
j  org.lwjgl.system.JNI.invokePPPP(IIJJJJ)J+0
j  org.lwjgl.glfw.GLFW.nglfwCreateWindow(IIJJJ)J+14
j  org.lwjgl.glfw.GLFW.glfwCreateWindow(IILjava/lang/CharSequence;JJ)J+37
j  cz.educanet.Window.Okno()V+36
j  cz.educanet.Main.main([Ljava/lang/String;)V+49
v  ~StubRoutines::call_stub
V  [libjvm.dylib+0x4adf62]  _ZN9JavaCalls11call_helperEP9JavaValueRK12methodHandleP17JavaCallArgumentsP6Thread+0x2e2
V  [libjvm.dylib+0x50e5f9]  _ZL17jni_invoke_staticP7JNIEnv_P9JavaValueP8_jobject11JNICallTypeP10_jmethodIDP18JNI_ArgumentPusherP6Thread+0x1f9
V  [libjvm.dylib+0x511b8a]  jni_CallStaticVoidMethod+0x18a
C  [libjli.dylib+0x4f3d]  JavaMain+0xc1d
C  [libjli.dylib+0x7659]  ThreadJavaMain+0x9
C  [libsystem_pthread.dylib+0x6109]  _pthread_start+0x94
C  [libsystem_pthread.dylib+0x1b8b]  thread_start+0xf

Java frames: (J=compiled Java code, j=interpreted, Vv=VM code)
j  org.lwjgl.system.JNI.invokePPPP(IIJJJJ)J+0
j  org.lwjgl.glfw.GLFW.nglfwCreateWindow(IIJJJ)J+14
j  org.lwjgl.glfw.GLFW.glfwCreateWindow(IILjava/lang/CharSequence;JJ)J+37
j  cz.educanet.Window.Okno()V+36
j  cz.educanet.Main.main([Ljava/lang/String;)V+49
v  ~StubRoutines::call_stub

siginfo: si_signo: 11 (SIGSEGV), si_code: 1 (SEGV_MAPERR), si_addr: 0x0000000000000016

Register to memory mapping:

RAX=0x0 is NULL
RBX=0x0 is NULL
RCX=0x3ff0000000000000 is an unknown value
RDX=0x3ff0000000000000 is an unknown value
RSP=0x0000700002647420 is pointing into the stack for thread: 0x00007fa123008200
RBP=0x0000700002647420 is pointing into the stack for thread: 0x00007fa123008200
RSI=0x00007fa121699960 points into unknown readable memory: 0x001dffff869e75f9 | f9 75 9e 86 ff ff 1d 00
RDI=0x00007fa121532fc0 points into unknown readable memory: 0x00007fff865bccd8 | d8 cc 5b 86 ff 7f 00 00
R8 =0x3ff0000000000000 is an unknown value
R9 =0x000000000000001f is an unknown value
R10=0x00007fa121700000 points into unknown readable memory: 0x0000000000000000 | 00 00 00 00 00 00 00 00
R11=0x0 is NULL
R12=0x00007fa121532fc0 points into unknown readable memory: 0x00007fff865bccd8 | d8 cc 5b 86 ff 7f 00 00
R13=0x00007fa121699960 points into unknown readable memory: 0x001dffff869e75f9 | f9 75 9e 86 ff ff 1d 00
R14=0x0 is NULL
R15=0x00007fa121699960 points into unknown readable memory: 0x001dffff869e75f9 | f9 75 9e 86 ff ff 1d 00


Registers:
RAX=0x0000000000000000, RBX=0x0000000000000000, RCX=0x3ff0000000000000, RDX=0x3ff0000000000000
RSP=0x0000700002647420, RBP=0x0000700002647420, RSI=0x00007fa121699960, RDI=0x00007fa121532fc0
R8 =0x3ff0000000000000, R9 =0x000000000000001f, R10=0x00007fa121700000, R11=0x0000000000000000
R12=0x00007fa121532fc0, R13=0x00007fa121699960, R14=0x0000000000000000, R15=0x00007fa121699960
RIP=0x00007fff2dcc9994, EFLAGS=0x0000000000010206, ERR=0x0000000000000004
  TRAPNO=0x000000000000000e

Top of Stack: (sp=0x0000700002647420)
0x0000700002647420:   0000700002647f30 00007fff2dccda52
0x0000700002647430:   3ff0000000000000 0000000000000000
0x0000700002647440:   0000000000000000 3ff0000000000000
0x0000700002647450:   403536e000000000 4018000000000000
0x0000700002647460:   0000000000001e00 0000000103bc8080
0x0000700002647470:   0000000000000006 0000000103be1800
0x0000700002647480:   0000700002647520 00007fff693e7297
0x0000700002647490:   3ff0000000000000 0000000000000000
0x00007000026474a0:   0000000000000000 3ff0000000000000
0x00007000026474b0:   0000000000000000 0000000000000000
0x00007000026474c0:   4032000000000000 0000000000000000
0x00007000026474d0:   4033000000000000 4036000000000000
0x00007000026474e0:   0000000103bc8080 00007fff86ceef98
0x00007000026474f0:   0000000300000000 0000000000000060
0x0000700002647500:   0000000000000060 0000000000000060
0x0000700002647510:   0000000000000000 0000000103bc7000
0x0000700002647520:   0000700002647550 00007fff693e60c6
0x0000700002647530:   0000000000000060 0000000000000101
0x0000700002647540:   0000000000000001 00007fa121755ba0
0x0000700002647550:   00007fff86ce29b8 00007fa12153ce58
0x0000700002647560:   0000000000000001 0782000000000001
0x0000700002647570:   00007fa12153ce20 3ff0000000000000
0x0000700002647580:   0000000000000000 00007fa121755b70
0x0000700002647590:   0000000000000000 0000000000000000
0x00007000026475a0:   3ff0000000000000 0000000000000000
0x00007000026475b0:   0000700002647e00 0000000000000000
0x00007000026475c0:   00007000026482a0 00007fa121532fc0
0x00007000026475d0:   0000700002647600 0000000000000000
0x00007000026475e0:   00007fa121699960 0000000000000000
0x00007000026475f0:   0100700002647660 0100000040400000
0x0000700002647600:   0000000000000000 0000000000000000
0x0000700002647610:   0000000000000000 3ff0000000000000 

Instructions: (pc=0x00007fff2dcc9994)
0x00007fff2dcc9894:   fe 4c 89 f2 f3 0f 10 45 d4 f3 0f 10 4d d0 44 89
0x00007fff2dcc98a4:   e1 e8 6e 42 00 00 83 f8 01 75 5b 4c 89 ef e8 3d
0x00007fff2dcc98b4:   f1 ff ff 84 c0 74 13 48 8d 7b 38 e8 62 44 05 00
0x00007fff2dcc98c4:   4c 89 ef 31 f6 e8 7e 04 00 00 0f 57 c9 f3 0f 10
0x00007fff2dcc98d4:   45 d4 0f 2e c1 75 0e 7a 0c 8a 43 30 84 c0 74 05
0x00007fff2dcc98e4:   e8 1b 52 27 00 48 89 df 4c 89 f6 f3 0f 10 4d d0
0x00007fff2dcc98f4:   44 89 fa 48 83 c4 08 5b 41 5c 41 5d 41 5e 41 5f
0x00007fff2dcc9904:   5d e9 a8 00 00 00 31 c0 48 83 c4 08 5b 41 5c 41
0x00007fff2dcc9914:   5d 41 5e 41 5f 5d c3 90 55 48 89 e5 48 8b 47 08
0x00007fff2dcc9924:   8b 40 12 5d c3 90 90 90 55 48 89 e5 41 56 53 41
0x00007fff2dcc9934:   89 d6 0f 57 c9 0f 2e c1 75 02 7b 3a 48 89 f3 48
0x00007fff2dcc9944:   8b 06 48 89 f7 ff 50 48 a8 01 75 2a 48 8b 03 48
0x00007fff2dcc9954:   89 df ff 50 50 85 c0 74 28 48 8b 03 48 89 df ff
0x00007fff2dcc9964:   50 58 31 c9 83 f8 01 0f 95 c1 85 c0 b8 02 00 00
0x00007fff2dcc9974:   00 0f 45 c1 eb 06 41 0f b6 c6 01 c0 5b 41 5e 5d
0x00007fff2dcc9984:   c3 b8 02 00 00 00 eb f4 55 48 89 e5 48 8b 47 08
0x00007fff2dcc9994:   8b 40 16 5d c3 90 55 48 89 e5 48 8b 47 08 8b 40
0x00007fff2dcc99a4:   1a 5d c3 90 90 90 90 90 90 90 90 90 90 90 55 48
0x00007fff2dcc99b4:   89 e5 41 57 41 56 41 54 53 48 83 ec 10 49 89 f6
0x00007fff2dcc99c4:   49 89 fc 83 fa 02 f3 0f 11 45 dc 74 1e 83 fa 01
0x00007fff2dcc99d4:   74 26 45 31 ff 85 d2 75 2d 4c 89 e7 4c 89 f6 f3
0x00007fff2dcc99e4:   0f 10 45 dc e8 57 00 00 00 eb 18 4c 89 e7 4c 89
0x00007fff2dcc99f4:   f6 e8 78 4f 0a 00 eb 0b 4c 89 e7 4c 89 f6 e8 db
0x00007fff2dcc9a04:   4c 0a 00 41 89 c7 49 8d 5c 24 50 48 89 df be 01
0x00007fff2dcc9a14:   00 00 00 e8 0a 03 00 00 48 89 df 4c 89 f6 e8 25
0x00007fff2dcc9a24:   03 00 00 f3 0f 10 45 dc f3 41 0f 11 44 24 54 44
0x00007fff2dcc9a34:   89 f8 48 83 c4 10 5b 41 5c 41 5e 41 5f 5d c3 90
0x00007fff2dcc9a44:   55 48 89 e5 41 57 41 56 41 55 41 54 53 48 83 ec
0x00007fff2dcc9a54:   18 f3 0f 11 45 d4 49 89 f4 49 89 fe 48 8b 7f 28
0x00007fff2dcc9a64:   e8 69 43 27 00 48 85 c0 0f 84 17 01 00 00 49 89
0x00007fff2dcc9a74:   c7 49 8b 04 24 4c 89 e7 ff 50 50 0f 57 c0 f3 0f
0x00007fff2dcc9a84:   10 4d d4 0f 2e c8 0f 86 9a 00 00 00 85 c0 0f 84 


Stack slot to memory mapping:
stack at sp + 0 slots: 0x0000700002647f30 is pointing into the stack for thread: 0x00007fa123008200
stack at sp + 1 slots: 0x00007fff2dccda52: _ZN15TCoreTextEngine16DrawThemeTextBoxEP16THIThemeTextInfoRK6CGRectjP9CGContext+0xc0c in /System/Library/Frameworks/Carbon.framework/Versions/A/Frameworks/HIToolbox.framework/Versions/A/HIToolbox at 0x00007fff2dca2000
stack at sp + 2 slots: 0x3ff0000000000000 is an unknown value
stack at sp + 3 slots: 0x0 is NULL
stack at sp + 4 slots: 0x0 is NULL
stack at sp + 5 slots: 0x3ff0000000000000 is an unknown value
stack at sp + 6 slots: 0x403536e000000000 is an unknown value
stack at sp + 7 slots: 0x4018000000000000 is an unknown value


---------------  P R O C E S S  ---------------

Threads class SMR info:
_java_thread_list=0x00007fa12162db90, length=10, elements={
0x00007fa123008200, 0x00007fa121867a00, 0x00007fa12181a800, 0x00007fa121869600,
0x00007fa12285a600, 0x00007fa12285c000, 0x00007fa12200e800, 0x00007fa12186d000,
0x00007fa12285c600, 0x00007fa12186d600
}

Java Threads: ( => current thread )
=>0x00007fa123008200 JavaThread "main" [_thread_in_native, id=6147, stack(0x000070000254a000,0x000070000264a000)]
  0x00007fa121867a00 JavaThread "Reference Handler" daemon [_thread_blocked, id=17923, stack(0x0000700002c5f000,0x0000700002d5f000)]
  0x00007fa12181a800 JavaThread "Finalizer" daemon [_thread_blocked, id=17411, stack(0x0000700002d62000,0x0000700002e62000)]
  0x00007fa121869600 JavaThread "Signal Dispatcher" daemon [_thread_blocked, id=42499, stack(0x0000700002f6b000,0x000070000306b000)]
  0x00007fa12285a600 JavaThread "Service Thread" daemon [_thread_blocked, id=23299, stack(0x000070000306e000,0x000070000316e000)]
  0x00007fa12285c000 JavaThread "C2 CompilerThread0" daemon [_thread_blocked, id=24067, stack(0x0000700003171000,0x0000700003271000)]
  0x00007fa12200e800 JavaThread "C1 CompilerThread0" daemon [_thread_blocked, id=24835, stack(0x0000700003274000,0x0000700003374000)]
  0x00007fa12186d000 JavaThread "Sweeper thread" daemon [_thread_blocked, id=25347, stack(0x0000700003377000,0x0000700003477000)]
  0x00007fa12285c600 JavaThread "Notification Thread" daemon [_thread_blocked, id=40963, stack(0x000070000347a000,0x000070000357a000)]
  0x00007fa12186d600 JavaThread "Common-Cleaner" daemon [_thread_blocked, id=26627, stack(0x0000700003680000,0x0000700003780000)]

Other Threads:
  0x00007fa12161d770 VMThread "VM Thread" [stack: 0x0000700002b5c000,0x0000700002c5c000] [id=18179]
  0x00007fa12151b010 WatcherThread [stack: 0x000070000357d000,0x000070000367d000] [id=40707]
  0x00007fa12160f500 GCTaskThread "GC Thread#0" [stack: 0x000070000264d000,0x000070000274d000] [id=19971]
  0x00007fa121610680 ConcurrentGCThread "G1 Main Marker" [stack: 0x0000700002750000,0x0000700002850000] [id=12803]
  0x00007fa121611750 ConcurrentGCThread "G1 Conc#0" [stack: 0x0000700002853000,0x0000700002953000] [id=18947]
  0x00007fa121435610 ConcurrentGCThread "G1 Refine#0" [stack: 0x0000700002956000,0x0000700002a56000] [id=13571]
  0x00007fa121612760 ConcurrentGCThread "G1 Young RemSet Sampling" [stack: 0x0000700002a59000,0x0000700002b59000] [id=13827]

Threads with active compile tasks:

VM state: not at safepoint (normal execution)

VM Mutex/Monitor currently owned by a thread: None

Heap address: 0x0000000780000000, size: 2048 MB, Compressed Oops mode: Zero based, Oop shift amount: 3
CDS archive(s) mapped at: [0x0000000800000000-0x0000000800b2d000-0x0000000800b2d000), size 11718656, SharedBaseAddress: 0x0000000800000000, ArchiveRelocationMode: 0.
Compressed class space mapped at: 0x0000000800b30000-0x0000000840b30000, size: 1073741824
Narrow klass base: 0x0000000800000000, Narrow klass shift: 3, Narrow klass range: 0x100000000

GC Precious Log:
 CPUs: 4 total, 4 available
 Memory: 8192M
 Large Page Support: Disabled
 NUMA Support: Disabled
 Compressed Oops: Enabled (Zero based)
 Heap Region Size: 1M
 Heap Min Capacity: 8M
 Heap Initial Capacity: 128M
 Heap Max Capacity: 2G
 Pre-touch: Disabled
 Parallel Workers: 4
 Concurrent Workers: 1
 Concurrent Refinement Workers: 4
 Periodic GC: Disabled

Heap:
 garbage-first heap   total 133120K, used 4904K [0x0000000780000000, 0x0000000800000000)
  region size 1024K, 5 young (5120K), 0 survivors (0K)
 Metaspace       used 2706K, capacity 5780K, committed 5888K, reserved 1056768K
  class space    used 189K, capacity 475K, committed 512K, reserved 1048576K

Heap Regions: E=young(eden), S=young(survivor), O=old, HS=humongous(starts), HC=humongous(continues), CS=collection set, F=free, OA=open archive, CA=closed archive, TAMS=top-at-mark-start (previous, next)
|   0|0x0000000780000000, 0x0000000780000000, 0x0000000780100000|  0%| F|  |TAMS 0x0000000780000000, 0x0000000780000000| Untracked 
|   1|0x0000000780100000, 0x0000000780100000, 0x0000000780200000|  0%| F|  |TAMS 0x0000000780100000, 0x0000000780100000| Untracked 
|   2|0x0000000780200000, 0x0000000780200000, 0x0000000780300000|  0%| F|  |TAMS 0x0000000780200000, 0x0000000780200000| Untracked 
|   3|0x0000000780300000, 0x0000000780300000, 0x0000000780400000|  0%| F|  |TAMS 0x0000000780300000, 0x0000000780300000| Untracked 
|   4|0x0000000780400000, 0x0000000780400000, 0x0000000780500000|  0%| F|  |TAMS 0x0000000780400000, 0x0000000780400000| Untracked 
|   5|0x0000000780500000, 0x0000000780500000, 0x0000000780600000|  0%| F|  |TAMS 0x0000000780500000, 0x0000000780500000| Untracked 
|   6|0x0000000780600000, 0x0000000780600000, 0x0000000780700000|  0%| F|  |TAMS 0x0000000780600000, 0x0000000780600000| Untracked 
|   7|0x0000000780700000, 0x0000000780700000, 0x0000000780800000|  0%| F|  |TAMS 0x0000000780700000, 0x0000000780700000| Untracked 
|   8|0x0000000780800000, 0x0000000780800000, 0x0000000780900000|  0%| F|  |TAMS 0x0000000780800000, 0x0000000780800000| Untracked 
|   9|0x0000000780900000, 0x0000000780900000, 0x0000000780a00000|  0%| F|  |TAMS 0x0000000780900000, 0x0000000780900000| Untracked 
|  10|0x0000000780a00000, 0x0000000780a00000, 0x0000000780b00000|  0%| F|  |TAMS 0x0000000780a00000, 0x0000000780a00000| Untracked 
|  11|0x0000000780b00000, 0x0000000780b00000, 0x0000000780c00000|  0%| F|  |TAMS 0x0000000780b00000, 0x0000000780b00000| Untracked 
|  12|0x0000000780c00000, 0x0000000780c00000, 0x0000000780d00000|  0%| F|  |TAMS 0x0000000780c00000, 0x0000000780c00000| Untracked 
|  13|0x0000000780d00000, 0x0000000780d00000, 0x0000000780e00000|  0%| F|  |TAMS 0x0000000780d00000, 0x0000000780d00000| Untracked 
|  14|0x0000000780e00000, 0x0000000780e00000, 0x0000000780f00000|  0%| F|  |TAMS 0x0000000780e00000, 0x0000000780e00000| Untracked 
|  15|0x0000000780f00000, 0x0000000780f00000, 0x0000000781000000|  0%| F|  |TAMS 0x0000000780f00000, 0x0000000780f00000| Untracked 
|  16|0x0000000781000000, 0x0000000781000000, 0x0000000781100000|  0%| F|  |TAMS 0x0000000781000000, 0x0000000781000000| Untracked 
|  17|0x0000000781100000, 0x0000000781100000, 0x0000000781200000|  0%| F|  |TAMS 0x0000000781100000, 0x0000000781100000| Untracked 
|  18|0x0000000781200000, 0x0000000781200000, 0x0000000781300000|  0%| F|  |TAMS 0x0000000781200000, 0x0000000781200000| Untracked 
|  19|0x0000000781300000, 0x0000000781300000, 0x0000000781400000|  0%| F|  |TAMS 0x0000000781300000, 0x0000000781300000| Untracked 
|  20|0x0000000781400000, 0x0000000781400000, 0x0000000781500000|  0%| F|  |TAMS 0x0000000781400000, 0x0000000781400000| Untracked 
|  21|0x0000000781500000, 0x0000000781500000, 0x0000000781600000|  0%| F|  |TAMS 0x0000000781500000, 0x0000000781500000| Untracked 
|  22|0x0000000781600000, 0x0000000781600000, 0x0000000781700000|  0%| F|  |TAMS 0x0000000781600000, 0x0000000781600000| Untracked 
|  23|0x0000000781700000, 0x0000000781700000, 0x0000000781800000|  0%| F|  |TAMS 0x0000000781700000, 0x0000000781700000| Untracked 
|  24|0x0000000781800000, 0x0000000781800000, 0x0000000781900000|  0%| F|  |TAMS 0x0000000781800000, 0x0000000781800000| Untracked 
|  25|0x0000000781900000, 0x0000000781900000, 0x0000000781a00000|  0%| F|  |TAMS 0x0000000781900000, 0x0000000781900000| Untracked 
|  26|0x0000000781a00000, 0x0000000781a00000, 0x0000000781b00000|  0%| F|  |TAMS 0x0000000781a00000, 0x0000000781a00000| Untracked 
|  27|0x0000000781b00000, 0x0000000781b00000, 0x0000000781c00000|  0%| F|  |TAMS 0x0000000781b00000, 0x0000000781b00000| Untracked 
|  28|0x0000000781c00000, 0x0000000781c00000, 0x0000000781d00000|  0%| F|  |TAMS 0x0000000781c00000, 0x0000000781c00000| Untracked 
|  29|0x0000000781d00000, 0x0000000781d00000, 0x0000000781e00000|  0%| F|  |TAMS 0x0000000781d00000, 0x0000000781d00000| Untracked 
|  30|0x0000000781e00000, 0x0000000781e00000, 0x0000000781f00000|  0%| F|  |TAMS 0x0000000781e00000, 0x0000000781e00000| Untracked 
|  31|0x0000000781f00000, 0x0000000781f00000, 0x0000000782000000|  0%| F|  |TAMS 0x0000000781f00000, 0x0000000781f00000| Untracked 
|  32|0x0000000782000000, 0x0000000782000000, 0x0000000782100000|  0%| F|  |TAMS 0x0000000782000000, 0x0000000782000000| Untracked 
|  33|0x0000000782100000, 0x0000000782100000, 0x0000000782200000|  0%| F|  |TAMS 0x0000000782100000, 0x0000000782100000| Untracked 
|  34|0x0000000782200000, 0x0000000782200000, 0x0000000782300000|  0%| F|  |TAMS 0x0000000782200000, 0x0000000782200000| Untracked 
|  35|0x0000000782300000, 0x0000000782300000, 0x0000000782400000|  0%| F|  |TAMS 0x0000000782300000, 0x0000000782300000| Untracked 
|  36|0x0000000782400000, 0x0000000782400000, 0x0000000782500000|  0%| F|  |TAMS 0x0000000782400000, 0x0000000782400000| Untracked 
|  37|0x0000000782500000, 0x0000000782500000, 0x0000000782600000|  0%| F|  |TAMS 0x0000000782500000, 0x0000000782500000| Untracked 
|  38|0x0000000782600000, 0x0000000782600000, 0x0000000782700000|  0%| F|  |TAMS 0x0000000782600000, 0x0000000782600000| Untracked 
|  39|0x0000000782700000, 0x0000000782700000, 0x0000000782800000|  0%| F|  |TAMS 0x0000000782700000, 0x0000000782700000| Untracked 
|  40|0x0000000782800000, 0x0000000782800000, 0x0000000782900000|  0%| F|  |TAMS 0x0000000782800000, 0x0000000782800000| Untracked 
|  41|0x0000000782900000, 0x0000000782900000, 0x0000000782a00000|  0%| F|  |TAMS 0x0000000782900000, 0x0000000782900000| Untracked 
|  42|0x0000000782a00000, 0x0000000782a00000, 0x0000000782b00000|  0%| F|  |TAMS 0x0000000782a00000, 0x0000000782a00000| Untracked 
|  43|0x0000000782b00000, 0x0000000782b00000, 0x0000000782c00000|  0%| F|  |TAMS 0x0000000782b00000, 0x0000000782b00000| Untracked 
|  44|0x0000000782c00000, 0x0000000782c00000, 0x0000000782d00000|  0%| F|  |TAMS 0x0000000782c00000, 0x0000000782c00000| Untracked 
|  45|0x0000000782d00000, 0x0000000782d00000, 0x0000000782e00000|  0%| F|  |TAMS 0x0000000782d00000, 0x0000000782d00000| Untracked 
|  46|0x0000000782e00000, 0x0000000782e00000, 0x0000000782f00000|  0%| F|  |TAMS 0x0000000782e00000, 0x0000000782e00000| Untracked 
|  47|0x0000000782f00000, 0x0000000782f00000, 0x0000000783000000|  0%| F|  |TAMS 0x0000000782f00000, 0x0000000782f00000| Untracked 
|  48|0x0000000783000000, 0x0000000783000000, 0x0000000783100000|  0%| F|  |TAMS 0x0000000783000000, 0x0000000783000000| Untracked 
|  49|0x0000000783100000, 0x0000000783100000, 0x0000000783200000|  0%| F|  |TAMS 0x0000000783100000, 0x0000000783100000| Untracked 
|  50|0x0000000783200000, 0x0000000783200000, 0x0000000783300000|  0%| F|  |TAMS 0x0000000783200000, 0x0000000783200000| Untracked 
|  51|0x0000000783300000, 0x0000000783300000, 0x0000000783400000|  0%| F|  |TAMS 0x0000000783300000, 0x0000000783300000| Untracked 
|  52|0x0000000783400000, 0x0000000783400000, 0x0000000783500000|  0%| F|  |TAMS 0x0000000783400000, 0x0000000783400000| Untracked 
|  53|0x0000000783500000, 0x0000000783500000, 0x0000000783600000|  0%| F|  |TAMS 0x0000000783500000, 0x0000000783500000| Untracked 
|  54|0x0000000783600000, 0x0000000783600000, 0x0000000783700000|  0%| F|  |TAMS 0x0000000783600000, 0x0000000783600000| Untracked 
|  55|0x0000000783700000, 0x0000000783700000, 0x0000000783800000|  0%| F|  |TAMS 0x0000000783700000, 0x0000000783700000| Untracked 
|  56|0x0000000783800000, 0x0000000783800000, 0x0000000783900000|  0%| F|  |TAMS 0x0000000783800000, 0x0000000783800000| Untracked 
|  57|0x0000000783900000, 0x0000000783900000, 0x0000000783a00000|  0%| F|  |TAMS 0x0000000783900000, 0x0000000783900000| Untracked 
|  58|0x0000000783a00000, 0x0000000783a00000, 0x0000000783b00000|  0%| F|  |TAMS 0x0000000783a00000, 0x0000000783a00000| Untracked 
|  59|0x0000000783b00000, 0x0000000783b00000, 0x0000000783c00000|  0%| F|  |TAMS 0x0000000783b00000, 0x0000000783b00000| Untracked 
|  60|0x0000000783c00000, 0x0000000783c00000, 0x0000000783d00000|  0%| F|  |TAMS 0x0000000783c00000, 0x0000000783c00000| Untracked 
|  61|0x0000000783d00000, 0x0000000783d00000, 0x0000000783e00000|  0%| F|  |TAMS 0x0000000783d00000, 0x0000000783d00000| Untracked 
|  62|0x0000000783e00000, 0x0000000783e00000, 0x0000000783f00000|  0%| F|  |TAMS 0x0000000783e00000, 0x0000000783e00000| Untracked 
|  63|0x0000000783f00000, 0x0000000783f00000, 0x0000000784000000|  0%| F|  |TAMS 0x0000000783f00000, 0x0000000783f00000| Untracked 
|  64|0x0000000784000000, 0x0000000784000000, 0x0000000784100000|  0%| F|  |TAMS 0x0000000784000000, 0x0000000784000000| Untracked 
|  65|0x0000000784100000, 0x0000000784100000, 0x0000000784200000|  0%| F|  |TAMS 0x0000000784100000, 0x0000000784100000| Untracked 
|  66|0x0000000784200000, 0x0000000784200000, 0x0000000784300000|  0%| F|  |TAMS 0x0000000784200000, 0x0000000784200000| Untracked 
|  67|0x0000000784300000, 0x0000000784300000, 0x0000000784400000|  0%| F|  |TAMS 0x0000000784300000, 0x0000000784300000| Untracked 
|  68|0x0000000784400000, 0x0000000784400000, 0x0000000784500000|  0%| F|  |TAMS 0x0000000784400000, 0x0000000784400000| Untracked 
|  69|0x0000000784500000, 0x0000000784500000, 0x0000000784600000|  0%| F|  |TAMS 0x0000000784500000, 0x0000000784500000| Untracked 
|  70|0x0000000784600000, 0x0000000784600000, 0x0000000784700000|  0%| F|  |TAMS 0x0000000784600000, 0x0000000784600000| Untracked 
|  71|0x0000000784700000, 0x0000000784700000, 0x0000000784800000|  0%| F|  |TAMS 0x0000000784700000, 0x0000000784700000| Untracked 
|  72|0x0000000784800000, 0x0000000784800000, 0x0000000784900000|  0%| F|  |TAMS 0x0000000784800000, 0x0000000784800000| Untracked 
|  73|0x0000000784900000, 0x0000000784900000, 0x0000000784a00000|  0%| F|  |TAMS 0x0000000784900000, 0x0000000784900000| Untracked 
|  74|0x0000000784a00000, 0x0000000784a00000, 0x0000000784b00000|  0%| F|  |TAMS 0x0000000784a00000, 0x0000000784a00000| Untracked 
|  75|0x0000000784b00000, 0x0000000784b00000, 0x0000000784c00000|  0%| F|  |TAMS 0x0000000784b00000, 0x0000000784b00000| Untracked 
|  76|0x0000000784c00000, 0x0000000784c00000, 0x0000000784d00000|  0%| F|  |TAMS 0x0000000784c00000, 0x0000000784c00000| Untracked 
|  77|0x0000000784d00000, 0x0000000784d00000, 0x0000000784e00000|  0%| F|  |TAMS 0x0000000784d00000, 0x0000000784d00000| Untracked 
|  78|0x0000000784e00000, 0x0000000784e00000, 0x0000000784f00000|  0%| F|  |TAMS 0x0000000784e00000, 0x0000000784e00000| Untracked 
|  79|0x0000000784f00000, 0x0000000784f00000, 0x0000000785000000|  0%| F|  |TAMS 0x0000000784f00000, 0x0000000784f00000| Untracked 
|  80|0x0000000785000000, 0x0000000785000000, 0x0000000785100000|  0%| F|  |TAMS 0x0000000785000000, 0x0000000785000000| Untracked 
|  81|0x0000000785100000, 0x0000000785100000, 0x0000000785200000|  0%| F|  |TAMS 0x0000000785100000, 0x0000000785100000| Untracked 
|  82|0x0000000785200000, 0x0000000785200000, 0x0000000785300000|  0%| F|  |TAMS 0x0000000785200000, 0x0000000785200000| Untracked 
|  83|0x0000000785300000, 0x0000000785300000, 0x0000000785400000|  0%| F|  |TAMS 0x0000000785300000, 0x0000000785300000| Untracked 
|  84|0x0000000785400000, 0x0000000785400000, 0x0000000785500000|  0%| F|  |TAMS 0x0000000785400000, 0x0000000785400000| Untracked 
|  85|0x0000000785500000, 0x0000000785500000, 0x0000000785600000|  0%| F|  |TAMS 0x0000000785500000, 0x0000000785500000| Untracked 
|  86|0x0000000785600000, 0x0000000785600000, 0x0000000785700000|  0%| F|  |TAMS 0x0000000785600000, 0x0000000785600000| Untracked 
|  87|0x0000000785700000, 0x0000000785700000, 0x0000000785800000|  0%| F|  |TAMS 0x0000000785700000, 0x0000000785700000| Untracked 
|  88|0x0000000785800000, 0x0000000785800000, 0x0000000785900000|  0%| F|  |TAMS 0x0000000785800000, 0x0000000785800000| Untracked 
|  89|0x0000000785900000, 0x0000000785900000, 0x0000000785a00000|  0%| F|  |TAMS 0x0000000785900000, 0x0000000785900000| Untracked 
|  90|0x0000000785a00000, 0x0000000785a00000, 0x0000000785b00000|  0%| F|  |TAMS 0x0000000785a00000, 0x0000000785a00000| Untracked 
|  91|0x0000000785b00000, 0x0000000785b00000, 0x0000000785c00000|  0%| F|  |TAMS 0x0000000785b00000, 0x0000000785b00000| Untracked 
|  92|0x0000000785c00000, 0x0000000785c00000, 0x0000000785d00000|  0%| F|  |TAMS 0x0000000785c00000, 0x0000000785c00000| Untracked 
|  93|0x0000000785d00000, 0x0000000785d00000, 0x0000000785e00000|  0%| F|  |TAMS 0x0000000785d00000, 0x0000000785d00000| Untracked 
|  94|0x0000000785e00000, 0x0000000785e00000, 0x0000000785f00000|  0%| F|  |TAMS 0x0000000785e00000, 0x0000000785e00000| Untracked 
|  95|0x0000000785f00000, 0x0000000785f00000, 0x0000000786000000|  0%| F|  |TAMS 0x0000000785f00000, 0x0000000785f00000| Untracked 
|  96|0x0000000786000000, 0x0000000786000000, 0x0000000786100000|  0%| F|  |TAMS 0x0000000786000000, 0x0000000786000000| Untracked 
|  97|0x0000000786100000, 0x0000000786100000, 0x0000000786200000|  0%| F|  |TAMS 0x0000000786100000, 0x0000000786100000| Untracked 
|  98|0x0000000786200000, 0x0000000786200000, 0x0000000786300000|  0%| F|  |TAMS 0x0000000786200000, 0x0000000786200000| Untracked 
|  99|0x0000000786300000, 0x0000000786300000, 0x0000000786400000|  0%| F|  |TAMS 0x0000000786300000, 0x0000000786300000| Untracked 
| 100|0x0000000786400000, 0x0000000786400000, 0x0000000786500000|  0%| F|  |TAMS 0x0000000786400000, 0x0000000786400000| Untracked 
| 101|0x0000000786500000, 0x0000000786500000, 0x0000000786600000|  0%| F|  |TAMS 0x0000000786500000, 0x0000000786500000| Untracked 
| 102|0x0000000786600000, 0x0000000786600000, 0x0000000786700000|  0%| F|  |TAMS 0x0000000786600000, 0x0000000786600000| Untracked 
| 103|0x0000000786700000, 0x0000000786700000, 0x0000000786800000|  0%| F|  |TAMS 0x0000000786700000, 0x0000000786700000| Untracked 
| 104|0x0000000786800000, 0x0000000786800000, 0x0000000786900000|  0%| F|  |TAMS 0x0000000786800000, 0x0000000786800000| Untracked 
| 105|0x0000000786900000, 0x0000000786900000, 0x0000000786a00000|  0%| F|  |TAMS 0x0000000786900000, 0x0000000786900000| Untracked 
| 106|0x0000000786a00000, 0x0000000786a00000, 0x0000000786b00000|  0%| F|  |TAMS 0x0000000786a00000, 0x0000000786a00000| Untracked 
| 107|0x0000000786b00000, 0x0000000786b00000, 0x0000000786c00000|  0%| F|  |TAMS 0x0000000786b00000, 0x0000000786b00000| Untracked 
| 108|0x0000000786c00000, 0x0000000786c00000, 0x0000000786d00000|  0%| F|  |TAMS 0x0000000786c00000, 0x0000000786c00000| Untracked 
| 109|0x0000000786d00000, 0x0000000786d00000, 0x0000000786e00000|  0%| F|  |TAMS 0x0000000786d00000, 0x0000000786d00000| Untracked 
| 110|0x0000000786e00000, 0x0000000786e00000, 0x0000000786f00000|  0%| F|  |TAMS 0x0000000786e00000, 0x0000000786e00000| Untracked 
| 111|0x0000000786f00000, 0x0000000786f00000, 0x0000000787000000|  0%| F|  |TAMS 0x0000000786f00000, 0x0000000786f00000| Untracked 
| 112|0x0000000787000000, 0x0000000787000000, 0x0000000787100000|  0%| F|  |TAMS 0x0000000787000000, 0x0000000787000000| Untracked 
| 113|0x0000000787100000, 0x0000000787100000, 0x0000000787200000|  0%| F|  |TAMS 0x0000000787100000, 0x0000000787100000| Untracked 
| 114|0x0000000787200000, 0x0000000787200000, 0x0000000787300000|  0%| F|  |TAMS 0x0000000787200000, 0x0000000787200000| Untracked 
| 115|0x0000000787300000, 0x0000000787300000, 0x0000000787400000|  0%| F|  |TAMS 0x0000000787300000, 0x0000000787300000| Untracked 
| 116|0x0000000787400000, 0x0000000787400000, 0x0000000787500000|  0%| F|  |TAMS 0x0000000787400000, 0x0000000787400000| Untracked 
| 117|0x0000000787500000, 0x0000000787500000, 0x0000000787600000|  0%| F|  |TAMS 0x0000000787500000, 0x0000000787500000| Untracked 
| 118|0x0000000787600000, 0x0000000787600000, 0x0000000787700000|  0%| F|  |TAMS 0x0000000787600000, 0x0000000787600000| Untracked 
| 119|0x0000000787700000, 0x0000000787700000, 0x0000000787800000|  0%| F|  |TAMS 0x0000000787700000, 0x0000000787700000| Untracked 
| 120|0x0000000787800000, 0x0000000787800000, 0x0000000787900000|  0%| F|  |TAMS 0x0000000787800000, 0x0000000787800000| Untracked 
| 121|0x0000000787900000, 0x0000000787900000, 0x0000000787a00000|  0%| F|  |TAMS 0x0000000787900000, 0x0000000787900000| Untracked 
| 122|0x0000000787a00000, 0x0000000787a00000, 0x0000000787b00000|  0%| F|  |TAMS 0x0000000787a00000, 0x0000000787a00000| Untracked 
| 123|0x0000000787b00000, 0x0000000787c00000, 0x0000000787c00000|100%| E|  |TAMS 0x0000000787b00000, 0x0000000787b00000| Complete 
| 124|0x0000000787c00000, 0x0000000787d00000, 0x0000000787d00000|100%| E|CS|TAMS 0x0000000787c00000, 0x0000000787c00000| Complete 
| 125|0x0000000787d00000, 0x0000000787e00000, 0x0000000787e00000|100%| E|CS|TAMS 0x0000000787d00000, 0x0000000787d00000| Complete 
| 126|0x0000000787e00000, 0x0000000787f00000, 0x0000000787f00000|100%| E|CS|TAMS 0x0000000787e00000, 0x0000000787e00000| Complete 
| 127|0x0000000787f00000, 0x0000000788000000, 0x0000000788000000|100%| E|CS|TAMS 0x0000000787f00000, 0x0000000787f00000| Complete 
|1022|0x00000007bfe00000, 0x00000007bfe51000, 0x00000007bff00000| 31%|OA|  |TAMS 0x00000007bfe00000, 0x00000007bfe00000| Untracked 
|1023|0x00000007bff00000, 0x00000007bff79000, 0x00000007c0000000| 47%|CA|  |TAMS 0x00000007bff00000, 0x00000007bff00000| Untracked 

Card table byte_map: [0x0000000105a11000,0x0000000105e11000] _byte_map_base: 0x0000000101e11000

Marking Bits (Prev, Next): (CMBitMap*) 0x00007fa122823610, (CMBitMap*) 0x00007fa122823650
 Prev Bits: [0x000000011f11c000, 0x000000012111c000)
 Next Bits: [0x000000012111c000, 0x000000012311c000)

Polling page: 0x0000000103bf8000

Metaspace:

Usage:
  Non-class:      5.18 MB capacity,     2.46 MB ( 47%) used,     2.72 MB ( 52%) free+waste,     3.62 KB ( <1%) overhead. 
      Class:    475.00 KB capacity,   189.18 KB ( 40%) used,   284.26 KB ( 60%) free+waste,     1.56 KB ( <1%) overhead. 
       Both:      5.64 MB capacity,     2.64 MB ( 47%) used,     3.00 MB ( 53%) free+waste,     5.19 KB ( <1%) overhead. 

Virtual space:
  Non-class space:        8.00 MB reserved,       5.25 MB ( 66%) committed 
      Class space:        1.00 GB reserved,     512.00 KB ( <1%) committed 
             Both:        1.01 GB reserved,       5.75 MB ( <1%) committed 

Chunk freelists:
   Non-Class:  39.00 KB
       Class:  5.00 KB
        Both:  44.00 KB

MaxMetaspaceSize: 17179869184.00 GB
CompressedClassSpaceSize: 1.00 GB

CodeHeap 'non-profiled nmethods': size=120032Kb used=112Kb max_used=112Kb free=119919Kb
 bounds [0x0000000117be4000, 0x0000000117e54000, 0x000000011f11c000]
CodeHeap 'profiled nmethods': size=120028Kb used=597Kb max_used=597Kb free=119430Kb
 bounds [0x00000001106ad000, 0x000000011091d000, 0x0000000117be4000]
CodeHeap 'non-nmethods': size=5700Kb used=1519Kb max_used=1534Kb free=4180Kb
 bounds [0x000000011011c000, 0x000000011038c000, 0x00000001106ad000]
 total_blobs=1300 nmethods=409 adapters=805
 compilation: enabled
              stopped_count=0, restarted_count=0
 full_count=0

Compilation events (20 events):
Event: 33.865 Thread 0x00007fa12200e800 nmethod 397 0x000000011073e090 code [0x000000011073e220, 0x000000011073e360]
Event: 33.866 Thread 0x00007fa12200e800  398       3       java.nio.MappedByteBuffer::rewind (5 bytes)
Event: 33.866 Thread 0x00007fa12200e800 nmethod 398 0x000000011073e410 code [0x000000011073e5c0, 0x000000011073e7f0]
Event: 33.867 Thread 0x00007fa12200e800  399       3       jdk.internal.jimage.ImageStringsReader::hashCode (31 bytes)
Event: 33.868 Thread 0x00007fa12200e800 nmethod 399 0x000000011073e910 code [0x000000011073eae0, 0x000000011073ec90]
Event: 33.868 Thread 0x00007fa12200e800  400       3       java.util.concurrent.ConcurrentHashMap$ValueIterator::next (34 bytes)
Event: 33.870 Thread 0x00007fa12200e800 nmethod 400 0x000000011073ed90 code [0x000000011073ef40, 0x000000011073f190]
Event: 33.870 Thread 0x00007fa12285c000 nmethod 396 0x0000000117bfe890 code [0x0000000117bfea20, 0x0000000117bfedd8]
Event: 33.872 Thread 0x00007fa12200e800  401       3       java.lang.ref.SoftReference::get (29 bytes)
Event: 33.872 Thread 0x00007fa12200e800 nmethod 401 0x000000011073f290 code [0x000000011073f420, 0x000000011073f5f0]
Event: 33.872 Thread 0x00007fa12200e800  402       1       java.util.Formatter$Flags::valueOf (5 bytes)
Event: 33.872 Thread 0x00007fa12200e800 nmethod 402 0x0000000117bfef90 code [0x0000000117bff120, 0x0000000117bff1d0]
Event: 33.881 Thread 0x00007fa12200e800  403       3       java.net.URL::isBuiltinStreamHandler (32 bytes)
Event: 33.882 Thread 0x00007fa12200e800 nmethod 403 0x000000011073f690 code [0x000000011073f980, 0x0000000110740a90]
Event: 33.882 Thread 0x00007fa12200e800  404       3       java.net.URL::isBuiltinStreamHandler (8 bytes)
Event: 33.882 Thread 0x00007fa12200e800 nmethod 404 0x0000000110741010 code [0x00000001107411c0, 0x0000000110741360]
Event: 33.882 Thread 0x00007fa12200e800  405       3       sun.net.util.IPAddressUtil::checkHostString (53 bytes)
Event: 33.883 Thread 0x00007fa12200e800 nmethod 405 0x0000000110741490 code [0x0000000110741720, 0x0000000110742220]
Event: 33.883 Thread 0x00007fa12200e800  406       1       org.lwjgl.system.Pointer$Default::address (5 bytes)
Event: 33.883 Thread 0x00007fa12200e800 nmethod 406 0x0000000117bffb10 code [0x0000000117bffca0, 0x0000000117bffd50]

GC Heap History (0 events):
No events

Deoptimization events (4 events):
Event: 0.197 Thread 0x00007fa123008200 Uncommon trap: trap_request=0xffffff45 fr.pc=0x0000000117becbd8 relative=0x0000000000000058
Event: 0.197 Thread 0x00007fa123008200 Uncommon trap: reason=unstable_if action=reinterpret pc=0x0000000117becbd8 method=java.lang.String.isLatin1()Z @ 10 c2
Event: 0.197 Thread 0x00007fa123008200 DEOPT PACKING pc=0x0000000117becbd8 sp=0x0000700002649420
Event: 0.197 Thread 0x00007fa123008200 DEOPT UNPACKING pc=0x000000011016a125 sp=0x00007000026493d0 mode 2

Classes unloaded (0 events):
No events

Classes redefined (0 events):
No events

Internal exceptions (16 events):
Event: 33.176 Thread 0x00007fa123008200 Exception <a 'java/lang/NoSuchMethodError'{0x0000000787c35890}: 'void java.lang.invoke.DirectMethodHandle$Holder.invokeStatic(java.lang.Object, java.lang.Object)'> (0x0000000787c35890) 
thrown [./open/src/hotspot/share/interpreter/linkResolver.cpp, line 782]
Event: 33.179 Thread 0x00007fa123008200 Exception <a 'java/lang/NoSuchMethodError'{0x0000000787c3aa40}: 'void java.lang.invoke.DirectMethodHandle$Holder.invokeSpecial(java.lang.Object, java.lang.Object, java.lang.Object)'> (0x0000000787c3aa40) 
thrown [./open/src/hotspot/share/interpreter/linkResolver.cpp, line 782]
Event: 33.185 Thread 0x00007fa123008200 Exception <a 'java/lang/NoSuchMethodError'{0x0000000787c4eea8}: 'java.lang.Object java.lang.invoke.DirectMethodHandle$Holder.invokeStatic(java.lang.Object, java.lang.Object, int)'> (0x0000000787c4eea8) 
thrown [./open/src/hotspot/share/interpreter/linkResolver.cpp, line 782]
Event: 33.189 Thread 0x00007fa123008200 Exception <a 'java/lang/NoSuchMethodError'{0x0000000787c5aff0}: 'void java.lang.invoke.DelegatingMethodHandle$Holder.delegate(java.lang.Object, java.lang.Object, int, java.lang.Object)'> (0x0000000787c5aff0) 
thrown [./open/src/hotspot/share/interpreter/linkResolver.cpp, line 782]
Event: 33.191 Thread 0x00007fa123008200 Exception <a 'java/lang/NoSuchMethodError'{0x0000000787c5f338}: 'int java.lang.invoke.DirectMethodHandle$Holder.invokeSpecial(java.lang.Object, java.lang.Object, java.lang.Object)'> (0x0000000787c5f338) 
thrown [./open/src/hotspot/share/interpreter/linkResolver.cpp, line 782]
Event: 33.218 Thread 0x00007fa123008200 Exception <a 'sun/nio/fs/UnixException'{0x0000000787cb0568}> (0x0000000787cb0568) 
thrown [./open/src/hotspot/share/prims/jni.cpp, line 578]
Event: 33.218 Thread 0x00007fa123008200 Exception <a 'sun/nio/fs/UnixException'{0x0000000787cb0cd8}> (0x0000000787cb0cd8) 
thrown [./open/src/hotspot/share/prims/jni.cpp, line 578]
Event: 33.227 Thread 0x00007fa123008200 Exception <a 'sun/nio/fs/UnixException'{0x0000000787cb4930}> (0x0000000787cb4930) 
thrown [./open/src/hotspot/share/prims/jni.cpp, line 578]
Event: 33.228 Thread 0x00007fa123008200 Exception <a 'sun/nio/fs/UnixException'{0x0000000787cbb830}> (0x0000000787cbb830) 
thrown [./open/src/hotspot/share/prims/jni.cpp, line 578]
Event: 33.237 Thread 0x00007fa123008200 Exception <a 'sun/nio/fs/UnixException'{0x0000000787cc0530}> (0x0000000787cc0530) 
thrown [./open/src/hotspot/share/prims/jni.cpp, line 578]
Event: 33.584 Thread 0x00007fa123008200 Exception <a 'sun/nio/fs/UnixException'{0x0000000787ccb008}> (0x0000000787ccb008) 
thrown [./open/src/hotspot/share/prims/jni.cpp, line 578]
Event: 33.585 Thread 0x00007fa123008200 Exception <a 'sun/nio/fs/UnixException'{0x0000000787ccdb28}> (0x0000000787ccdb28) 
thrown [./open/src/hotspot/share/prims/jni.cpp, line 578]
Event: 33.594 Thread 0x00007fa123008200 Exception <a 'sun/nio/fs/UnixException'{0x0000000787cd5b88}> (0x0000000787cd5b88) 
thrown [./open/src/hotspot/share/prims/jni.cpp, line 578]
Event: 33.608 Thread 0x00007fa123008200 Exception <a 'java/lang/NoSuchMethodError'{0x0000000787b17418}: 'java.lang.Object java.lang.invoke.DirectMethodHandle$Holder.invokeStatic(java.lang.Object)'> (0x0000000787b17418) 
thrown [./open/src/hotspot/share/interpreter/linkResolver.cpp, line 782]
Event: 33.609 Thread 0x00007fa123008200 Exception <a 'java/lang/NoSuchMethodError'{0x0000000787b1aa88}: 'java.lang.Object java.lang.invoke.DirectMethodHandle$Holder.invokeStaticInit(java.lang.Object)'> (0x0000000787b1aa88) 
thrown [./open/src/hotspot/share/interpreter/linkResolver.cpp, line 782]
Event: 33.871 Thread 0x00007fa123008200 Exception <a 'sun/nio/fs/UnixException'{0x0000000787bca5e0}> (0x0000000787bca5e0) 
thrown [./open/src/hotspot/share/prims/jni.cpp, line 578]

Events (20 events):
Event: 33.613 loading class java/nio/DirectCharBufferU
Event: 33.614 loading class java/nio/DirectCharBufferU done
Event: 33.614 loading class java/nio/DirectDoubleBufferU
Event: 33.614 loading class java/nio/DirectDoubleBufferU done
Event: 33.615 loading class sun/misc/Unsafe
Event: 33.615 loading class sun/misc/Unsafe done
Event: 33.617 loading class jdk/internal/reflect/UnsafeFieldAccessorFactory
Event: 33.617 loading class jdk/internal/reflect/UnsafeFieldAccessorFactory done
Event: 33.618 loading class jdk/internal/reflect/UnsafeQualifiedStaticObjectFieldAccessorImpl
Event: 33.618 loading class jdk/internal/reflect/UnsafeQualifiedStaticFieldAccessorImpl
Event: 33.618 loading class jdk/internal/reflect/UnsafeQualifiedStaticFieldAccessorImpl done
Event: 33.618 loading class jdk/internal/reflect/UnsafeQualifiedStaticObjectFieldAccessorImpl done
Event: 33.625 loading class java/math/MutableBigInteger
Event: 33.625 loading class java/math/MutableBigInteger done
Event: 33.625 loading class java/nio/BufferOverflowException
Event: 33.625 loading class java/nio/BufferOverflowException done
Event: 33.625 loading class java/nio/InvalidMarkException
Event: 33.626 loading class java/nio/InvalidMarkException done
Event: 33.626 loading class java/nio/BufferUnderflowException
Event: 33.626 loading class java/nio/BufferUnderflowException done


Dynamic libraries:
0x00007fff6874b000 	/usr/lib/libz.1.dylib
0x0000000103bc9000 	/Library/Java/JavaVirtualMachines/jdk-15.0.2.jdk/Contents/Home/lib/libjli.dylib
0x00007fff2e181000 	/System/Library/Frameworks/Cocoa.framework/Versions/A/Cocoa
0x00007fff3b9cf000 	/System/Library/Frameworks/Security.framework/Versions/A/Security
0x00007fff2d0e7000 	/System/Library/Frameworks/ApplicationServices.framework/Versions/A/ApplicationServices
0x00007fff66181000 	/usr/lib/libSystem.B.dylib
0x00007fff6900c000 	/usr/lib/system/libcache.dylib
0x00007fff69012000 	/usr/lib/system/libcommonCrypto.dylib
0x00007fff6901e000 	/usr/lib/system/libcompiler_rt.dylib
0x00007fff69026000 	/usr/lib/system/libcopyfile.dylib
0x00007fff69030000 	/usr/lib/system/libcorecrypto.dylib
0x00007fff691cf000 	/usr/lib/system/libdispatch.dylib
0x00007fff69210000 	/usr/lib/system/libdyld.dylib
0x00007fff69247000 	/usr/lib/system/libkeymgr.dylib
0x00007fff69255000 	/usr/lib/system/liblaunch.dylib
0x00007fff69256000 	/usr/lib/system/libmacho.dylib
0x00007fff6925c000 	/usr/lib/system/libquarantine.dylib
0x00007fff6925f000 	/usr/lib/system/libremovefile.dylib
0x00007fff69261000 	/usr/lib/system/libsystem_asl.dylib
0x00007fff69279000 	/usr/lib/system/libsystem_blocks.dylib
0x00007fff6927a000 	/usr/lib/system/libsystem_c.dylib
0x00007fff69302000 	/usr/lib/system/libsystem_configuration.dylib
0x00007fff69306000 	/usr/lib/system/libsystem_coreservices.dylib
0x00007fff6930a000 	/usr/lib/system/libsystem_darwin.dylib
0x00007fff69313000 	/usr/lib/system/libsystem_dnssd.dylib
0x00007fff6931b000 	/usr/lib/system/libsystem_featureflags.dylib
0x00007fff6931d000 	/usr/lib/system/libsystem_info.dylib
0x00007fff69398000 	/usr/lib/system/libsystem_m.dylib
0x00007fff693e4000 	/usr/lib/system/libsystem_malloc.dylib
0x00007fff6940c000 	/usr/lib/system/libsystem_networkextension.dylib
0x00007fff6941a000 	/usr/lib/system/libsystem_notify.dylib
0x00007fff69438000 	/usr/lib/system/libsystem_sandbox.dylib
0x00007fff6943d000 	/usr/lib/system/libsystem_secinit.dylib
0x00007fff6936b000 	/usr/lib/system/libsystem_kernel.dylib
0x00007fff69424000 	/usr/lib/system/libsystem_platform.dylib
0x00007fff6942d000 	/usr/lib/system/libsystem_pthread.dylib
0x00007fff69440000 	/usr/lib/system/libsystem_symptoms.dylib
0x00007fff69448000 	/usr/lib/system/libsystem_trace.dylib
0x00007fff69460000 	/usr/lib/system/libunwind.dylib
0x00007fff69466000 	/usr/lib/system/libxpc.dylib
0x00007fff68078000 	/usr/lib/libobjc.A.dylib
0x00007fff66550000 	/usr/lib/libc++abi.dylib
0x00007fff664fd000 	/usr/lib/libc++.1.dylib
0x00007fff2f034000 	/System/Library/Frameworks/CoreFoundation.framework/Versions/A/CoreFoundation
0x00007fff31715000 	/System/Library/Frameworks/Foundation.framework/Versions/C/Foundation
0x00007fff2c2d7000 	/System/Library/Frameworks/AppKit.framework/Versions/C/AppKit
0x00007fff2eb05000 	/System/Library/Frameworks/CoreData.framework/Versions/A/CoreData
0x00007fff60170000 	/System/Library/PrivateFrameworks/UIFoundation.framework/Versions/A/UIFoundation
0x00007fff5b204000 	/System/Library/PrivateFrameworks/RemoteViewServices.framework/Versions/A/RemoteViewServices
0x00007fff62cf1000 	/System/Library/PrivateFrameworks/XCTTargetBootstrap.framework/Versions/A/XCTTargetBootstrap
0x00007fff2ef01000 	/System/Library/Frameworks/CoreDisplay.framework/Versions/A/CoreDisplay
0x00007fff345d4000 	/System/Library/Frameworks/Metal.framework/Versions/A/Metal
0x00007fff491eb000 	/System/Library/PrivateFrameworks/DesktopServicesPriv.framework/Versions/A/DesktopServicesPriv
0x00007fff67353000 	/usr/lib/liblangid.dylib
0x00007fff48480000 	/System/Library/PrivateFrameworks/CoreSVG.framework/Versions/A/CoreSVG
0x00007fff5e360000 	/System/Library/PrivateFrameworks/SkyLight.framework/Versions/A/SkyLight
0x00007fff2f4b6000 	/System/Library/Frameworks/CoreGraphics.framework/Versions/A/CoreGraphics
0x00007fff2ac46000 	/System/Library/Frameworks/Accelerate.framework/Versions/A/Accelerate
0x00007fff6863c000 	/usr/lib/libxml2.2.dylib
0x00007fff5418d000 	/System/Library/PrivateFrameworks/IconServices.framework/Versions/A/IconServices
0x00007fff31ef4000 	/System/Library/Frameworks/IOSurface.framework/Versions/A/IOSurface
0x00007fff65cab000 	/usr/lib/libDiagnosticMessagesClient.dylib
0x00007fff49045000 	/System/Library/PrivateFrameworks/DFRFoundation.framework/Versions/A/DFRFoundation
0x00007fff670e2000 	/usr/lib/libicucore.A.dylib
0x00007fff2d419000 	/System/Library/Frameworks/AudioToolbox.framework/Versions/A/AudioToolbox
0x00007fff2d4fc000 	/System/Library/Frameworks/AudioUnit.framework/Versions/A/AudioUnit
0x00007fff66419000 	/usr/lib/libauto.dylib
0x00007fff490e7000 	/System/Library/PrivateFrameworks/DataDetectorsCore.framework/Versions/A/DataDetectorsCore
0x00007fff2dca2000 	/System/Library/Frameworks/Carbon.framework/Versions/A/Frameworks/HIToolbox.framework/Versions/A/HIToolbox
0x00007fff3abc9000 	/System/Library/Frameworks/QuartzCore.framework/Versions/A/QuartzCore
0x00007fff2dfe1000 	/System/Library/Frameworks/Carbon.framework/Versions/A/Frameworks/SpeechRecognition.framework/Versions/A/SpeechRecognition
0x00007fff48b59000 	/System/Library/PrivateFrameworks/CoreUI.framework/Versions/A/CoreUI
0x00007fff2e570000 	/System/Library/Frameworks/CoreAudio.framework/Versions/A/CoreAudio
0x00007fff313d4000 	/System/Library/Frameworks/DiskArbitration.framework/Versions/A/DiskArbitration
0x00007fff561dd000 	/System/Library/PrivateFrameworks/MultitouchSupport.framework/Versions/A/MultitouchSupport
0x00007fff66fa9000 	/usr/lib/libenergytrace.dylib
0x00007fff31e4e000 	/System/Library/Frameworks/IOKit.framework/Versions/A/IOKit
0x00007fff30440000 	/System/Library/Frameworks/CoreServices.framework/Versions/A/CoreServices
0x00007fff58397000 	/System/Library/PrivateFrameworks/PerformanceAnalysis.framework/Versions/A/PerformanceAnalysis
0x00007fff39bfc000 	/System/Library/Frameworks/OpenGL.framework/Versions/A/OpenGL
0x00007fff2e18f000 	/System/Library/Frameworks/ColorSync.framework/Versions/A/ColorSync
0x00007fff2fb5c000 	/System/Library/Frameworks/CoreImage.framework/Versions/A/CoreImage
0x00007fff30eb3000 	/System/Library/Frameworks/CoreText.framework/Versions/A/CoreText
0x00007fff31f84000 	/System/Library/Frameworks/ImageIO.framework/Versions/A/ImageIO
0x00007fff66579000 	/usr/lib/libcompression.dylib
0x00007fff65fef000 	/usr/lib/libMobileGestalt.dylib
0x00007fff5feda000 	/System/Library/PrivateFrameworks/TextureIO.framework/Versions/A/TextureIO
0x00007fff662e6000 	/usr/lib/libate.dylib
0x00007fff54396000 	/System/Library/PrivateFrameworks/InternationalSupport.framework/Versions/A/InternationalSupport
0x00007fff67355000 	/usr/lib/liblzma.5.dylib
0x00007fff66fd0000 	/usr/lib/libfakelink.dylib
0x00007fff66273000 	/usr/lib/libarchive.2.dylib
0x00007fff3ca82000 	/System/Library/Frameworks/SystemConfiguration.framework/Versions/A/SystemConfiguration
0x00007fff65bde000 	/usr/lib/libCRFSuite.dylib
0x00007fff2d893000 	/System/Library/Frameworks/CFNetwork.framework/Versions/A/CFNetwork
0x00007fff664df000 	/usr/lib/libbsm.0.dylib
0x00007fff69248000 	/usr/lib/system/libkxld.dylib
0x00007fff429bf000 	/System/Library/PrivateFrameworks/AppleFSCompression.framework/Versions/A/AppleFSCompression
0x00007fff6686b000 	/usr/lib/libcoretls.dylib
0x00007fff66882000 	/usr/lib/libcoretls_cfhelpers.dylib
0x00007fff680bd000 	/usr/lib/libpam.2.dylib
0x00007fff681f2000 	/usr/lib/libsqlite3.dylib
0x00007fff68629000 	/usr/lib/libxar.1.dylib
0x00007fff664f0000 	/usr/lib/libbz2.1.0.dylib
0x00007fff66ff1000 	/usr/lib/libiconv.2.dylib
0x00007fff66566000 	/usr/lib/libcharset.1.dylib
0x00007fff67b5b000 	/usr/lib/libnetwork.dylib
0x00007fff680c4000 	/usr/lib/libpcap.A.dylib
0x00007fff66228000 	/usr/lib/libapple_nghttp2.dylib
0x00007fff307f7000 	/System/Library/Frameworks/CoreServices.framework/Versions/A/Frameworks/FSEvents.framework/Versions/A/FSEvents
0x00007fff304c7000 	/System/Library/Frameworks/CoreServices.framework/Versions/A/Frameworks/CarbonCore.framework/Versions/A/CarbonCore
0x00007fff30a3b000 	/System/Library/Frameworks/CoreServices.framework/Versions/A/Frameworks/Metadata.framework/Versions/A/Metadata
0x00007fff30ad4000 	/System/Library/Frameworks/CoreServices.framework/Versions/A/Frameworks/OSServices.framework/Versions/A/OSServices
0x00007fff30b02000 	/System/Library/Frameworks/CoreServices.framework/Versions/A/Frameworks/SearchKit.framework/Versions/A/SearchKit
0x00007fff30441000 	/System/Library/Frameworks/CoreServices.framework/Versions/A/Frameworks/AE.framework/Versions/A/AE
0x00007fff30800000 	/System/Library/Frameworks/CoreServices.framework/Versions/A/Frameworks/LaunchServices.framework/Versions/A/LaunchServices
0x00007fff307a9000 	/System/Library/Frameworks/CoreServices.framework/Versions/A/Frameworks/DictionaryServices.framework/Versions/A/DictionaryServices
0x00007fff30b6a000 	/System/Library/Frameworks/CoreServices.framework/Versions/A/Frameworks/SharedFileList.framework/Versions/A/SharedFileList
0x00007fff35a1b000 	/System/Library/Frameworks/NetFS.framework/Versions/A/NetFS
0x00007fff5670d000 	/System/Library/PrivateFrameworks/NetAuth.framework/Versions/A/NetAuth
0x00007fff630be000 	/System/Library/PrivateFrameworks/login.framework/Versions/A/Frameworks/loginsupport.framework/Versions/A/loginsupport
0x00007fff5f9a5000 	/System/Library/PrivateFrameworks/TCC.framework/Versions/A/TCC
0x00007fff475f3000 	/System/Library/PrivateFrameworks/CoreNLP.framework/Versions/A/CoreNLP
0x00007fff55c0a000 	/System/Library/PrivateFrameworks/MetadataUtilities.framework/Versions/A/MetadataUtilities
0x00007fff6742d000 	/usr/lib/libmecabra.dylib
0x00007fff67385000 	/usr/lib/libmecab.dylib
0x00007fff66fe1000 	/usr/lib/libgermantok.dylib
0x00007fff6620f000 	/usr/lib/libThaiTokenizer.dylib
0x00007fff65c15000 	/usr/lib/libChineseTokenizer.dylib
0x00007fff2ac5f000 	/System/Library/Frameworks/Accelerate.framework/Versions/A/Frameworks/vImage.framework/Versions/A/vImage
0x00007fff2c12d000 	/System/Library/Frameworks/Accelerate.framework/Versions/A/Frameworks/vecLib.framework/Versions/A/vecLib
0x00007fff2bfae000 	/System/Library/Frameworks/Accelerate.framework/Versions/A/Frameworks/vecLib.framework/Versions/A/libvMisc.dylib
0x00007fff2be1b000 	/System/Library/Frameworks/Accelerate.framework/Versions/A/Frameworks/vecLib.framework/Versions/A/libvDSP.dylib
0x00007fff2b4fb000 	/System/Library/Frameworks/Accelerate.framework/Versions/A/Frameworks/vecLib.framework/Versions/A/libBLAS.dylib
0x00007fff2b9d3000 	/System/Library/Frameworks/Accelerate.framework/Versions/A/Frameworks/vecLib.framework/Versions/A/libLAPACK.dylib
0x00007fff2bd7b000 	/System/Library/Frameworks/Accelerate.framework/Versions/A/Frameworks/vecLib.framework/Versions/A/libLinearAlgebra.dylib
0x00007fff2be08000 	/System/Library/Frameworks/Accelerate.framework/Versions/A/Frameworks/vecLib.framework/Versions/A/libSparseBLAS.dylib
0x00007fff2bd91000 	/System/Library/Frameworks/Accelerate.framework/Versions/A/Frameworks/vecLib.framework/Versions/A/libQuadrature.dylib
0x00007fff2b691000 	/System/Library/Frameworks/Accelerate.framework/Versions/A/Frameworks/vecLib.framework/Versions/A/libBNNS.dylib
0x00007fff2bd97000 	/System/Library/Frameworks/Accelerate.framework/Versions/A/Frameworks/vecLib.framework/Versions/A/libSparse.dylib
0x00007fff5477e000 	/System/Library/PrivateFrameworks/LanguageModeling.framework/Versions/A/LanguageModeling
0x00007fff46fa2000 	/System/Library/PrivateFrameworks/CoreEmoji.framework/Versions/A/CoreEmoji
0x00007fff5489c000 	/System/Library/PrivateFrameworks/LinguisticData.framework/Versions/A/LinguisticData
0x00007fff5484d000 	/System/Library/PrivateFrameworks/Lexicon.framework/Versions/A/Lexicon
0x00007fff66567000 	/usr/lib/libcmph.dylib
0x00007fff3860a000 	/System/Library/Frameworks/OpenDirectory.framework/Versions/A/Frameworks/CFOpenDirectory.framework/Versions/A/CFOpenDirectory
0x00007fff38627000 	/System/Library/Frameworks/OpenDirectory.framework/Versions/A/OpenDirectory
0x00007fff40a6c000 	/System/Library/PrivateFrameworks/APFS.framework/Versions/A/APFS
0x00007fff3bd1b000 	/System/Library/Frameworks/SecurityFoundation.framework/Versions/A/SecurityFoundation
0x00007fff68625000 	/usr/lib/libutil.dylib
0x00007fff484d8000 	/System/Library/PrivateFrameworks/CoreServicesStore.framework/Versions/A/CoreServicesStore
0x00007fff3bdd2000 	/System/Library/Frameworks/ServiceManagement.framework/Versions/A/ServiceManagement
0x00007fff44190000 	/System/Library/PrivateFrameworks/BackgroundTaskManagement.framework/Versions/A/BackgroundTaskManagement
0x00007fff68722000 	/usr/lib/libxslt.1.dylib
0x00007fff43032000 	/System/Library/PrivateFrameworks/AppleSystemInfo.framework/Versions/A/AppleSystemInfo
0x00007fff321a3000 	/System/Library/Frameworks/ImageIO.framework/Versions/A/Resources/libJPEG.dylib
0x00007fff32462000 	/System/Library/Frameworks/ImageIO.framework/Versions/A/Resources/libTIFF.dylib
0x00007fff32445000 	/System/Library/Frameworks/ImageIO.framework/Versions/A/Resources/libPng.dylib
0x00007fff320e5000 	/System/Library/Frameworks/ImageIO.framework/Versions/A/Resources/libGIF.dylib
0x00007fff320e9000 	/System/Library/Frameworks/ImageIO.framework/Versions/A/Resources/libJP2.dylib
0x00007fff32460000 	/System/Library/Frameworks/ImageIO.framework/Versions/A/Resources/libRadiance.dylib
0x00007fff66faa000 	/usr/lib/libexpat.1.dylib
0x00007fff42b1a000 	/System/Library/PrivateFrameworks/AppleJPEG.framework/Versions/A/AppleJPEG
0x00007fff4b7ee000 	/System/Library/PrivateFrameworks/FontServices.framework/libFontParser.dylib
0x00007fff620c0000 	/System/Library/PrivateFrameworks/WatchdogClient.framework/Versions/A/WatchdogClient
0x00007fff53dd9000 	/System/Library/PrivateFrameworks/IOAccelerator.framework/Versions/A/IOAccelerator
0x00007fff3496f000 	/System/Library/Frameworks/MetalPerformanceShaders.framework/Versions/A/MetalPerformanceShaders
0x00007fff50569000 	/System/Library/PrivateFrameworks/GPUWrangler.framework/Versions/A/GPUWrangler
0x00007fff53dee000 	/System/Library/PrivateFrameworks/IOPresentment.framework/Versions/A/IOPresentment
0x00007fff49058000 	/System/Library/PrivateFrameworks/DSExternalDisplay.framework/Versions/A/DSExternalDisplay
0x00007fff38f9b000 	/System/Library/Frameworks/OpenGL.framework/Versions/A/Libraries/libCoreFSCache.dylib
0x00007fff346bb000 	/System/Library/Frameworks/MetalPerformanceShaders.framework/Frameworks/MPSCore.framework/Versions/A/MPSCore
0x00007fff346f9000 	/System/Library/Frameworks/MetalPerformanceShaders.framework/Frameworks/MPSImage.framework/Versions/A/MPSImage
0x00007fff347c0000 	/System/Library/Frameworks/MetalPerformanceShaders.framework/Frameworks/MPSNeuralNetwork.framework/Versions/A/MPSNeuralNetwork
0x00007fff34784000 	/System/Library/Frameworks/MetalPerformanceShaders.framework/Frameworks/MPSMatrix.framework/Versions/A/MPSMatrix
0x00007fff3491f000 	/System/Library/Frameworks/MetalPerformanceShaders.framework/Frameworks/MPSRayIntersector.framework/Versions/A/MPSRayIntersector
0x00007fff347aa000 	/System/Library/Frameworks/MetalPerformanceShaders.framework/Frameworks/MPSNDArray.framework/Versions/A/MPSNDArray
0x00007fff55c57000 	/System/Library/PrivateFrameworks/MetalTools.framework/Versions/A/MetalTools
0x00007fff41c46000 	/System/Library/PrivateFrameworks/AggregateDictionary.framework/Versions/A/AggregateDictionary
0x00007fff469ea000 	/System/Library/PrivateFrameworks/CoreAnalytics.framework/Versions/A/CoreAnalytics
0x00007fff42f51000 	/System/Library/PrivateFrameworks/AppleSauce.framework/Versions/A/AppleSauce
0x00007fff65ed1000 	/usr/lib/libIOReport.dylib
0x00007fff3106b000 	/System/Library/Frameworks/CoreVideo.framework/Versions/A/CoreVideo
0x00007fff519e2000 	/System/Library/PrivateFrameworks/GraphVisualizer.framework/Versions/A/GraphVisualizer
0x00007fff4ad34000 	/System/Library/PrivateFrameworks/FaceCore.framework/Versions/A/FaceCore
0x00007fff385b1000 	/System/Library/Frameworks/OpenCL.framework/Versions/A/OpenCL
0x00007fff65cf3000 	/usr/lib/libFosl_dynamic.dylib
0x00007fff5712e000 	/System/Library/PrivateFrameworks/OTSVG.framework/Versions/A/OTSVG
0x00007fff2d1ec000 	/System/Library/Frameworks/ApplicationServices.framework/Versions/A/Frameworks/ATS.framework/Versions/A/Resources/libFontRegistry.dylib
0x00007fff4b9bd000 	/System/Library/PrivateFrameworks/FontServices.framework/libhvf.dylib
0x00007fff38fa6000 	/System/Library/Frameworks/OpenGL.framework/Versions/A/Libraries/libGFXShared.dylib
0x00007fff39184000 	/System/Library/Frameworks/OpenGL.framework/Versions/A/Libraries/libGLU.dylib
0x00007fff38faf000 	/System/Library/Frameworks/OpenGL.framework/Versions/A/Libraries/libGL.dylib
0x00007fff38fba000 	/System/Library/Frameworks/OpenGL.framework/Versions/A/Libraries/libGLImage.dylib
0x00007fff38f98000 	/System/Library/Frameworks/OpenGL.framework/Versions/A/Libraries/libCVMSPluginSupport.dylib
0x00007fff38fa1000 	/System/Library/Frameworks/OpenGL.framework/Versions/A/Libraries/libCoreVMClient.dylib
0x00007fff679fc000 	/usr/lib/libncurses.5.4.dylib
0x00007fff2d0e8000 	/System/Library/Frameworks/ApplicationServices.framework/Versions/A/Frameworks/ATS.framework/Versions/A/ATS
0x00007fff2d2b5000 	/System/Library/Frameworks/ApplicationServices.framework/Versions/A/Frameworks/ColorSyncLegacy.framework/Versions/A/ColorSyncLegacy
0x00007fff2d353000 	/System/Library/Frameworks/ApplicationServices.framework/Versions/A/Frameworks/HIServices.framework/Versions/A/HIServices
0x00007fff2d3ab000 	/System/Library/Frameworks/ApplicationServices.framework/Versions/A/Frameworks/LangAnalysis.framework/Versions/A/LangAnalysis
0x00007fff2d3ba000 	/System/Library/Frameworks/ApplicationServices.framework/Versions/A/Frameworks/PrintCore.framework/Versions/A/PrintCore
0x00007fff2d400000 	/System/Library/Frameworks/ApplicationServices.framework/Versions/A/Frameworks/QD.framework/Versions/A/QD
0x00007fff2d40b000 	/System/Library/Frameworks/ApplicationServices.framework/Versions/A/Frameworks/SpeechSynthesis.framework/Versions/A/SpeechSynthesis
0x00007fff2d285000 	/System/Library/Frameworks/ApplicationServices.framework/Versions/A/Frameworks/ATSUI.framework/Versions/A/ATSUI
0x00007fff66e40000 	/usr/lib/libcups.2.dylib
0x00007fff33a0a000 	/System/Library/Frameworks/Kerberos.framework/Versions/A/Kerberos
0x00007fff31b47000 	/System/Library/Frameworks/GSS.framework/Versions/A/GSS
0x00007fff6817e000 	/usr/lib/libresolv.9.dylib
0x00007fff51b8f000 	/System/Library/PrivateFrameworks/Heimdal.framework/Versions/A/Heimdal
0x00007fff33a1d000 	/System/Library/Frameworks/Kerberos.framework/Versions/A/Libraries/libHeimdalProxy.dylib
0x00007fff66fe7000 	/usr/lib/libheimdal-asn1.dylib
0x00007fff45e82000 	/System/Library/PrivateFrameworks/CommonAuth.framework/Versions/A/CommonAuth
0x00007fff430cf000 	/System/Library/PrivateFrameworks/AssertionServices.framework/Versions/A/AssertionServices
0x00007fff43c72000 	/System/Library/PrivateFrameworks/AudioToolboxCore.framework/Versions/A/AudioToolboxCore
0x00007fff62d6e000 	/System/Library/PrivateFrameworks/caulk.framework/Versions/A/caulk
0x00007fff4423c000 	/System/Library/PrivateFrameworks/BaseBoard.framework/Versions/A/BaseBoard
0x00007fff5b392000 	/System/Library/PrivateFrameworks/RunningBoardServices.framework/Versions/A/RunningBoardServices
0x00007fff583a3000 	/System/Library/PrivateFrameworks/PersistentConnection.framework/Versions/A/PersistentConnection
0x00007fff5ad8b000 	/System/Library/PrivateFrameworks/ProtocolBuffer.framework/Versions/A/ProtocolBuffer
0x00007fff45ea6000 	/System/Library/PrivateFrameworks/CommonUtilities.framework/Versions/A/CommonUtilities
0x00007fff443ca000 	/System/Library/PrivateFrameworks/Bom.framework/Versions/A/Bom
0x00007fff65ba4000 	/usr/lib/libAudioToolboxUtility.dylib
0x00007fff4419a000 	/System/Library/PrivateFrameworks/Backup.framework/Versions/A/Backup
0x00007fff48f79000 	/System/Library/PrivateFrameworks/CrashReporterSupport.framework/Versions/A/CrashReporterSupport
0x00007fff5ce24000 	/System/Library/PrivateFrameworks/Sharing.framework/Versions/A/Sharing
0x00007fff426dd000 	/System/Library/PrivateFrameworks/Apple80211.framework/Versions/A/Apple80211
0x00007fff43eb7000 	/System/Library/PrivateFrameworks/AuthKit.framework/Versions/A/AuthKit
0x00007fff48c86000 	/System/Library/PrivateFrameworks/CoreUtils.framework/Versions/A/CoreUtils
0x00007fff310b0000 	/System/Library/Frameworks/CoreWLAN.framework/Versions/A/CoreWLAN
0x00007fff31cd4000 	/System/Library/Frameworks/IOBluetooth.framework/Versions/A/IOBluetooth
0x00007fff55f5c000 	/System/Library/PrivateFrameworks/MobileKeyBag.framework/Versions/A/MobileKeyBag
0x00007fff47a8b000 	/System/Library/PrivateFrameworks/CorePhoneNumbers.framework/Versions/A/CorePhoneNumbers
0x00007fff42acd000 	/System/Library/PrivateFrameworks/AppleIDAuthSupport.framework/Versions/A/AppleIDAuthSupport
0x00007fff35a28000 	/System/Library/Frameworks/Network.framework/Versions/A/Network
0x00007fff5462a000 	/System/Library/PrivateFrameworks/KeychainCircle.framework/Versions/A/KeychainCircle
0x00007fff2eacc000 	/System/Library/Frameworks/CoreBluetooth.framework/Versions/A/CoreBluetooth
0x00007fff5eea3000 	/System/Library/PrivateFrameworks/SpeechRecognitionCore.framework/Versions/A/SpeechRecognitionCore
0x0000000104400000 	/Library/Java/JavaVirtualMachines/jdk-15.0.2.jdk/Contents/Home/lib/server/libjvm.dylib
0x0000000103bec000 	/Library/Java/JavaVirtualMachines/jdk-15.0.2.jdk/Contents/Home/lib/libjimage.dylib
0x0000000105404000 	/Library/Java/JavaVirtualMachines/jdk-15.0.2.jdk/Contents/Home/lib/libjava.dylib
0x0000000106a63000 	/Library/Java/JavaVirtualMachines/jdk-15.0.2.jdk/Contents/Home/lib/libnio.dylib
0x0000000106a77000 	/Library/Java/JavaVirtualMachines/jdk-15.0.2.jdk/Contents/Home/lib/libnet.dylib
0x0000000106a90000 	/Library/Java/JavaVirtualMachines/jdk-15.0.2.jdk/Contents/Home/lib/libzip.dylib
0x0000000106a9e000 	/Library/Java/JavaVirtualMachines/jdk-15.0.2.jdk/Contents/Home/lib/libverify.dylib
0x0000000106aaf000 	/private/var/folders/lp/kb7w61qx3zl0b5hr1z25xzb00000gn/T/lwjgluser/3.2.3-build-13/liblwjgl.dylib
0x0000000106ad7000 	/private/var/folders/lp/kb7w61qx3zl0b5hr1z25xzb00000gn/T/lwjgluser/3.2.3-build-13/libglfw.dylib
0x00007fff484a4000 	/System/Library/PrivateFrameworks/CoreServicesInternal.framework/Versions/A/CoreServicesInternal
0x00007fff315cf000 	/System/Library/Frameworks/FileProvider.framework/Versions/A/FileProvider
0x00007fff2c12e000 	/System/Library/Frameworks/Accounts.framework/Versions/A/Accounts
0x00007fff5088e000 	/System/Library/PrivateFrameworks/GenerationalStorage.framework/Versions/A/GenerationalStorage
0x00007fff48a2b000 	/System/Library/PrivateFrameworks/CoreSymbolication.framework/Versions/A/CoreSymbolication
0x00007fff5f6e5000 	/System/Library/PrivateFrameworks/SymptomDiagnosticReporter.framework/Versions/A/SymptomDiagnosticReporter
0x00007fff421e1000 	/System/Library/PrivateFrameworks/AppContainer.framework/Versions/A/AppContainer
0x00007fff68198000 	/usr/lib/libsandbox.1.dylib
0x00007fff61063000 	/System/Library/PrivateFrameworks/UserManagement.framework/Versions/A/UserManagement
0x00007fff44f86000 	/System/Library/PrivateFrameworks/ChunkingLibrary.framework/Versions/A/ChunkingLibrary
0x00007fff491ad000 	/System/Library/PrivateFrameworks/DebugSymbols.framework/Versions/A/DebugSymbols
0x00007fff42253000 	/System/Library/PrivateFrameworks/AppSandbox.framework/Versions/A/AppSandbox
0x00007fff5ccae000 	/System/Library/PrivateFrameworks/SecCodeWrapper.framework/Versions/A/SecCodeWrapper
0x00007fff65fb9000 	/usr/lib/libMatch.1.dylib
0x00007fff2ac47000 	/System/Library/Frameworks/Accelerate.framework/Versions/A/Frameworks/vImage.framework/Versions/A/Libraries/libCGInterfaces.dylib
0x00007fff4b925000 	/System/Library/PrivateFrameworks/FontServices.framework/libTrueTypeScaler.dylib
0x00007fff24ee0000 	/System/Library/Extensions/AppleIntelHD4000GraphicsMTLDriver.bundle/Contents/MacOS/AppleIntelHD4000GraphicsMTLDriver


VM Arguments:
jvm_args: -Dfile.encoding=UTF-8 -Duser.country=CZ -Duser.language=en -Duser.variant 
java_command: cz.educanet.Main
java_class_path (initial): /Users/user/Documents/GitHub/Sprite/build/classes/java/main:/Users/user/Documents/GitHub/Sprite/build/resources/main:/Users/user/.gradle/caches/modules-2/files-2.1/org.lwjgl/lwjgl-assimp/3.2.3/f62aa07a20afbdd3097efc296c4841e0d29700eb/lwjgl-assimp-3.2.3.jar:/Users/user/.gradle/caches/modules-2/files-2.1/org.lwjgl/lwjgl-assimp/3.2.3/6efe40673c59667d5eb759c5a77e53e0f5abdb31/lwjgl-assimp-3.2.3-natives-macos.jar:/Users/user/.gradle/caches/modules-2/files-2.1/org.lwjgl/lwjgl-glfw/3.2.3/5e520d5c290c8b012545a8d34fa5db5ab051ea53/lwjgl-glfw-3.2.3.jar:/Users/user/.gradle/caches/modules-2/files-2.1/org.lwjgl/lwjgl-glfw/3.2.3/58661272eacb9116336c88b4aadccf1f17c09b/lwjgl-glfw-3.2.3-natives-macos.jar:/Users/user/.gradle/caches/modules-2/files-2.1/org.lwjgl/lwjgl-openal/3.2.3/106742e805803ab9eab8e343f0fb31a3d263903c/lwjgl-openal-3.2.3.jar:/Users/user/.gradle/caches/modules-2/files-2.1/org.lwjgl/lwjgl-openal/3.2.3/67ddd2a090589dfe6c4659d7f8b125b43f7b822b/lwjgl-openal-3.2.3-natives-macos.jar:/Users/user/.gradle/caches/modules-2/files-2.1/org.lwjgl/lwjgl-opengl/3.2.3/bdd534a323d0c8f54969b95e424b6ac8984f7d6e/lwjgl-opengl-3.2.3.jar:/Users/user/.gradle/caches/modules-2/files-2.1/org.lwjgl/lwjgl-opengl/3.2.3/efa3326c11336d3e74c9c8aeceb2420328d28e6b/lwjgl-opengl-3.2.3-natives-macos.jar:/Users/user/.gradle/caches/modules-2/files-2.1/org.lwjgl/lwjgl-stb/3.2.3/40eccaa4fa86fc815f2e17946a392fb5fdcc286a/lwjgl-stb-3.2.3.jar:/Users/user/.gradle/caches/modules-2/files-2.1/org.lwjgl/lwjgl-stb/3.2.3/7eed8caff57c3f795af2e2d0049c43a6e4d56474/lwjgl-stb-3.2.3-natives-macos.jar:/Users/user/.gradle/caches/modules-2/files-2.1/org.lwjgl/lwjgl/3.2.3/17a59ba0fe8d474ec9dbe0d5db40d2cfe59c4c08/lwjgl-3.2.3.jar:/Users/user/.gradle/caches/modules-2/files-2.1/org.lwjgl/lwjgl/3.2.3/35f506c5d368017a3cc5590da3d6d3a0760fb606/lwjgl-3.2.3-natives-macos.jar:/Users/user/.gradle/caches/modules-2/files-2.1/org.joml/joml/1.10.0/a29b8bf72dc1478e9ceea256db214188da94f313/joml-1.10.0.jar
Launcher Type: SUN_STANDARD

[Global flags]
     intx CICompilerCount                          = 3                                         {product} {ergonomic}
     uint ConcGCThreads                            = 1                                         {product} {ergonomic}
     uint G1ConcRefinementThreads                  = 4                                         {product} {ergonomic}
   size_t G1HeapRegionSize                         = 1048576                                   {product} {ergonomic}
    uintx GCDrainStackTargetSize                   = 64                                        {product} {ergonomic}
   size_t InitialHeapSize                          = 134217728                                 {product} {ergonomic}
   size_t MarkStackSize                            = 4194304                                   {product} {ergonomic}
   size_t MaxHeapSize                              = 2147483648                                {product} {ergonomic}
   size_t MaxNewSize                               = 1287651328                                {product} {ergonomic}
   size_t MinHeapDeltaBytes                        = 1048576                                   {product} {ergonomic}
   size_t MinHeapSize                              = 8388608                                   {product} {ergonomic}
    uintx NonNMethodCodeHeapSize                   = 5832780                                {pd product} {ergonomic}
    uintx NonProfiledCodeHeapSize                  = 122912730                              {pd product} {ergonomic}
    uintx ProfiledCodeHeapSize                     = 122912730                              {pd product} {ergonomic}
    uintx ReservedCodeCacheSize                    = 251658240                              {pd product} {ergonomic}
     bool SegmentedCodeCache                       = true                                      {product} {ergonomic}
   size_t SoftMaxHeapSize                          = 2147483648                             {manageable} {ergonomic}
     bool UseCompressedClassPointers               = true                                 {lp64_product} {ergonomic}
     bool UseCompressedOops                        = true                                 {lp64_product} {ergonomic}
     bool UseG1GC                                  = true                                      {product} {ergonomic}
     bool UseNUMA                                  = false                                     {product} {ergonomic}
     bool UseNUMAInterleaving                      = false                                     {product} {ergonomic}

Logging:
Log output configuration:
 #0: stdout all=warning uptime,level,tags
 #1: stderr all=off uptime,level,tags

Environment Variables:
PATH=/usr/local/bin:/usr/bin:/bin:/usr/sbin:/sbin:/usr/local/share/dotnet:~/.dotnet/tools:/Library/Apple/usr/bin:/Library/Frameworks/Mono.framework/Versions/Current/Commands
SHELL=/bin/zsh
LC_CTYPE=en_US.UTF-8

Signal Handlers:
SIGSEGV: [libjvm.dylib+0x9ff2f0], sa_mask[0]=11111111011111110111111111111111, sa_flags=SA_ONSTACK|SA_RESTART|SA_SIGINFO
SIGBUS: [libjvm.dylib+0x9ff2f0], sa_mask[0]=11111111011111110111111111111111, sa_flags=SA_RESTART|SA_SIGINFO
SIGFPE: [libjvm.dylib+0x9ff2f0], sa_mask[0]=11111111011111110111111111111111, sa_flags=SA_RESTART|SA_SIGINFO
SIGPIPE: [libjvm.dylib+0x82ae30], sa_mask[0]=11111111011111110111111111111111, sa_flags=SA_RESTART|SA_SIGINFO
SIGXFSZ: [libjvm.dylib+0x82ae30], sa_mask[0]=11111111011111110111111111111111, sa_flags=SA_RESTART|SA_SIGINFO
SIGILL: [libjvm.dylib+0x9ff2f0], sa_mask[0]=11111111011111110111111111111111, sa_flags=SA_RESTART|SA_SIGINFO
SIGUSR2: [libjvm.dylib+0x82b940], sa_mask[0]=00100000000000000000000000000000, sa_flags=SA_RESTART|SA_SIGINFO
SIGHUP: [libjvm.dylib+0x82a040], sa_mask[0]=11111111011111110111111111111111, sa_flags=SA_RESTART|SA_SIGINFO
SIGINT: [libjvm.dylib+0x82a040], sa_mask[0]=11111111011111110111111111111111, sa_flags=SA_RESTART|SA_SIGINFO
SIGTERM: [libjvm.dylib+0x82a040], sa_mask[0]=11111111011111110111111111111111, sa_flags=SA_RESTART|SA_SIGINFO
SIGQUIT: [libjvm.dylib+0x82a040], sa_mask[0]=11111111011111110111111111111111, sa_flags=SA_RESTART|SA_SIGINFO


---------------  S Y S T E M  ---------------

OS:uname: Darwin 19.6.0 Darwin Kernel Version 19.6.0: Thu May  6 00:48:39 PDT 2021; root:xnu-6153.141.33~1/RELEASE_X86_64 x86_64
OS uptime: 1 days 14:36 hours
rlimit (soft/hard): STACK 8192k/65532k , CORE 0k/infinity , NPROC 1392/2088 , NOFILE 10240/infinity , AS infinity/infinity , CPU infinity/infinity , DATA infinity/infinity , FSIZE infinity/infinity , MEMLOCK infinity/infinity , RSS infinity/infinity
load average: 4.48 3.69 3.66

CPU: total 4 (initial active 4) (2 cores per cpu, 2 threads per core) family 6 model 58 stepping 9 microcode 0x21, cmov, cx8, fxsr, mmx, sse, sse2, sse3, ssse3, sse4.1, sse4.2, popcnt, vzeroupper, avx, aes, clmul, erms, ht, tsc, tscinvbit, tscinv, clflush

Memory: 4k page, physical 8388608k(19628k free), swap 1048576k(711936k free)

vm_info: Java HotSpot(TM) 64-Bit Server VM (15.0.2+7-27) for bsd-amd64 JRE (15.0.2+7-27), built on Dec  7 2020 20:08:32 by "mach5one" with clang 4.2.1 Compatible Apple LLVM 10.0.0 (clang-1000.11.45.5)

END.
