#
# A fatal error has been detected by the Java Runtime Environment:
#
#  SIGILL (0x4) at pc=0x00007fff6e2ab66e, pid=3907, tid=775
#
# JRE version: Java(TM) SE Runtime Environment (15.0.2+7) (build 15.0.2+7-27)
# Java VM: Java HotSpot(TM) 64-Bit Server VM (15.0.2+7-27, mixed mode, sharing, tiered, compressed oops, g1 gc, bsd-amd64)
# Problematic frame:
# C  [libsystem_platform.dylib+0x666e]  _os_unfair_lock_corruption_abort+0x17
#
# No core dump will be written. Core dumps have been disabled. To enable core dumping, try "ulimit -c unlimited" before starting Java again
#
# If you would like to submit a bug report, please visit:
#   https://bugreport.java.com/bugreport/crash.jsp
#

---------------  S U M M A R Y ------------

Command Line: -Dfile.encoding=UTF-8 -Duser.country=CZ -Duser.language=en -Duser.variant cz.educanet.Main

Host: MacBookPro9,2 x86_64 2500 MHz, 4 cores, 8G, Darwin 19.6.0
Time: Fri May 14 10:52:36 2021 CEST elapsed time: 11.319273 seconds (0d 0h 0m 11s)

---------------  T H R E A D  ---------------

Current thread is native thread

Stack: [0x00007ffee4f43000,0x00007ffee5743000],  sp=0x00007ffee573fdf8,  free space=8179k
Native frames: (J=compiled Java code, A=aot compiled Java code, j=interpreted, Vv=VM code, C=native code)
C  [libsystem_platform.dylib+0x666e]  _os_unfair_lock_corruption_abort+0x17
C  [libsystem_pthread.dylib+0x1f91]  pthread_mutex_destroy+0x2f
C  [CoreGraphics+0x1fcbf]  CGClipStackRelease+0x63
C  [CoreGraphics+0x2c9de]  maybeCopyClipState+0x28
C  [CoreGraphics+0x96d87]  CGGStateClipToPath+0x94
C  [CoreGraphics+0x96cd2]  clip+0x6f
C  [HIToolbox+0x2394b]  _ZN6HIView23RecursiveDrawCompositedEPK9__HIShapeS2_jPS_P9CGContexthd+0x223
C  [HIToolbox+0x23b61]  _ZN6HIView23RecursiveDrawCompositedEPK9__HIShapeS2_jPS_P9CGContexthd+0x439
C  [HIToolbox+0x23399]  _ZN6HIView14DrawCompositedEsP13OpaqueGrafPtrPK9__HIShapejPS_P9CGContext+0x32f
C  [HIToolbox+0x2305b]  _ZN6HIView6RenderEjP9CGContext+0x33
C  [HIToolbox+0x3af2b]  _ZL17FlushWindowObjectP10WindowDataPPvh+0x2ed
C  [HIToolbox+0x3a96b]  _ZL15FlushAllBuffersP19__CFRunLoopObservermPv+0x132
C  [CoreFoundation+0x838bc]  __CFRUNLOOP_IS_CALLING_OUT_TO_AN_OBSERVER_CALLBACK_FUNCTION__+0x17
C  [CoreFoundation+0x837ec]  __CFRunLoopDoObservers+0x1c9
C  [CoreFoundation+0x82eab]  __CFRunLoopRun+0x49b
C  [CoreFoundation+0x823b3]  CFRunLoopRunSpecific+0x1d2
C  [libjli.dylib+0x6e32]  CreateExecutionEnvironment+0x192
C  [libjli.dylib+0x2674]  JLI_Launch+0x614
C  [java+0xc16]  main+0x196
C  [libdyld.dylib+0x1acc9]  start+0x1


siginfo: si_signo: 4 (SIGILL), si_code: 1 (ILL_ILLOPC), si_addr: 0x00007fff6e2ab66e

Registers:
RAX=0x00000000234c9378, RBX=0x0000000001010002, RCX=0x00007fff6e2abc9d, RDX=0x0000000000000000
RSP=0x00007ffee573fdf8, RBP=0x00007ffee573fe30, RSI=0x0000000000000307, RDI=0x00000000234c9378
R8 =0x000000000000933c, R9 =0x000000000000933d, R10=0x0000000000000000, R11=0x0000000000000246
R12=0x0000000000010000, R13=0x0000000000000307, R14=0x0000000000000000, R15=0x00007ff234c7a818
RIP=0x00007fff6e2ab66e, EFLAGS=0x0000000000010246, ERR=0x0000000000000000
  TRAPNO=0x0000000000000006

Top of Stack: (sp=0x00007ffee573fdf8)
0x00007ffee573fdf8:   00007fff6e2a6a2d 00000307234c9378
0x00007ffee573fe08:   00007ff234c7a810 000000000000012b
0x00007ffee573fe18:   00007ff234d99b20 00007ff234c7a818
0x00007ffee573fe28:   0000000000000000 00007ffee573fe60
0x00007ffee573fe38:   00007fff6e2aff91 0000000000000016
0x00007ffee573fe48:   0000000000000001 00007ff234c7a810
0x00007ffee573fe58:   0000000000000000 00007ffee573fe80
0x00007ffee573fe68:   00007fff3432ccbf 00007ff234d9de90
0x00007ffee573fe78:   00007ff234c7a810 00007ffee573fea0
0x00007ffee573fe88:   00007fff343399de 00007ff234d973e0
0x00007ffee573fe98:   00007ff234d9de90 00007ffee573fee0
0x00007ffee573fea8:   00007fff343a3d87 00007ffee573fee0
0x00007ffee573feb8:   0000000000000000 00007ff234c9c830
0x00007ffee573fec8:   0000000000000000 0000000000000000
0x00007ffee573fed8:   00007ff234d0fa10 00007ffee573ff00
0x00007ffee573fee8:   00007fff343a3cd2 00007ff234c9c830
0x00007ffee573fef8:   0000000000000000 00007ffee5740010
0x00007ffee573ff08:   00007fff32b1c94b 0000000200000000
0x00007ffee573ff18:   0000000000000000 0000000000000000
0x00007ffee573ff28:   4094000000000000 4036000000000000
0x00007ffee573ff38:   0000000000000000 0000000000000000
0x00007ffee573ff48:   4094000000000000 4036000000000000
0x00007ffee573ff58:   0000000000000000 0000000000000000
0x00007ffee573ff68:   4094000000000000 4036000000000000
0x00007ffee573ff78:   3ff0000000000000 00007ffee573ffa0
0x00007ffee573ff88:   00007fff34326bdb 00007fff40000000
0x00007ffee573ff98:   00007ffee573ffd0 00007ffee573ffc0
0x00007ffee573ffa8:   00007fff34326bbc 00000000ffffffce
0x00007ffee573ffb8:   00007ff234d99b20 00007ff234c9c830
0x00007ffee573ffc8:   00007ff234d0fab0 0000000000000000
0x00007ffee573ffd8:   00007ff234d8c030 00007ffe00000005
0x00007ffee573ffe8:   0000000000000000 00007ff234d8c030 

Instructions: (pc=0x00007fff6e2ab66e)
0x00007fff6e2ab56e:   4c 89 b0 80 00 00 00 4c 89 b8 88 00 00 00 48 8b
0x00007fff6e2ab57e:   0c 24 48 89 88 90 00 00 00 48 8d 4c 24 08 48 89
0x00007fff6e2ab58e:   48 48 31 c0 c3 58 5f 5e 5a 59 41 58 41 59 ff d0
0x00007fff6e2ab59e:   4c 89 e4 48 8b 3c 24 e8 fd fc ff ff cd 05 48 8b
0x00007fff6e2ab5ae:   5f 18 4c 8b 67 70 4c 8b 6f 78 4c 8b b7 80 00 00
0x00007fff6e2ab5be:   00 4c 8b bf 88 00 00 00 48 8b 67 48 48 8b 6f 40
0x00007fff6e2ab5ce:   31 c0 ff a7 90 00 00 00 48 63 c7 48 8d 0d 60 04
0x00007fff6e2ab5de:   00 00 48 89 0d 91 f4 3b 26 48 89 05 ba f4 3b 26
0x00007fff6e2ab5ee:   0f 0b 90 48 63 c7 48 8d 0d 7c 05 00 00 48 89 0d
0x00007fff6e2ab5fe:   76 f4 3b 26 48 89 05 9f f4 3b 26 0f 0b 48 89 f0
0x00007fff6e2ab60e:   48 8d 0d a9 05 00 00 48 89 0d 5c f4 3b 26 48 89
0x00007fff6e2ab61e:   05 85 f4 3b 26 0f 0b 89 f8 48 8d 0d ce 05 00 00
0x00007fff6e2ab62e:   48 89 0d 43 f4 3b 26 48 89 05 6c f4 3b 26 0f 0b
0x00007fff6e2ab63e:   89 f8 48 8d 0d 00 06 00 00 48 89 0d 2a f4 3b 26
0x00007fff6e2ab64e:   48 89 05 53 f4 3b 26 0f 0b 89 f8 48 8d 0d 3d 06
0x00007fff6e2ab65e:   00 00 48 89 0d 11 f4 3b 26 48 89 05 3a f4 3b 26
0x00007fff6e2ab66e:   0f 0b 89 f8 48 8d 0d 52 07 00 00 48 89 0d f8 f3
0x00007fff6e2ab67e:   3b 26 48 89 05 21 f4 3b 26 0f 0b 89 f8 48 8d 0d
0x00007fff6e2ab68e:   7f 07 00 00 48 89 0d df f3 3b 26 48 89 05 08 f4
0x00007fff6e2ab69e:   3b 26 0f 0b 89 f8 48 8d 0d b7 07 00 00 48 89 0d
0x00007fff6e2ab6ae:   c6 f3 3b 26 48 89 05 ef f3 3b 26 0f 0b 89 f8 48
0x00007fff6e2ab6be:   8d 0d d1 07 00 00 48 89 0d ad f3 3b 26 48 89 05
0x00007fff6e2ab6ce:   d6 f3 3b 26 0f 0b 89 f8 48 8d 0d f8 05 00 00 48
0x00007fff6e2ab6de:   89 0d 94 f3 3b 26 48 89 05 bd f3 3b 26 0f 0b 89
0x00007fff6e2ab6ee:   f8 48 8d 0d 3d 06 00 00 48 89 0d 7b f3 3b 26 48
0x00007fff6e2ab6fe:   89 05 a4 f3 3b 26 0f 0b 48 8d 0d 80 06 00 00 48
0x00007fff6e2ab70e:   89 0d 64 f3 3b 26 0f 0b 48 89 f8 48 8d 0d 65 08
0x00007fff6e2ab71e:   00 00 48 89 0d 51 f3 3b 26 48 89 05 7a f3 3b 26
0x00007fff6e2ab72e:   0f 0b 48 63 c7 48 8d 0d 18 09 00 00 48 89 0d 37
0x00007fff6e2ab73e:   f3 3b 26 48 89 05 60 f3 3b 26 0f 0b 48 8d 0d af
0x00007fff6e2ab74e:   08 00 00 48 c7 c0 d3 fe ff ff 48 89 0d 19 f3 3b
0x00007fff6e2ab75e:   26 48 89 05 42 f3 3b 26 0f 0b 48 63 c7 48 8d 0d 



---------------  P R O C E S S  ---------------

VM state: not at safepoint (normal execution)

VM Mutex/Monitor currently owned by a thread: None

Heap address: 0x0000000780000000, size: 2048 MB, Compressed Oops mode: Zero based, Oop shift amount: 3
CDS archive(s) mapped at: [0x0000000800000000-0x0000000800b2d000-0x0000000800b2d000), size 11718656, SharedBaseAddress: 0x0000000800000000, ArchiveRelocationMode: 0.
Compressed class space mapped at: 0x0000000800b30000-0x0000000840b30000, size: 1073741824
Narrow klass base: 0x0000000800000000, Narrow klass shift: 3, Narrow klass range: 0x100000000

GC Precious Log:
 CPUs: 4 total, 4 available
 Memory: 8192M
 Large Page Support: Disabled
 NUMA Support: Disabled
 Compressed Oops: Enabled (Zero based)
 Heap Region Size: 1M
 Heap Min Capacity: 8M
 Heap Initial Capacity: 128M
 Heap Max Capacity: 2G
 Pre-touch: Disabled
 Parallel Workers: 4
 Concurrent Workers: 1
 Concurrent Refinement Workers: 4
 Periodic GC: Disabled

Heap:
 garbage-first heap   total 133120K, used 4904K [0x0000000780000000, 0x0000000800000000)
  region size 1024K, 5 young (5120K), 0 survivors (0K)
 Metaspace       used 2351K, capacity 5424K, committed 5632K, reserved 1056768K
  class space    used 180K, capacity 443K, committed 512K, reserved 1048576K

Heap Regions: E=young(eden), S=young(survivor), O=old, HS=humongous(starts), HC=humongous(continues), CS=collection set, F=free, OA=open archive, CA=closed archive, TAMS=top-at-mark-start (previous, next)
|   0|0x0000000780000000, 0x0000000780000000, 0x0000000780100000|  0%| F|  |TAMS 0x0000000780000000, 0x0000000780000000| Untracked 
|   1|0x0000000780100000, 0x0000000780100000, 0x0000000780200000|  0%| F|  |TAMS 0x0000000780100000, 0x0000000780100000| Untracked 
|   2|0x0000000780200000, 0x0000000780200000, 0x0000000780300000|  0%| F|  |TAMS 0x0000000780200000, 0x0000000780200000| Untracked 
|   3|0x0000000780300000, 0x0000000780300000, 0x0000000780400000|  0%| F|  |TAMS 0x0000000780300000, 0x0000000780300000| Untracked 
|   4|0x0000000780400000, 0x0000000780400000, 0x0000000780500000|  0%| F|  |TAMS 0x0000000780400000, 0x0000000780400000| Untracked 
|   5|0x0000000780500000, 0x0000000780500000, 0x0000000780600000|  0%| F|  |TAMS 0x0000000780500000, 0x0000000780500000| Untracked 
|   6|0x0000000780600000, 0x0000000780600000, 0x0000000780700000|  0%| F|  |TAMS 0x0000000780600000, 0x0000000780600000| Untracked 
|   7|0x0000000780700000, 0x0000000780700000, 0x0000000780800000|  0%| F|  |TAMS 0x0000000780700000, 0x0000000780700000| Untracked 
|   8|0x0000000780800000, 0x0000000780800000, 0x0000000780900000|  0%| F|  |TAMS 0x0000000780800000, 0x0000000780800000| Untracked 
|   9|0x0000000780900000, 0x0000000780900000, 0x0000000780a00000|  0%| F|  |TAMS 0x0000000780900000, 0x0000000780900000| Untracked 
|  10|0x0000000780a00000, 0x0000000780a00000, 0x0000000780b00000|  0%| F|  |TAMS 0x0000000780a00000, 0x0000000780a00000| Untracked 
|  11|0x0000000780b00000, 0x0000000780b00000, 0x0000000780c00000|  0%| F|  |TAMS 0x0000000780b00000, 0x0000000780b00000| Untracked 
|  12|0x0000000780c00000, 0x0000000780c00000, 0x0000000780d00000|  0%| F|  |TAMS 0x0000000780c00000, 0x0000000780c00000| Untracked 
|  13|0x0000000780d00000, 0x0000000780d00000, 0x0000000780e00000|  0%| F|  |TAMS 0x0000000780d00000, 0x0000000780d00000| Untracked 
|  14|0x0000000780e00000, 0x0000000780e00000, 0x0000000780f00000|  0%| F|  |TAMS 0x0000000780e00000, 0x0000000780e00000| Untracked 
|  15|0x0000000780f00000, 0x0000000780f00000, 0x0000000781000000|  0%| F|  |TAMS 0x0000000780f00000, 0x0000000780f00000| Untracked 
|  16|0x0000000781000000, 0x0000000781000000, 0x0000000781100000|  0%| F|  |TAMS 0x0000000781000000, 0x0000000781000000| Untracked 
|  17|0x0000000781100000, 0x0000000781100000, 0x0000000781200000|  0%| F|  |TAMS 0x0000000781100000, 0x0000000781100000| Untracked 
|  18|0x0000000781200000, 0x0000000781200000, 0x0000000781300000|  0%| F|  |TAMS 0x0000000781200000, 0x0000000781200000| Untracked 
|  19|0x0000000781300000, 0x0000000781300000, 0x0000000781400000|  0%| F|  |TAMS 0x0000000781300000, 0x0000000781300000| Untracked 
|  20|0x0000000781400000, 0x0000000781400000, 0x0000000781500000|  0%| F|  |TAMS 0x0000000781400000, 0x0000000781400000| Untracked 
|  21|0x0000000781500000, 0x0000000781500000, 0x0000000781600000|  0%| F|  |TAMS 0x0000000781500000, 0x0000000781500000| Untracked 
|  22|0x0000000781600000, 0x0000000781600000, 0x0000000781700000|  0%| F|  |TAMS 0x0000000781600000, 0x0000000781600000| Untracked 
|  23|0x0000000781700000, 0x0000000781700000, 0x0000000781800000|  0%| F|  |TAMS 0x0000000781700000, 0x0000000781700000| Untracked 
|  24|0x0000000781800000, 0x0000000781800000, 0x0000000781900000|  0%| F|  |TAMS 0x0000000781800000, 0x0000000781800000| Untracked 
|  25|0x0000000781900000, 0x0000000781900000, 0x0000000781a00000|  0%| F|  |TAMS 0x0000000781900000, 0x0000000781900000| Untracked 
|  26|0x0000000781a00000, 0x0000000781a00000, 0x0000000781b00000|  0%| F|  |TAMS 0x0000000781a00000, 0x0000000781a00000| Untracked 
|  27|0x0000000781b00000, 0x0000000781b00000, 0x0000000781c00000|  0%| F|  |TAMS 0x0000000781b00000, 0x0000000781b00000| Untracked 
|  28|0x0000000781c00000, 0x0000000781c00000, 0x0000000781d00000|  0%| F|  |TAMS 0x0000000781c00000, 0x0000000781c00000| Untracked 
|  29|0x0000000781d00000, 0x0000000781d00000, 0x0000000781e00000|  0%| F|  |TAMS 0x0000000781d00000, 0x0000000781d00000| Untracked 
|  30|0x0000000781e00000, 0x0000000781e00000, 0x0000000781f00000|  0%| F|  |TAMS 0x0000000781e00000, 0x0000000781e00000| Untracked 
|  31|0x0000000781f00000, 0x0000000781f00000, 0x0000000782000000|  0%| F|  |TAMS 0x0000000781f00000, 0x0000000781f00000| Untracked 
|  32|0x0000000782000000, 0x0000000782000000, 0x0000000782100000|  0%| F|  |TAMS 0x0000000782000000, 0x0000000782000000| Untracked 
|  33|0x0000000782100000, 0x0000000782100000, 0x0000000782200000|  0%| F|  |TAMS 0x0000000782100000, 0x0000000782100000| Untracked 
|  34|0x0000000782200000, 0x0000000782200000, 0x0000000782300000|  0%| F|  |TAMS 0x0000000782200000, 0x0000000782200000| Untracked 
|  35|0x0000000782300000, 0x0000000782300000, 0x0000000782400000|  0%| F|  |TAMS 0x0000000782300000, 0x0000000782300000| Untracked 
|  36|0x0000000782400000, 0x0000000782400000, 0x0000000782500000|  0%| F|  |TAMS 0x0000000782400000, 0x0000000782400000| Untracked 
|  37|0x0000000782500000, 0x0000000782500000, 0x0000000782600000|  0%| F|  |TAMS 0x0000000782500000, 0x0000000782500000| Untracked 
|  38|0x0000000782600000, 0x0000000782600000, 0x0000000782700000|  0%| F|  |TAMS 0x0000000782600000, 0x0000000782600000| Untracked 
|  39|0x0000000782700000, 0x0000000782700000, 0x0000000782800000|  0%| F|  |TAMS 0x0000000782700000, 0x0000000782700000| Untracked 
|  40|0x0000000782800000, 0x0000000782800000, 0x0000000782900000|  0%| F|  |TAMS 0x0000000782800000, 0x0000000782800000| Untracked 
|  41|0x0000000782900000, 0x0000000782900000, 0x0000000782a00000|  0%| F|  |TAMS 0x0000000782900000, 0x0000000782900000| Untracked 
|  42|0x0000000782a00000, 0x0000000782a00000, 0x0000000782b00000|  0%| F|  |TAMS 0x0000000782a00000, 0x0000000782a00000| Untracked 
|  43|0x0000000782b00000, 0x0000000782b00000, 0x0000000782c00000|  0%| F|  |TAMS 0x0000000782b00000, 0x0000000782b00000| Untracked 
|  44|0x0000000782c00000, 0x0000000782c00000, 0x0000000782d00000|  0%| F|  |TAMS 0x0000000782c00000, 0x0000000782c00000| Untracked 
|  45|0x0000000782d00000, 0x0000000782d00000, 0x0000000782e00000|  0%| F|  |TAMS 0x0000000782d00000, 0x0000000782d00000| Untracked 
|  46|0x0000000782e00000, 0x0000000782e00000, 0x0000000782f00000|  0%| F|  |TAMS 0x0000000782e00000, 0x0000000782e00000| Untracked 
|  47|0x0000000782f00000, 0x0000000782f00000, 0x0000000783000000|  0%| F|  |TAMS 0x0000000782f00000, 0x0000000782f00000| Untracked 
|  48|0x0000000783000000, 0x0000000783000000, 0x0000000783100000|  0%| F|  |TAMS 0x0000000783000000, 0x0000000783000000| Untracked 
|  49|0x0000000783100000, 0x0000000783100000, 0x0000000783200000|  0%| F|  |TAMS 0x0000000783100000, 0x0000000783100000| Untracked 
|  50|0x0000000783200000, 0x0000000783200000, 0x0000000783300000|  0%| F|  |TAMS 0x0000000783200000, 0x0000000783200000| Untracked 
|  51|0x0000000783300000, 0x0000000783300000, 0x0000000783400000|  0%| F|  |TAMS 0x0000000783300000, 0x0000000783300000| Untracked 
|  52|0x0000000783400000, 0x0000000783400000, 0x0000000783500000|  0%| F|  |TAMS 0x0000000783400000, 0x0000000783400000| Untracked 
|  53|0x0000000783500000, 0x0000000783500000, 0x0000000783600000|  0%| F|  |TAMS 0x0000000783500000, 0x0000000783500000| Untracked 
|  54|0x0000000783600000, 0x0000000783600000, 0x0000000783700000|  0%| F|  |TAMS 0x0000000783600000, 0x0000000783600000| Untracked 
|  55|0x0000000783700000, 0x0000000783700000, 0x0000000783800000|  0%| F|  |TAMS 0x0000000783700000, 0x0000000783700000| Untracked 
|  56|0x0000000783800000, 0x0000000783800000, 0x0000000783900000|  0%| F|  |TAMS 0x0000000783800000, 0x0000000783800000| Untracked 
|  57|0x0000000783900000, 0x0000000783900000, 0x0000000783a00000|  0%| F|  |TAMS 0x0000000783900000, 0x0000000783900000| Untracked 
|  58|0x0000000783a00000, 0x0000000783a00000, 0x0000000783b00000|  0%| F|  |TAMS 0x0000000783a00000, 0x0000000783a00000| Untracked 
|  59|0x0000000783b00000, 0x0000000783b00000, 0x0000000783c00000|  0%| F|  |TAMS 0x0000000783b00000, 0x0000000783b00000| Untracked 
|  60|0x0000000783c00000, 0x0000000783c00000, 0x0000000783d00000|  0%| F|  |TAMS 0x0000000783c00000, 0x0000000783c00000| Untracked 
|  61|0x0000000783d00000, 0x0000000783d00000, 0x0000000783e00000|  0%| F|  |TAMS 0x0000000783d00000, 0x0000000783d00000| Untracked 
|  62|0x0000000783e00000, 0x0000000783e00000, 0x0000000783f00000|  0%| F|  |TAMS 0x0000000783e00000, 0x0000000783e00000| Untracked 
|  63|0x0000000783f00000, 0x0000000783f00000, 0x0000000784000000|  0%| F|  |TAMS 0x0000000783f00000, 0x0000000783f00000| Untracked 
|  64|0x0000000784000000, 0x0000000784000000, 0x0000000784100000|  0%| F|  |TAMS 0x0000000784000000, 0x0000000784000000| Untracked 
|  65|0x0000000784100000, 0x0000000784100000, 0x0000000784200000|  0%| F|  |TAMS 0x0000000784100000, 0x0000000784100000| Untracked 
|  66|0x0000000784200000, 0x0000000784200000, 0x0000000784300000|  0%| F|  |TAMS 0x0000000784200000, 0x0000000784200000| Untracked 
|  67|0x0000000784300000, 0x0000000784300000, 0x0000000784400000|  0%| F|  |TAMS 0x0000000784300000, 0x0000000784300000| Untracked 
|  68|0x0000000784400000, 0x0000000784400000, 0x0000000784500000|  0%| F|  |TAMS 0x0000000784400000, 0x0000000784400000| Untracked 
|  69|0x0000000784500000, 0x0000000784500000, 0x0000000784600000|  0%| F|  |TAMS 0x0000000784500000, 0x0000000784500000| Untracked 
|  70|0x0000000784600000, 0x0000000784600000, 0x0000000784700000|  0%| F|  |TAMS 0x0000000784600000, 0x0000000784600000| Untracked 
|  71|0x0000000784700000, 0x0000000784700000, 0x0000000784800000|  0%| F|  |TAMS 0x0000000784700000, 0x0000000784700000| Untracked 
|  72|0x0000000784800000, 0x0000000784800000, 0x0000000784900000|  0%| F|  |TAMS 0x0000000784800000, 0x0000000784800000| Untracked 
|  73|0x0000000784900000, 0x0000000784900000, 0x0000000784a00000|  0%| F|  |TAMS 0x0000000784900000, 0x0000000784900000| Untracked 
|  74|0x0000000784a00000, 0x0000000784a00000, 0x0000000784b00000|  0%| F|  |TAMS 0x0000000784a00000, 0x0000000784a00000| Untracked 
|  75|0x0000000784b00000, 0x0000000784b00000, 0x0000000784c00000|  0%| F|  |TAMS 0x0000000784b00000, 0x0000000784b00000| Untracked 
|  76|0x0000000784c00000, 0x0000000784c00000, 0x0000000784d00000|  0%| F|  |TAMS 0x0000000784c00000, 0x0000000784c00000| Untracked 
|  77|0x0000000784d00000, 0x0000000784d00000, 0x0000000784e00000|  0%| F|  |TAMS 0x0000000784d00000, 0x0000000784d00000| Untracked 
|  78|0x0000000784e00000, 0x0000000784e00000, 0x0000000784f00000|  0%| F|  |TAMS 0x0000000784e00000, 0x0000000784e00000| Untracked 
|  79|0x0000000784f00000, 0x0000000784f00000, 0x0000000785000000|  0%| F|  |TAMS 0x0000000784f00000, 0x0000000784f00000| Untracked 
|  80|0x0000000785000000, 0x0000000785000000, 0x0000000785100000|  0%| F|  |TAMS 0x0000000785000000, 0x0000000785000000| Untracked 
|  81|0x0000000785100000, 0x0000000785100000, 0x0000000785200000|  0%| F|  |TAMS 0x0000000785100000, 0x0000000785100000| Untracked 
|  82|0x0000000785200000, 0x0000000785200000, 0x0000000785300000|  0%| F|  |TAMS 0x0000000785200000, 0x0000000785200000| Untracked 
|  83|0x0000000785300000, 0x0000000785300000, 0x0000000785400000|  0%| F|  |TAMS 0x0000000785300000, 0x0000000785300000| Untracked 
|  84|0x0000000785400000, 0x0000000785400000, 0x0000000785500000|  0%| F|  |TAMS 0x0000000785400000, 0x0000000785400000| Untracked 
|  85|0x0000000785500000, 0x0000000785500000, 0x0000000785600000|  0%| F|  |TAMS 0x0000000785500000, 0x0000000785500000| Untracked 
|  86|0x0000000785600000, 0x0000000785600000, 0x0000000785700000|  0%| F|  |TAMS 0x0000000785600000, 0x0000000785600000| Untracked 
|  87|0x0000000785700000, 0x0000000785700000, 0x0000000785800000|  0%| F|  |TAMS 0x0000000785700000, 0x0000000785700000| Untracked 
|  88|0x0000000785800000, 0x0000000785800000, 0x0000000785900000|  0%| F|  |TAMS 0x0000000785800000, 0x0000000785800000| Untracked 
|  89|0x0000000785900000, 0x0000000785900000, 0x0000000785a00000|  0%| F|  |TAMS 0x0000000785900000, 0x0000000785900000| Untracked 
|  90|0x0000000785a00000, 0x0000000785a00000, 0x0000000785b00000|  0%| F|  |TAMS 0x0000000785a00000, 0x0000000785a00000| Untracked 
|  91|0x0000000785b00000, 0x0000000785b00000, 0x0000000785c00000|  0%| F|  |TAMS 0x0000000785b00000, 0x0000000785b00000| Untracked 
|  92|0x0000000785c00000, 0x0000000785c00000, 0x0000000785d00000|  0%| F|  |TAMS 0x0000000785c00000, 0x0000000785c00000| Untracked 
|  93|0x0000000785d00000, 0x0000000785d00000, 0x0000000785e00000|  0%| F|  |TAMS 0x0000000785d00000, 0x0000000785d00000| Untracked 
|  94|0x0000000785e00000, 0x0000000785e00000, 0x0000000785f00000|  0%| F|  |TAMS 0x0000000785e00000, 0x0000000785e00000| Untracked 
|  95|0x0000000785f00000, 0x0000000785f00000, 0x0000000786000000|  0%| F|  |TAMS 0x0000000785f00000, 0x0000000785f00000| Untracked 
|  96|0x0000000786000000, 0x0000000786000000, 0x0000000786100000|  0%| F|  |TAMS 0x0000000786000000, 0x0000000786000000| Untracked 
|  97|0x0000000786100000, 0x0000000786100000, 0x0000000786200000|  0%| F|  |TAMS 0x0000000786100000, 0x0000000786100000| Untracked 
|  98|0x0000000786200000, 0x0000000786200000, 0x0000000786300000|  0%| F|  |TAMS 0x0000000786200000, 0x0000000786200000| Untracked 
|  99|0x0000000786300000, 0x0000000786300000, 0x0000000786400000|  0%| F|  |TAMS 0x0000000786300000, 0x0000000786300000| Untracked 
| 100|0x0000000786400000, 0x0000000786400000, 0x0000000786500000|  0%| F|  |TAMS 0x0000000786400000, 0x0000000786400000| Untracked 
| 101|0x0000000786500000, 0x0000000786500000, 0x0000000786600000|  0%| F|  |TAMS 0x0000000786500000, 0x0000000786500000| Untracked 
| 102|0x0000000786600000, 0x0000000786600000, 0x0000000786700000|  0%| F|  |TAMS 0x0000000786600000, 0x0000000786600000| Untracked 
| 103|0x0000000786700000, 0x0000000786700000, 0x0000000786800000|  0%| F|  |TAMS 0x0000000786700000, 0x0000000786700000| Untracked 
| 104|0x0000000786800000, 0x0000000786800000, 0x0000000786900000|  0%| F|  |TAMS 0x0000000786800000, 0x0000000786800000| Untracked 
| 105|0x0000000786900000, 0x0000000786900000, 0x0000000786a00000|  0%| F|  |TAMS 0x0000000786900000, 0x0000000786900000| Untracked 
| 106|0x0000000786a00000, 0x0000000786a00000, 0x0000000786b00000|  0%| F|  |TAMS 0x0000000786a00000, 0x0000000786a00000| Untracked 
| 107|0x0000000786b00000, 0x0000000786b00000, 0x0000000786c00000|  0%| F|  |TAMS 0x0000000786b00000, 0x0000000786b00000| Untracked 
| 108|0x0000000786c00000, 0x0000000786c00000, 0x0000000786d00000|  0%| F|  |TAMS 0x0000000786c00000, 0x0000000786c00000| Untracked 
| 109|0x0000000786d00000, 0x0000000786d00000, 0x0000000786e00000|  0%| F|  |TAMS 0x0000000786d00000, 0x0000000786d00000| Untracked 
| 110|0x0000000786e00000, 0x0000000786e00000, 0x0000000786f00000|  0%| F|  |TAMS 0x0000000786e00000, 0x0000000786e00000| Untracked 
| 111|0x0000000786f00000, 0x0000000786f00000, 0x0000000787000000|  0%| F|  |TAMS 0x0000000786f00000, 0x0000000786f00000| Untracked 
| 112|0x0000000787000000, 0x0000000787000000, 0x0000000787100000|  0%| F|  |TAMS 0x0000000787000000, 0x0000000787000000| Untracked 
| 113|0x0000000787100000, 0x0000000787100000, 0x0000000787200000|  0%| F|  |TAMS 0x0000000787100000, 0x0000000787100000| Untracked 
| 114|0x0000000787200000, 0x0000000787200000, 0x0000000787300000|  0%| F|  |TAMS 0x0000000787200000, 0x0000000787200000| Untracked 
| 115|0x0000000787300000, 0x0000000787300000, 0x0000000787400000|  0%| F|  |TAMS 0x0000000787300000, 0x0000000787300000| Untracked 
| 116|0x0000000787400000, 0x0000000787400000, 0x0000000787500000|  0%| F|  |TAMS 0x0000000787400000, 0x0000000787400000| Untracked 
| 117|0x0000000787500000, 0x0000000787500000, 0x0000000787600000|  0%| F|  |TAMS 0x0000000787500000, 0x0000000787500000| Untracked 
| 118|0x0000000787600000, 0x0000000787600000, 0x0000000787700000|  0%| F|  |TAMS 0x0000000787600000, 0x0000000787600000| Untracked 
| 119|0x0000000787700000, 0x0000000787700000, 0x0000000787800000|  0%| F|  |TAMS 0x0000000787700000, 0x0000000787700000| Untracked 
| 120|0x0000000787800000, 0x0000000787800000, 0x0000000787900000|  0%| F|  |TAMS 0x0000000787800000, 0x0000000787800000| Untracked 
| 121|0x0000000787900000, 0x0000000787900000, 0x0000000787a00000|  0%| F|  |TAMS 0x0000000787900000, 0x0000000787900000| Untracked 
| 122|0x0000000787a00000, 0x0000000787a00000, 0x0000000787b00000|  0%| F|  |TAMS 0x0000000787a00000, 0x0000000787a00000| Untracked 
| 123|0x0000000787b00000, 0x0000000787b91fa8, 0x0000000787c00000| 57%| E|  |TAMS 0x0000000787b00000, 0x0000000787b00000| Complete 
| 124|0x0000000787c00000, 0x0000000787d00000, 0x0000000787d00000|100%| E|CS|TAMS 0x0000000787c00000, 0x0000000787c00000| Complete 
| 125|0x0000000787d00000, 0x0000000787e00000, 0x0000000787e00000|100%| E|CS|TAMS 0x0000000787d00000, 0x0000000787d00000| Complete 
| 126|0x0000000787e00000, 0x0000000787f00000, 0x0000000787f00000|100%| E|CS|TAMS 0x0000000787e00000, 0x0000000787e00000| Complete 
| 127|0x0000000787f00000, 0x0000000788000000, 0x0000000788000000|100%| E|CS|TAMS 0x0000000787f00000, 0x0000000787f00000| Complete 
|1022|0x00000007bfe00000, 0x00000007bfe51000, 0x00000007bff00000| 31%|OA|  |TAMS 0x00000007bfe00000, 0x00000007bfe00000| Untracked 
|1023|0x00000007bff00000, 0x00000007bff79000, 0x00000007c0000000| 47%|CA|  |TAMS 0x00000007bff00000, 0x00000007bff00000| Untracked 

Card table byte_map: [0x0000000114496000,0x0000000114896000] _byte_map_base: 0x0000000110896000

Marking Bits (Prev, Next): (CMBitMap*) 0x00007ff23582b610, (CMBitMap*) 0x00007ff23582b650
 Prev Bits: [0x0000000114c96000, 0x0000000116c96000)
 Next Bits: [0x0000000116c96000, 0x0000000118c96000)

Polling page: 0x000000010a4f7000

Metaspace:

Usage:
  Non-class:      4.86 MB capacity,     2.12 MB ( 44%) used,     2.74 MB ( 56%) free+waste,     3.25 KB ( <1%) overhead. 
      Class:    443.00 KB capacity,   180.33 KB ( 41%) used,   261.17 KB ( 59%) free+waste,     1.50 KB ( <1%) overhead. 
       Both:      5.30 MB capacity,     2.30 MB ( 43%) used,     3.00 MB ( 57%) free+waste,     4.75 KB ( <1%) overhead. 

Virtual space:
  Non-class space:        8.00 MB reserved,       5.00 MB ( 62%) committed 
      Class space:        1.00 GB reserved,     512.00 KB ( <1%) committed 
             Both:        1.01 GB reserved,       5.50 MB ( <1%) committed 

Chunk freelists:
   Non-Class:  11.00 KB
       Class:  5.00 KB
        Both:  16.00 KB

MaxMetaspaceSize: 17179869184.00 GB
CompressedClassSpaceSize: 1.00 GB

CodeHeap 'non-profiled nmethods': size=120032Kb used=112Kb max_used=112Kb free=119920Kb
 bounds [0x00000001209a6000, 0x0000000120c16000, 0x0000000127ede000]
CodeHeap 'profiled nmethods': size=120028Kb used=543Kb max_used=543Kb free=119484Kb
 bounds [0x000000011946f000, 0x00000001196df000, 0x00000001209a6000]
CodeHeap 'non-nmethods': size=5700Kb used=1495Kb max_used=1509Kb free=4204Kb
 bounds [0x0000000118ede000, 0x000000011914e000, 0x000000011946f000]
 total_blobs=1253 nmethods=394 adapters=773
 compilation: enabled
              stopped_count=0, restarted_count=0
 full_count=0

Compilation events (20 events):
Event: 11.268 Thread 0x00007ff235031e00  382       1       java.security.CodeSource::getLocationNoFragString (5 bytes)
Event: 11.268 Thread 0x00007ff235031e00 nmethod 382 0x00000001209c0690 code [0x00000001209c0820, 0x00000001209c08d0]
Event: 11.270 Thread 0x00007ff235031e00  383       3       jdk.internal.jimage.ImageStringsReader::hashCode (31 bytes)
Event: 11.270 Thread 0x00007ff235031e00 nmethod 383 0x00000001194f4f90 code [0x00000001194f5160, 0x00000001194f5310]
Event: 11.270 Thread 0x00007ff235031e00  384       3       java.util.concurrent.ConcurrentHashMap$ValueIterator::next (34 bytes)
Event: 11.270 Thread 0x00007ff235031e00 nmethod 384 0x00000001194f5410 code [0x00000001194f55c0, 0x00000001194f5810]
Event: 11.270 Thread 0x00007ff235031e00  385       3       java.nio.MappedByteBuffer::rewind (5 bytes)
Event: 11.270 Thread 0x00007ff235031e00 nmethod 385 0x00000001194f5910 code [0x00000001194f5ac0, 0x00000001194f5cf0]
Event: 11.270 Thread 0x00007ff235031e00  386       3       java.nio.ByteBuffer::<init> (14 bytes)
Event: 11.270 Thread 0x00007ff235031e00 nmethod 386 0x00000001194f5e10 code [0x00000001194f5fa0, 0x00000001194f60e0]
Event: 11.270 Thread 0x00007ff235031e00  387       3       java.lang.StringLatin1::indexOf (25 bytes)
Event: 11.270 Thread 0x00007ff235031e00 nmethod 387 0x00000001194f6190 code [0x00000001194f6340, 0x00000001194f6500]
Event: 11.271 Thread 0x00007ff235020a00  388       4       java.lang.AbstractStringBuilder::ensureCapacityInternal (39 bytes)
Event: 11.275 Thread 0x00007ff235020a00 nmethod 388 0x00000001209c0990 code [0x00000001209c0b20, 0x00000001209c0ed8]
Event: 11.278 Thread 0x00007ff235031e00  389       3       java.lang.ref.SoftReference::get (29 bytes)
Event: 11.278 Thread 0x00007ff235031e00 nmethod 389 0x00000001194f6610 code [0x00000001194f67a0, 0x00000001194f6970]
Event: 11.278 Thread 0x00007ff235031e00  390       1       org.lwjgl.system.Pointer$Default::address (5 bytes)
Event: 11.278 Thread 0x00007ff235031e00 nmethod 390 0x00000001209c1090 code [0x00000001209c1220, 0x00000001209c12d0]
Event: 11.279 Thread 0x00007ff235031e00  391       3       java.nio.Buffer::remaining (20 bytes)
Event: 11.279 Thread 0x00007ff235031e00 nmethod 391 0x00000001194f6a10 code [0x00000001194f6ba0, 0x00000001194f6cf0]

GC Heap History (0 events):
No events

Deoptimization events (4 events):
Event: 0.119 Thread 0x00007ff236808a00 Uncommon trap: trap_request=0xffffff45 fr.pc=0x00000001209ae8d8 relative=0x0000000000000058
Event: 0.119 Thread 0x00007ff236808a00 Uncommon trap: reason=unstable_if action=reinterpret pc=0x00000001209ae8d8 method=java.lang.String.isLatin1()Z @ 10 c2
Event: 0.119 Thread 0x00007ff236808a00 DEOPT PACKING pc=0x00000001209ae8d8 sp=0x000070000cb72420
Event: 0.119 Thread 0x00007ff236808a00 DEOPT UNPACKING pc=0x0000000118f2c125 sp=0x000070000cb723d0 mode 2

Classes unloaded (0 events):
No events

Classes redefined (0 events):
No events

Internal exceptions (10 events):
Event: 11.070 Thread 0x00007ff236808a00 Exception <a 'java/lang/NoSuchMethodError'{0x0000000787d808a0}: 'void java.lang.invoke.DirectMethodHandle$Holder.invokeStatic(java.lang.Object, java.lang.Object)'> (0x0000000787d808a0) 
thrown [./open/src/hotspot/share/interpreter/linkResolver.cpp, line 782]
Event: 11.072 Thread 0x00007ff236808a00 Exception <a 'java/lang/NoSuchMethodError'{0x0000000787d85a50}: 'void java.lang.invoke.DirectMethodHandle$Holder.invokeSpecial(java.lang.Object, java.lang.Object, java.lang.Object)'> (0x0000000787d85a50) 
thrown [./open/src/hotspot/share/interpreter/linkResolver.cpp, line 782]
Event: 11.078 Thread 0x00007ff236808a00 Exception <a 'java/lang/NoSuchMethodError'{0x0000000787d99ec0}: 'java.lang.Object java.lang.invoke.DirectMethodHandle$Holder.invokeStatic(java.lang.Object, java.lang.Object, int)'> (0x0000000787d99ec0) 
thrown [./open/src/hotspot/share/interpreter/linkResolver.cpp, line 782]
Event: 11.080 Thread 0x00007ff236808a00 Exception <a 'java/lang/NoSuchMethodError'{0x0000000787da6008}: 'void java.lang.invoke.DelegatingMethodHandle$Holder.delegate(java.lang.Object, java.lang.Object, int, java.lang.Object)'> (0x0000000787da6008) 
thrown [./open/src/hotspot/share/interpreter/linkResolver.cpp, line 782]
Event: 11.081 Thread 0x00007ff236808a00 Exception <a 'java/lang/NoSuchMethodError'{0x0000000787daa350}: 'int java.lang.invoke.DirectMethodHandle$Holder.invokeSpecial(java.lang.Object, java.lang.Object, java.lang.Object)'> (0x0000000787daa350) 
thrown [./open/src/hotspot/share/interpreter/linkResolver.cpp, line 782]
Event: 11.123 Thread 0x00007ff236808a00 Exception <a 'sun/nio/fs/UnixException'{0x0000000787c2deb8}> (0x0000000787c2deb8) 
thrown [./open/src/hotspot/share/prims/jni.cpp, line 578]
Event: 11.138 Thread 0x00007ff236808a00 Exception <a 'sun/nio/fs/UnixException'{0x0000000787c427e8}> (0x0000000787c427e8) 
thrown [./open/src/hotspot/share/prims/jni.cpp, line 578]
Event: 11.148 Thread 0x00007ff236808a00 Exception <a 'java/lang/NoSuchMethodError'{0x0000000787c88f58}: 'java.lang.Object java.lang.invoke.DirectMethodHandle$Holder.invokeStatic(java.lang.Object)'> (0x0000000787c88f58) 
thrown [./open/src/hotspot/share/interpreter/linkResolver.cpp, line 782]
Event: 11.148 Thread 0x00007ff236808a00 Exception <a 'java/lang/NoSuchMethodError'{0x0000000787c8c828}: 'java.lang.Object java.lang.invoke.DirectMethodHandle$Holder.invokeStaticInit(java.lang.Object)'> (0x0000000787c8c828) 
thrown [./open/src/hotspot/share/interpreter/linkResolver.cpp, line 782]
Event: 11.270 Thread 0x00007ff236808a00 Exception <a 'sun/nio/fs/UnixException'{0x0000000787b3e5c8}> (0x0000000787b3e5c8) 
thrown [./open/src/hotspot/share/prims/jni.cpp, line 578]

Events (20 events):
Event: 11.151 loading class java/nio/DirectDoubleBufferU
Event: 11.151 loading class java/nio/DirectDoubleBufferU done
Event: 11.151 loading class sun/misc/Unsafe
Event: 11.152 loading class sun/misc/Unsafe done
Event: 11.153 loading class jdk/internal/reflect/UnsafeFieldAccessorFactory
Event: 11.153 loading class jdk/internal/reflect/UnsafeFieldAccessorFactory done
Event: 11.153 loading class jdk/internal/reflect/UnsafeQualifiedStaticObjectFieldAccessorImpl
Event: 11.153 loading class jdk/internal/reflect/UnsafeQualifiedStaticFieldAccessorImpl
Event: 11.153 loading class jdk/internal/reflect/UnsafeQualifiedStaticFieldAccessorImpl done
Event: 11.153 loading class jdk/internal/reflect/UnsafeQualifiedStaticObjectFieldAccessorImpl done
Event: 11.160 loading class java/math/MutableBigInteger
Event: 11.160 loading class java/math/MutableBigInteger done
Event: 11.161 loading class java/nio/BufferOverflowException
Event: 11.161 loading class java/nio/BufferOverflowException done
Event: 11.162 loading class java/nio/InvalidMarkException
Event: 11.162 loading class java/nio/InvalidMarkException done
Event: 11.162 loading class java/nio/BufferUnderflowException
Event: 11.162 loading class java/nio/BufferUnderflowException done
Event: 11.164 loading class java/lang/IndexOutOfBoundsException
Event: 11.164 loading class java/lang/IndexOutOfBoundsException done


Dynamic libraries:
0x00007fff6d5cc000 	/usr/lib/libz.1.dylib
0x000000010a4c5000 	/Library/Java/JavaVirtualMachines/jdk-15.0.2.jdk/Contents/Home/lib/libjli.dylib
0x00007fff32fd8000 	/System/Library/Frameworks/Cocoa.framework/Versions/A/Cocoa
0x00007fff4081a000 	/System/Library/Frameworks/Security.framework/Versions/A/Security
0x00007fff31f3e000 	/System/Library/Frameworks/ApplicationServices.framework/Versions/A/ApplicationServices
0x00007fff6b002000 	/usr/lib/libSystem.B.dylib
0x00007fff6de8d000 	/usr/lib/system/libcache.dylib
0x00007fff6de93000 	/usr/lib/system/libcommonCrypto.dylib
0x00007fff6de9f000 	/usr/lib/system/libcompiler_rt.dylib
0x00007fff6dea7000 	/usr/lib/system/libcopyfile.dylib
0x00007fff6deb1000 	/usr/lib/system/libcorecrypto.dylib
0x00007fff6e050000 	/usr/lib/system/libdispatch.dylib
0x00007fff6e091000 	/usr/lib/system/libdyld.dylib
0x00007fff6e0c8000 	/usr/lib/system/libkeymgr.dylib
0x00007fff6e0d6000 	/usr/lib/system/liblaunch.dylib
0x00007fff6e0d7000 	/usr/lib/system/libmacho.dylib
0x00007fff6e0dd000 	/usr/lib/system/libquarantine.dylib
0x00007fff6e0e0000 	/usr/lib/system/libremovefile.dylib
0x00007fff6e0e2000 	/usr/lib/system/libsystem_asl.dylib
0x00007fff6e0fa000 	/usr/lib/system/libsystem_blocks.dylib
0x00007fff6e0fb000 	/usr/lib/system/libsystem_c.dylib
0x00007fff6e183000 	/usr/lib/system/libsystem_configuration.dylib
0x00007fff6e187000 	/usr/lib/system/libsystem_coreservices.dylib
0x00007fff6e18b000 	/usr/lib/system/libsystem_darwin.dylib
0x00007fff6e194000 	/usr/lib/system/libsystem_dnssd.dylib
0x00007fff6e19c000 	/usr/lib/system/libsystem_featureflags.dylib
0x00007fff6e19e000 	/usr/lib/system/libsystem_info.dylib
0x00007fff6e219000 	/usr/lib/system/libsystem_m.dylib
0x00007fff6e265000 	/usr/lib/system/libsystem_malloc.dylib
0x00007fff6e28d000 	/usr/lib/system/libsystem_networkextension.dylib
0x00007fff6e29b000 	/usr/lib/system/libsystem_notify.dylib
0x00007fff6e2b9000 	/usr/lib/system/libsystem_sandbox.dylib
0x00007fff6e2be000 	/usr/lib/system/libsystem_secinit.dylib
0x00007fff6e1ec000 	/usr/lib/system/libsystem_kernel.dylib
0x00007fff6e2a5000 	/usr/lib/system/libsystem_platform.dylib
0x00007fff6e2ae000 	/usr/lib/system/libsystem_pthread.dylib
0x00007fff6e2c1000 	/usr/lib/system/libsystem_symptoms.dylib
0x00007fff6e2c9000 	/usr/lib/system/libsystem_trace.dylib
0x00007fff6e2e1000 	/usr/lib/system/libunwind.dylib
0x00007fff6e2e7000 	/usr/lib/system/libxpc.dylib
0x00007fff6cef9000 	/usr/lib/libobjc.A.dylib
0x00007fff6b3d1000 	/usr/lib/libc++abi.dylib
0x00007fff6b37e000 	/usr/lib/libc++.1.dylib
0x00007fff33e8b000 	/System/Library/Frameworks/CoreFoundation.framework/Versions/A/CoreFoundation
0x00007fff3656c000 	/System/Library/Frameworks/Foundation.framework/Versions/C/Foundation
0x00007fff3112e000 	/System/Library/Frameworks/AppKit.framework/Versions/C/AppKit
0x00007fff3395c000 	/System/Library/Frameworks/CoreData.framework/Versions/A/CoreData
0x00007fff64ffd000 	/System/Library/PrivateFrameworks/UIFoundation.framework/Versions/A/UIFoundation
0x00007fff60091000 	/System/Library/PrivateFrameworks/RemoteViewServices.framework/Versions/A/RemoteViewServices
0x00007fff67b72000 	/System/Library/PrivateFrameworks/XCTTargetBootstrap.framework/Versions/A/XCTTargetBootstrap
0x00007fff33d58000 	/System/Library/Frameworks/CoreDisplay.framework/Versions/A/CoreDisplay
0x00007fff3942a000 	/System/Library/Frameworks/Metal.framework/Versions/A/Metal
0x00007fff4e035000 	/System/Library/PrivateFrameworks/DesktopServicesPriv.framework/Versions/A/DesktopServicesPriv
0x00007fff6c1d4000 	/usr/lib/liblangid.dylib
0x00007fff4d2ca000 	/System/Library/PrivateFrameworks/CoreSVG.framework/Versions/A/CoreSVG
0x00007fff631ed000 	/System/Library/PrivateFrameworks/SkyLight.framework/Versions/A/SkyLight
0x00007fff3430d000 	/System/Library/Frameworks/CoreGraphics.framework/Versions/A/CoreGraphics
0x00007fff2fa9d000 	/System/Library/Frameworks/Accelerate.framework/Versions/A/Accelerate
0x00007fff6d4bd000 	/usr/lib/libxml2.2.dylib
0x00007fff58fd7000 	/System/Library/PrivateFrameworks/IconServices.framework/Versions/A/IconServices
0x00007fff36d4b000 	/System/Library/Frameworks/IOSurface.framework/Versions/A/IOSurface
0x00007fff6ab2c000 	/usr/lib/libDiagnosticMessagesClient.dylib
0x00007fff4de8f000 	/System/Library/PrivateFrameworks/DFRFoundation.framework/Versions/A/DFRFoundation
0x00007fff6bf63000 	/usr/lib/libicucore.A.dylib
0x00007fff32270000 	/System/Library/Frameworks/AudioToolbox.framework/Versions/A/AudioToolbox
0x00007fff32353000 	/System/Library/Frameworks/AudioUnit.framework/Versions/A/AudioUnit
0x00007fff6b29a000 	/usr/lib/libauto.dylib
0x00007fff4df31000 	/System/Library/PrivateFrameworks/DataDetectorsCore.framework/Versions/A/DataDetectorsCore
0x00007fff32af9000 	/System/Library/Frameworks/Carbon.framework/Versions/A/Frameworks/HIToolbox.framework/Versions/A/HIToolbox
0x00007fff3fa14000 	/System/Library/Frameworks/QuartzCore.framework/Versions/A/QuartzCore
0x00007fff32e38000 	/System/Library/Frameworks/Carbon.framework/Versions/A/Frameworks/SpeechRecognition.framework/Versions/A/SpeechRecognition
0x00007fff4d9a3000 	/System/Library/PrivateFrameworks/CoreUI.framework/Versions/A/CoreUI
0x00007fff333c7000 	/System/Library/Frameworks/CoreAudio.framework/Versions/A/CoreAudio
0x00007fff3622b000 	/System/Library/Frameworks/DiskArbitration.framework/Versions/A/DiskArbitration
0x00007fff5b06b000 	/System/Library/PrivateFrameworks/MultitouchSupport.framework/Versions/A/MultitouchSupport
0x00007fff6be2a000 	/usr/lib/libenergytrace.dylib
0x00007fff36ca5000 	/System/Library/Frameworks/IOKit.framework/Versions/A/IOKit
0x00007fff35297000 	/System/Library/Frameworks/CoreServices.framework/Versions/A/CoreServices
0x00007fff5d224000 	/System/Library/PrivateFrameworks/PerformanceAnalysis.framework/Versions/A/PerformanceAnalysis
0x00007fff3ea47000 	/System/Library/Frameworks/OpenGL.framework/Versions/A/OpenGL
0x00007fff32fe6000 	/System/Library/Frameworks/ColorSync.framework/Versions/A/ColorSync
0x00007fff349b3000 	/System/Library/Frameworks/CoreImage.framework/Versions/A/CoreImage
0x00007fff35d0a000 	/System/Library/Frameworks/CoreText.framework/Versions/A/CoreText
0x00007fff36ddb000 	/System/Library/Frameworks/ImageIO.framework/Versions/A/ImageIO
0x00007fff6b3fa000 	/usr/lib/libcompression.dylib
0x00007fff6ae70000 	/usr/lib/libMobileGestalt.dylib
0x00007fff64d67000 	/System/Library/PrivateFrameworks/TextureIO.framework/Versions/A/TextureIO
0x00007fff6b167000 	/usr/lib/libate.dylib
0x00007fff591e0000 	/System/Library/PrivateFrameworks/InternationalSupport.framework/Versions/A/InternationalSupport
0x00007fff6c1d6000 	/usr/lib/liblzma.5.dylib
0x00007fff6be51000 	/usr/lib/libfakelink.dylib
0x00007fff6b0f4000 	/usr/lib/libarchive.2.dylib
0x00007fff418cb000 	/System/Library/Frameworks/SystemConfiguration.framework/Versions/A/SystemConfiguration
0x00007fff6aa5f000 	/usr/lib/libCRFSuite.dylib
0x00007fff326ea000 	/System/Library/Frameworks/CFNetwork.framework/Versions/A/CFNetwork
0x00007fff6b360000 	/usr/lib/libbsm.0.dylib
0x00007fff6e0c9000 	/usr/lib/system/libkxld.dylib
0x00007fff4780b000 	/System/Library/PrivateFrameworks/AppleFSCompression.framework/Versions/A/AppleFSCompression
0x00007fff6b6ec000 	/usr/lib/libcoretls.dylib
0x00007fff6b703000 	/usr/lib/libcoretls_cfhelpers.dylib
0x00007fff6cf3e000 	/usr/lib/libpam.2.dylib
0x00007fff6d073000 	/usr/lib/libsqlite3.dylib
0x00007fff6d4aa000 	/usr/lib/libxar.1.dylib
0x00007fff6b371000 	/usr/lib/libbz2.1.0.dylib
0x00007fff6be72000 	/usr/lib/libiconv.2.dylib
0x00007fff6b3e7000 	/usr/lib/libcharset.1.dylib
0x00007fff6c9dc000 	/usr/lib/libnetwork.dylib
0x00007fff6cf45000 	/usr/lib/libpcap.A.dylib
0x00007fff6b0a9000 	/usr/lib/libapple_nghttp2.dylib
0x00007fff3564e000 	/System/Library/Frameworks/CoreServices.framework/Versions/A/Frameworks/FSEvents.framework/Versions/A/FSEvents
0x00007fff3531e000 	/System/Library/Frameworks/CoreServices.framework/Versions/A/Frameworks/CarbonCore.framework/Versions/A/CarbonCore
0x00007fff35892000 	/System/Library/Frameworks/CoreServices.framework/Versions/A/Frameworks/Metadata.framework/Versions/A/Metadata
0x00007fff3592b000 	/System/Library/Frameworks/CoreServices.framework/Versions/A/Frameworks/OSServices.framework/Versions/A/OSServices
0x00007fff35959000 	/System/Library/Frameworks/CoreServices.framework/Versions/A/Frameworks/SearchKit.framework/Versions/A/SearchKit
0x00007fff35298000 	/System/Library/Frameworks/CoreServices.framework/Versions/A/Frameworks/AE.framework/Versions/A/AE
0x00007fff35657000 	/System/Library/Frameworks/CoreServices.framework/Versions/A/Frameworks/LaunchServices.framework/Versions/A/LaunchServices
0x00007fff35600000 	/System/Library/Frameworks/CoreServices.framework/Versions/A/Frameworks/DictionaryServices.framework/Versions/A/DictionaryServices
0x00007fff359c1000 	/System/Library/Frameworks/CoreServices.framework/Versions/A/Frameworks/SharedFileList.framework/Versions/A/SharedFileList
0x00007fff3a866000 	/System/Library/Frameworks/NetFS.framework/Versions/A/NetFS
0x00007fff5b59b000 	/System/Library/PrivateFrameworks/NetAuth.framework/Versions/A/NetAuth
0x00007fff67f3f000 	/System/Library/PrivateFrameworks/login.framework/Versions/A/Frameworks/loginsupport.framework/Versions/A/loginsupport
0x00007fff64832000 	/System/Library/PrivateFrameworks/TCC.framework/Versions/A/TCC
0x00007fff4c43d000 	/System/Library/PrivateFrameworks/CoreNLP.framework/Versions/A/CoreNLP
0x00007fff5aa54000 	/System/Library/PrivateFrameworks/MetadataUtilities.framework/Versions/A/MetadataUtilities
0x00007fff6c2ae000 	/usr/lib/libmecabra.dylib
0x00007fff6c206000 	/usr/lib/libmecab.dylib
0x00007fff6be62000 	/usr/lib/libgermantok.dylib
0x00007fff6b090000 	/usr/lib/libThaiTokenizer.dylib
0x00007fff6aa96000 	/usr/lib/libChineseTokenizer.dylib
0x00007fff2fab6000 	/System/Library/Frameworks/Accelerate.framework/Versions/A/Frameworks/vImage.framework/Versions/A/vImage
0x00007fff30f84000 	/System/Library/Frameworks/Accelerate.framework/Versions/A/Frameworks/vecLib.framework/Versions/A/vecLib
0x00007fff30e05000 	/System/Library/Frameworks/Accelerate.framework/Versions/A/Frameworks/vecLib.framework/Versions/A/libvMisc.dylib
0x00007fff30c72000 	/System/Library/Frameworks/Accelerate.framework/Versions/A/Frameworks/vecLib.framework/Versions/A/libvDSP.dylib
0x00007fff30352000 	/System/Library/Frameworks/Accelerate.framework/Versions/A/Frameworks/vecLib.framework/Versions/A/libBLAS.dylib
0x00007fff3082a000 	/System/Library/Frameworks/Accelerate.framework/Versions/A/Frameworks/vecLib.framework/Versions/A/libLAPACK.dylib
0x00007fff30bd2000 	/System/Library/Frameworks/Accelerate.framework/Versions/A/Frameworks/vecLib.framework/Versions/A/libLinearAlgebra.dylib
0x00007fff30c5f000 	/System/Library/Frameworks/Accelerate.framework/Versions/A/Frameworks/vecLib.framework/Versions/A/libSparseBLAS.dylib
0x00007fff30be8000 	/System/Library/Frameworks/Accelerate.framework/Versions/A/Frameworks/vecLib.framework/Versions/A/libQuadrature.dylib
0x00007fff304e8000 	/System/Library/Frameworks/Accelerate.framework/Versions/A/Frameworks/vecLib.framework/Versions/A/libBNNS.dylib
0x00007fff30bee000 	/System/Library/Frameworks/Accelerate.framework/Versions/A/Frameworks/vecLib.framework/Versions/A/libSparse.dylib
0x00007fff595c8000 	/System/Library/PrivateFrameworks/LanguageModeling.framework/Versions/A/LanguageModeling
0x00007fff4bded000 	/System/Library/PrivateFrameworks/CoreEmoji.framework/Versions/A/CoreEmoji
0x00007fff596e6000 	/System/Library/PrivateFrameworks/LinguisticData.framework/Versions/A/LinguisticData
0x00007fff59697000 	/System/Library/PrivateFrameworks/Lexicon.framework/Versions/A/Lexicon
0x00007fff6b3e8000 	/usr/lib/libcmph.dylib
0x00007fff3d455000 	/System/Library/Frameworks/OpenDirectory.framework/Versions/A/Frameworks/CFOpenDirectory.framework/Versions/A/CFOpenDirectory
0x00007fff3d472000 	/System/Library/Frameworks/OpenDirectory.framework/Versions/A/OpenDirectory
0x00007fff458b5000 	/System/Library/PrivateFrameworks/APFS.framework/Versions/A/APFS
0x00007fff40b64000 	/System/Library/Frameworks/SecurityFoundation.framework/Versions/A/SecurityFoundation
0x00007fff6d4a6000 	/usr/lib/libutil.dylib
0x00007fff4d322000 	/System/Library/PrivateFrameworks/CoreServicesStore.framework/Versions/A/CoreServicesStore
0x00007fff40c1b000 	/System/Library/Frameworks/ServiceManagement.framework/Versions/A/ServiceManagement
0x00007fff48fdb000 	/System/Library/PrivateFrameworks/BackgroundTaskManagement.framework/Versions/A/BackgroundTaskManagement
0x00007fff6d5a3000 	/usr/lib/libxslt.1.dylib
0x00007fff47e7e000 	/System/Library/PrivateFrameworks/AppleSystemInfo.framework/Versions/A/AppleSystemInfo
0x00007fff36ff9000 	/System/Library/Frameworks/ImageIO.framework/Versions/A/Resources/libJPEG.dylib
0x00007fff372b8000 	/System/Library/Frameworks/ImageIO.framework/Versions/A/Resources/libTIFF.dylib
0x00007fff3729b000 	/System/Library/Frameworks/ImageIO.framework/Versions/A/Resources/libPng.dylib
0x00007fff36f3b000 	/System/Library/Frameworks/ImageIO.framework/Versions/A/Resources/libGIF.dylib
0x00007fff36f3f000 	/System/Library/Frameworks/ImageIO.framework/Versions/A/Resources/libJP2.dylib
0x00007fff372b6000 	/System/Library/Frameworks/ImageIO.framework/Versions/A/Resources/libRadiance.dylib
0x00007fff6be2b000 	/usr/lib/libexpat.1.dylib
0x00007fff47966000 	/System/Library/PrivateFrameworks/AppleJPEG.framework/Versions/A/AppleJPEG
0x00007fff50638000 	/System/Library/PrivateFrameworks/FontServices.framework/libFontParser.dylib
0x00007fff66f41000 	/System/Library/PrivateFrameworks/WatchdogClient.framework/Versions/A/WatchdogClient
0x00007fff58c23000 	/System/Library/PrivateFrameworks/IOAccelerator.framework/Versions/A/IOAccelerator
0x00007fff397c5000 	/System/Library/Frameworks/MetalPerformanceShaders.framework/Versions/A/MetalPerformanceShaders
0x00007fff553b3000 	/System/Library/PrivateFrameworks/GPUWrangler.framework/Versions/A/GPUWrangler
0x00007fff58c38000 	/System/Library/PrivateFrameworks/IOPresentment.framework/Versions/A/IOPresentment
0x00007fff4dea2000 	/System/Library/PrivateFrameworks/DSExternalDisplay.framework/Versions/A/DSExternalDisplay
0x00007fff3dde6000 	/System/Library/Frameworks/OpenGL.framework/Versions/A/Libraries/libCoreFSCache.dylib
0x00007fff39511000 	/System/Library/Frameworks/MetalPerformanceShaders.framework/Frameworks/MPSCore.framework/Versions/A/MPSCore
0x00007fff3954f000 	/System/Library/Frameworks/MetalPerformanceShaders.framework/Frameworks/MPSImage.framework/Versions/A/MPSImage
0x00007fff39616000 	/System/Library/Frameworks/MetalPerformanceShaders.framework/Frameworks/MPSNeuralNetwork.framework/Versions/A/MPSNeuralNetwork
0x00007fff395da000 	/System/Library/Frameworks/MetalPerformanceShaders.framework/Frameworks/MPSMatrix.framework/Versions/A/MPSMatrix
0x00007fff39775000 	/System/Library/Frameworks/MetalPerformanceShaders.framework/Frameworks/MPSRayIntersector.framework/Versions/A/MPSRayIntersector
0x00007fff39600000 	/System/Library/Frameworks/MetalPerformanceShaders.framework/Frameworks/MPSNDArray.framework/Versions/A/MPSNDArray
0x00007fff5aaa1000 	/System/Library/PrivateFrameworks/MetalTools.framework/Versions/A/MetalTools
0x00007fff46a8f000 	/System/Library/PrivateFrameworks/AggregateDictionary.framework/Versions/A/AggregateDictionary
0x00007fff4b835000 	/System/Library/PrivateFrameworks/CoreAnalytics.framework/Versions/A/CoreAnalytics
0x00007fff47d9d000 	/System/Library/PrivateFrameworks/AppleSauce.framework/Versions/A/AppleSauce
0x00007fff6ad52000 	/usr/lib/libIOReport.dylib
0x00007fff35ec2000 	/System/Library/Frameworks/CoreVideo.framework/Versions/A/CoreVideo
0x00007fff5682c000 	/System/Library/PrivateFrameworks/GraphVisualizer.framework/Versions/A/GraphVisualizer
0x00007fff4fb7e000 	/System/Library/PrivateFrameworks/FaceCore.framework/Versions/A/FaceCore
0x00007fff3d3fc000 	/System/Library/Frameworks/OpenCL.framework/Versions/A/OpenCL
0x00007fff6ab74000 	/usr/lib/libFosl_dynamic.dylib
0x00007fff5bfbc000 	/System/Library/PrivateFrameworks/OTSVG.framework/Versions/A/OTSVG
0x00007fff32043000 	/System/Library/Frameworks/ApplicationServices.framework/Versions/A/Frameworks/ATS.framework/Versions/A/Resources/libFontRegistry.dylib
0x00007fff50807000 	/System/Library/PrivateFrameworks/FontServices.framework/libhvf.dylib
0x00007fff3ddf1000 	/System/Library/Frameworks/OpenGL.framework/Versions/A/Libraries/libGFXShared.dylib
0x00007fff3dfcf000 	/System/Library/Frameworks/OpenGL.framework/Versions/A/Libraries/libGLU.dylib
0x00007fff3ddfa000 	/System/Library/Frameworks/OpenGL.framework/Versions/A/Libraries/libGL.dylib
0x00007fff3de05000 	/System/Library/Frameworks/OpenGL.framework/Versions/A/Libraries/libGLImage.dylib
0x00007fff3dde3000 	/System/Library/Frameworks/OpenGL.framework/Versions/A/Libraries/libCVMSPluginSupport.dylib
0x00007fff3ddec000 	/System/Library/Frameworks/OpenGL.framework/Versions/A/Libraries/libCoreVMClient.dylib
0x00007fff6c87d000 	/usr/lib/libncurses.5.4.dylib
0x00007fff31f3f000 	/System/Library/Frameworks/ApplicationServices.framework/Versions/A/Frameworks/ATS.framework/Versions/A/ATS
0x00007fff3210c000 	/System/Library/Frameworks/ApplicationServices.framework/Versions/A/Frameworks/ColorSyncLegacy.framework/Versions/A/ColorSyncLegacy
0x00007fff321aa000 	/System/Library/Frameworks/ApplicationServices.framework/Versions/A/Frameworks/HIServices.framework/Versions/A/HIServices
0x00007fff32202000 	/System/Library/Frameworks/ApplicationServices.framework/Versions/A/Frameworks/LangAnalysis.framework/Versions/A/LangAnalysis
0x00007fff32211000 	/System/Library/Frameworks/ApplicationServices.framework/Versions/A/Frameworks/PrintCore.framework/Versions/A/PrintCore
0x00007fff32257000 	/System/Library/Frameworks/ApplicationServices.framework/Versions/A/Frameworks/QD.framework/Versions/A/QD
0x00007fff32262000 	/System/Library/Frameworks/ApplicationServices.framework/Versions/A/Frameworks/SpeechSynthesis.framework/Versions/A/SpeechSynthesis
0x00007fff320dc000 	/System/Library/Frameworks/ApplicationServices.framework/Versions/A/Frameworks/ATSUI.framework/Versions/A/ATSUI
0x00007fff6bcc1000 	/usr/lib/libcups.2.dylib
0x00007fff38860000 	/System/Library/Frameworks/Kerberos.framework/Versions/A/Kerberos
0x00007fff3699e000 	/System/Library/Frameworks/GSS.framework/Versions/A/GSS
0x00007fff6cfff000 	/usr/lib/libresolv.9.dylib
0x00007fff569d9000 	/System/Library/PrivateFrameworks/Heimdal.framework/Versions/A/Heimdal
0x00007fff38873000 	/System/Library/Frameworks/Kerberos.framework/Versions/A/Libraries/libHeimdalProxy.dylib
0x00007fff6be68000 	/usr/lib/libheimdal-asn1.dylib
0x00007fff4accd000 	/System/Library/PrivateFrameworks/CommonAuth.framework/Versions/A/CommonAuth
0x00007fff47f1b000 	/System/Library/PrivateFrameworks/AssertionServices.framework/Versions/A/AssertionServices
0x00007fff48abe000 	/System/Library/PrivateFrameworks/AudioToolboxCore.framework/Versions/A/AudioToolboxCore
0x00007fff67bef000 	/System/Library/PrivateFrameworks/caulk.framework/Versions/A/caulk
0x00007fff49087000 	/System/Library/PrivateFrameworks/BaseBoard.framework/Versions/A/BaseBoard
0x00007fff6021f000 	/System/Library/PrivateFrameworks/RunningBoardServices.framework/Versions/A/RunningBoardServices
0x00007fff5d230000 	/System/Library/PrivateFrameworks/PersistentConnection.framework/Versions/A/PersistentConnection
0x00007fff5fc18000 	/System/Library/PrivateFrameworks/ProtocolBuffer.framework/Versions/A/ProtocolBuffer
0x00007fff4acf1000 	/System/Library/PrivateFrameworks/CommonUtilities.framework/Versions/A/CommonUtilities
0x00007fff49215000 	/System/Library/PrivateFrameworks/Bom.framework/Versions/A/Bom
0x00007fff6aa25000 	/usr/lib/libAudioToolboxUtility.dylib
0x00007fff48fe5000 	/System/Library/PrivateFrameworks/Backup.framework/Versions/A/Backup
0x00007fff4ddc3000 	/System/Library/PrivateFrameworks/CrashReporterSupport.framework/Versions/A/CrashReporterSupport
0x00007fff61cb1000 	/System/Library/PrivateFrameworks/Sharing.framework/Versions/A/Sharing
0x00007fff47529000 	/System/Library/PrivateFrameworks/Apple80211.framework/Versions/A/Apple80211
0x00007fff48d02000 	/System/Library/PrivateFrameworks/AuthKit.framework/Versions/A/AuthKit
0x00007fff4dad0000 	/System/Library/PrivateFrameworks/CoreUtils.framework/Versions/A/CoreUtils
0x00007fff35f07000 	/System/Library/Frameworks/CoreWLAN.framework/Versions/A/CoreWLAN
0x00007fff36b2b000 	/System/Library/Frameworks/IOBluetooth.framework/Versions/A/IOBluetooth
0x00007fff5adea000 	/System/Library/PrivateFrameworks/MobileKeyBag.framework/Versions/A/MobileKeyBag
0x00007fff4c8d5000 	/System/Library/PrivateFrameworks/CorePhoneNumbers.framework/Versions/A/CorePhoneNumbers
0x00007fff47919000 	/System/Library/PrivateFrameworks/AppleIDAuthSupport.framework/Versions/A/AppleIDAuthSupport
0x00007fff3a873000 	/System/Library/Frameworks/Network.framework/Versions/A/Network
0x00007fff59474000 	/System/Library/PrivateFrameworks/KeychainCircle.framework/Versions/A/KeychainCircle
0x00007fff33923000 	/System/Library/Frameworks/CoreBluetooth.framework/Versions/A/CoreBluetooth
0x00007fff63d30000 	/System/Library/PrivateFrameworks/SpeechRecognitionCore.framework/Versions/A/SpeechRecognitionCore
0x000000010ae00000 	/Library/Java/JavaVirtualMachines/jdk-15.0.2.jdk/Contents/Home/lib/server/libjvm.dylib
0x000000010a4eb000 	/Library/Java/JavaVirtualMachines/jdk-15.0.2.jdk/Contents/Home/lib/libjimage.dylib
0x000000010a541000 	/Library/Java/JavaVirtualMachines/jdk-15.0.2.jdk/Contents/Home/lib/libjava.dylib
0x000000010a5cc000 	/Library/Java/JavaVirtualMachines/jdk-15.0.2.jdk/Contents/Home/lib/libnio.dylib
0x000000010a5e0000 	/Library/Java/JavaVirtualMachines/jdk-15.0.2.jdk/Contents/Home/lib/libnet.dylib
0x0000000118c96000 	/Library/Java/JavaVirtualMachines/jdk-15.0.2.jdk/Contents/Home/lib/libzip.dylib
0x0000000118ca4000 	/private/var/folders/lp/kb7w61qx3zl0b5hr1z25xzb00000gn/T/lwjgluser/3.2.3-build-13/liblwjgl.dylib
0x0000000118ccc000 	/private/var/folders/lp/kb7w61qx3zl0b5hr1z25xzb00000gn/T/lwjgluser/3.2.3-build-13/libglfw.dylib
0x00007fff4d2ee000 	/System/Library/PrivateFrameworks/CoreServicesInternal.framework/Versions/A/CoreServicesInternal
0x00007fff36426000 	/System/Library/Frameworks/FileProvider.framework/Versions/A/FileProvider
0x00007fff30f85000 	/System/Library/Frameworks/Accounts.framework/Versions/A/Accounts
0x00007fff556d8000 	/System/Library/PrivateFrameworks/GenerationalStorage.framework/Versions/A/GenerationalStorage
0x00007fff4d875000 	/System/Library/PrivateFrameworks/CoreSymbolication.framework/Versions/A/CoreSymbolication
0x00007fff64572000 	/System/Library/PrivateFrameworks/SymptomDiagnosticReporter.framework/Versions/A/SymptomDiagnosticReporter
0x00007fff4702d000 	/System/Library/PrivateFrameworks/AppContainer.framework/Versions/A/AppContainer
0x00007fff6d019000 	/usr/lib/libsandbox.1.dylib
0x00007fff65ee4000 	/System/Library/PrivateFrameworks/UserManagement.framework/Versions/A/UserManagement
0x00007fff49dd1000 	/System/Library/PrivateFrameworks/ChunkingLibrary.framework/Versions/A/ChunkingLibrary
0x00007fff4dff7000 	/System/Library/PrivateFrameworks/DebugSymbols.framework/Versions/A/DebugSymbols
0x00007fff4709f000 	/System/Library/PrivateFrameworks/AppSandbox.framework/Versions/A/AppSandbox
0x00007fff61b3b000 	/System/Library/PrivateFrameworks/SecCodeWrapper.framework/Versions/A/SecCodeWrapper
0x00007fff6ae3a000 	/usr/lib/libMatch.1.dylib
0x00007fff2fa9e000 	/System/Library/Frameworks/Accelerate.framework/Versions/A/Frameworks/vImage.framework/Versions/A/Libraries/libCGInterfaces.dylib
0x00007fff5076f000 	/System/Library/PrivateFrameworks/FontServices.framework/libTrueTypeScaler.dylib


VM Arguments:
jvm_args: -Dfile.encoding=UTF-8 -Duser.country=CZ -Duser.language=en -Duser.variant 
java_command: cz.educanet.Main
java_class_path (initial): /Users/user/Documents/GitHub/DVDSaver/build/classes/java/main:/Users/user/Documents/GitHub/DVDSaver/build/resources/main:/Users/user/.gradle/caches/modules-2/files-2.1/org.lwjgl/lwjgl-assimp/3.2.3/f62aa07a20afbdd3097efc296c4841e0d29700eb/lwjgl-assimp-3.2.3.jar:/Users/user/.gradle/caches/modules-2/files-2.1/org.lwjgl/lwjgl-assimp/3.2.3/6efe40673c59667d5eb759c5a77e53e0f5abdb31/lwjgl-assimp-3.2.3-natives-macos.jar:/Users/user/.gradle/caches/modules-2/files-2.1/org.lwjgl/lwjgl-glfw/3.2.3/5e520d5c290c8b012545a8d34fa5db5ab051ea53/lwjgl-glfw-3.2.3.jar:/Users/user/.gradle/caches/modules-2/files-2.1/org.lwjgl/lwjgl-glfw/3.2.3/58661272eacb9116336c88b4aadccf1f17c09b/lwjgl-glfw-3.2.3-natives-macos.jar:/Users/user/.gradle/caches/modules-2/files-2.1/org.lwjgl/lwjgl-openal/3.2.3/106742e805803ab9eab8e343f0fb31a3d263903c/lwjgl-openal-3.2.3.jar:/Users/user/.gradle/caches/modules-2/files-2.1/org.lwjgl/lwjgl-openal/3.2.3/67ddd2a090589dfe6c4659d7f8b125b43f7b822b/lwjgl-openal-3.2.3-natives-macos.jar:/Users/user/.gradle/caches/modules-2/files-2.1/org.lwjgl/lwjgl-opengl/3.2.3/bdd534a323d0c8f54969b95e424b6ac8984f7d6e/lwjgl-opengl-3.2.3.jar:/Users/user/.gradle/caches/modules-2/files-2.1/org.lwjgl/lwjgl-opengl/3.2.3/efa3326c11336d3e74c9c8aeceb2420328d28e6b/lwjgl-opengl-3.2.3-natives-macos.jar:/Users/user/.gradle/caches/modules-2/files-2.1/org.lwjgl/lwjgl-stb/3.2.3/40eccaa4fa86fc815f2e17946a392fb5fdcc286a/lwjgl-stb-3.2.3.jar:/Users/user/.gradle/caches/modules-2/files-2.1/org.lwjgl/lwjgl-stb/3.2.3/7eed8caff57c3f795af2e2d0049c43a6e4d56474/lwjgl-stb-3.2.3-natives-macos.jar:/Users/user/.gradle/caches/modules-2/files-2.1/org.lwjgl/lwjgl/3.2.3/17a59ba0fe8d474ec9dbe0d5db40d2cfe59c4c08/lwjgl-3.2.3.jar:/Users/user/.gradle/caches/modules-2/files-2.1/org.lwjgl/lwjgl/3.2.3/35f506c5d368017a3cc5590da3d6d3a0760fb606/lwjgl-3.2.3-natives-macos.jar:/Users/user/.gradle/caches/modules-2/files-2.1/org.joml/joml/1.10.0/a29b8bf72dc1478e9ceea256db214188da94f313/joml-1.10.0.jar
Launcher Type: SUN_STANDARD

[Global flags]
     intx CICompilerCount                          = 3                                         {product} {ergonomic}
     uint ConcGCThreads                            = 1                                         {product} {ergonomic}
     uint G1ConcRefinementThreads                  = 4                                         {product} {ergonomic}
   size_t G1HeapRegionSize                         = 1048576                                   {product} {ergonomic}
    uintx GCDrainStackTargetSize                   = 64                                        {product} {ergonomic}
   size_t InitialHeapSize                          = 134217728                                 {product} {ergonomic}
   size_t MarkStackSize                            = 4194304                                   {product} {ergonomic}
   size_t MaxHeapSize                              = 2147483648                                {product} {ergonomic}
   size_t MaxNewSize                               = 1287651328                                {product} {ergonomic}
   size_t MinHeapDeltaBytes                        = 1048576                                   {product} {ergonomic}
   size_t MinHeapSize                              = 8388608                                   {product} {ergonomic}
    uintx NonNMethodCodeHeapSize                   = 5832780                                {pd product} {ergonomic}
    uintx NonProfiledCodeHeapSize                  = 122912730                              {pd product} {ergonomic}
    uintx ProfiledCodeHeapSize                     = 122912730                              {pd product} {ergonomic}
    uintx ReservedCodeCacheSize                    = 251658240                              {pd product} {ergonomic}
     bool SegmentedCodeCache                       = true                                      {product} {ergonomic}
   size_t SoftMaxHeapSize                          = 2147483648                             {manageable} {ergonomic}
     bool UseCompressedClassPointers               = true                                 {lp64_product} {ergonomic}
     bool UseCompressedOops                        = true                                 {lp64_product} {ergonomic}
     bool UseG1GC                                  = true                                      {product} {ergonomic}
     bool UseNUMA                                  = false                                     {product} {ergonomic}
     bool UseNUMAInterleaving                      = false                                     {product} {ergonomic}

Logging:
Log output configuration:
 #0: stdout all=warning uptime,level,tags
 #1: stderr all=off uptime,level,tags

Environment Variables:
PATH=/usr/local/bin:/usr/bin:/bin:/usr/sbin:/sbin:/usr/local/share/dotnet:~/.dotnet/tools:/Library/Apple/usr/bin:/Library/Frameworks/Mono.framework/Versions/Current/Commands
SHELL=/bin/zsh
LC_CTYPE=en_US.UTF-8

Signal Handlers:
SIGSEGV: [libjvm.dylib+0x9ff2f0], sa_mask[0]=11111111011111110111111111111111, sa_flags=SA_ONSTACK|SA_RESTART|SA_SIGINFO
SIGBUS: [libjvm.dylib+0x9ff2f0], sa_mask[0]=11111111011111110111111111111111, sa_flags=SA_RESTART|SA_SIGINFO
SIGFPE: [libjvm.dylib+0x9ff2f0], sa_mask[0]=11111111011111110111111111111111, sa_flags=SA_RESTART|SA_SIGINFO
SIGPIPE: [libjvm.dylib+0x82ae30], sa_mask[0]=11111111011111110111111111111111, sa_flags=SA_RESTART|SA_SIGINFO
SIGXFSZ: [libjvm.dylib+0x82ae30], sa_mask[0]=11111111011111110111111111111111, sa_flags=SA_RESTART|SA_SIGINFO
SIGILL: [libjvm.dylib+0x9ff2f0], sa_mask[0]=11111111011111110111111111111111, sa_flags=SA_RESTART|SA_SIGINFO
SIGUSR2: [libjvm.dylib+0x82b940], sa_mask[0]=00100000000000000000000000000000, sa_flags=SA_RESTART|SA_SIGINFO
SIGHUP: [libjvm.dylib+0x82a040], sa_mask[0]=11111111011111110111111111111111, sa_flags=SA_RESTART|SA_SIGINFO
SIGINT: [libjvm.dylib+0x82a040], sa_mask[0]=11111111011111110111111111111111, sa_flags=SA_RESTART|SA_SIGINFO
SIGTERM: [libjvm.dylib+0x82a040], sa_mask[0]=11111111011111110111111111111111, sa_flags=SA_RESTART|SA_SIGINFO
SIGQUIT: [libjvm.dylib+0x82a040], sa_mask[0]=11111111011111110111111111111111, sa_flags=SA_RESTART|SA_SIGINFO


---------------  S Y S T E M  ---------------

OS:uname: Darwin 19.6.0 Darwin Kernel Version 19.6.0: Mon Apr 12 20:57:45 PDT 2021; root:xnu-6153.141.28.1~1/RELEASE_X86_64 x86_64
OS uptime: 0 days 0:10 hours
rlimit (soft/hard): STACK 8192k/65532k , CORE 0k/infinity , NPROC 1392/2088 , NOFILE 10240/infinity , AS infinity/infinity , CPU infinity/infinity , DATA infinity/infinity , FSIZE infinity/infinity , MEMLOCK infinity/infinity , RSS infinity/infinity
load average: 2.32 6.55 6.44

CPU: total 4 (initial active 4) (2 cores per cpu, 2 threads per core) family 6 model 58 stepping 9 microcode 0x21, cmov, cx8, fxsr, mmx, sse, sse2, sse3, ssse3, sse4.1, sse4.2, popcnt, vzeroupper, avx, aes, clmul, erms, ht, tsc, tscinvbit, tscinv, clflush

Memory: 4k page, physical 8388608k(187128k free), swap 0k(0k free)

vm_info: Java HotSpot(TM) 64-Bit Server VM (15.0.2+7-27) for bsd-amd64 JRE (15.0.2+7-27), built on Dec  7 2020 20:08:32 by "mach5one" with clang 4.2.1 Compatible Apple LLVM 10.0.0 (clang-1000.11.45.5)

END.
